[Licensing::Module] Trying to connect to existing licensing client channel...
[Licensing::IpcConnector] Successfully connected to: "LicenseClient-dimit" at "2026-01-25T12:55:21.9973122Z"
Built from '6000.3/staging' branch; Version is '6000.3.3f1 (ef04196de0d6) revision 15664153'; Using compiler version '194234433'; Build Type 'Release'
OS: 'Windows 11  (10.0.26200) 64bit Core' Language: 'es' Physical Memory: 16085 MB
BatchMode: 1, IsHumanControllingUs: 0, StartBugReporterOnCrash: 0, Is64bit: 1
Date: 2026-01-25T12:55:21Z

COMMAND LINE ARGUMENTS:
C:\Program Files\Unity\Hub\Editor\6000.3.3f1\Editor\Unity.exe
-adb2
-batchMode
-noUpm
-name
AssetImportWorker3
-projectPath
C:/Users/dimit/Desktop/unity1/PlatformerGame/Assets
-logFile
Logs/AssetImportWorker3.log
-srvPort
54816
-job-worker-count
7
-background-job-worker-count
8
-gc-helper-count
1
-name
AssetImport
Successfully changed project path to: C:/Users/dimit/Desktop/unity1/PlatformerGame/Assets
C:/Users/dimit/Desktop/unity1/PlatformerGame/Assets
[UnityMemory] Configuration Parameters - Can be set up in boot.config
    "memorysetup-temp-allocator-size-nav-mesh-worker=65536"
    "memorysetup-temp-allocator-size-audio-worker=65536"
    "memorysetup-temp-allocator-size-gfx=262144"
    "memorysetup-allocator-temp-initial-block-size-main=262144"
    "memorysetup-allocator-temp-initial-block-size-worker=262144"
    "memorysetup-temp-allocator-size-background-worker=32768"
    "memorysetup-temp-allocator-size-job-worker=262144"
    "memorysetup-temp-allocator-size-preload-manager=33554432"
    "memorysetup-temp-allocator-size-gi-baking-worker=262144"
    "memorysetup-temp-allocator-size-gi-baking-worker=262144"
    "memorysetup-temp-allocator-size-gi-baking-worker=262144"
    "memorysetup-temp-allocator-size-gi-baking-worker=262144"
    "memorysetup-temp-allocator-size-gi-baking-worker=262144"
    "memorysetup-bucket-allocator-granularity=16"
    "memorysetup-bucket-allocator-bucket-count=8"
    "memorysetup-bucket-allocator-block-size=33554432"
    "memorysetup-bucket-allocator-block-count=8"
    "memorysetup-main-allocator-block-size=16777216"
    "memorysetup-thread-allocator-block-size=16777216"
    "memorysetup-gfx-main-allocator-block-size=16777216"
    "memorysetup-gfx-thread-allocator-block-size=16777216"
    "memorysetup-cache-allocator-block-size=4194304"
    "memorysetup-typetree-allocator-block-size=2097152"
    "memorysetup-profiler-bucket-allocator-granularity=16"
    "memorysetup-profiler-bucket-allocator-bucket-count=8"
    "memorysetup-profiler-bucket-allocator-block-size=33554432"
    "memorysetup-profiler-bucket-allocator-block-count=8"
    "memorysetup-profiler-allocator-block-size=16777216"
    "memorysetup-profiler-editor-allocator-block-size=1048576"
    "memorysetup-temp-allocator-size-main=16777216"
    "memorysetup-job-temp-allocator-block-size=2097152"
    "memorysetup-job-temp-allocator-block-size-background=1048576"
    "memorysetup-job-temp-allocator-reduction-small-platforms=262144"
    "memorysetup-temp-allocator-size-cloud-worker=32768"
Player connection [18336]  Target information:

Player connection [18336]  * "[IP] 192.168.1.28 [Port] 0 [Flags] 2 [Guid] 3584929459 [EditorId] 3584929459 [Version] 1048832 [Id] WindowsEditor(7,MSIKATANA) [Debug] 1 [PackageName] WindowsEditor [ProjectName] Editor" 

Player connection [18336] Host joined multi-casting on [225.0.0.222:54997]...
Player connection [18336] Host joined alternative multi-casting on [225.0.0.222:34997]...
JobSystem: Creating JobQueue using job-worker-count value 7
Input System module state changed to: Initialized.
[Physics::Module] Initialized fallback backend.
[Physics::Module] Id: 0xdecafbad
Library Redirect Path: Library/
[Physics::Module] Selected backend.
[Physics::Module] Name: PhysX
[Physics::Module] Id: 0xf2b8ea05
[Physics::Module] SDK Version: 4.1.2
[Physics::Module] Integration Version: 1.0.0
[Physics::Module] Threading Mode: Multi-Threaded
Refreshing native plugins compatible for Editor in 0.00 ms, found 0 plugins.
Preloading 0 native plugins for Editor in 0.00 ms.
Initialize engine version: 6000.3.3f1 (ef04196de0d6)
[Subsystems] Discovering subsystems at path C:/Program Files/Unity/Hub/Editor/6000.3.3f1/Editor/Data/Resources/UnitySubsystems
[Subsystems] Discovering subsystems at path C:/Users/dimit/Desktop/unity1/PlatformerGame/Assets/Assets
GfxDevice: creating device client; kGfxThreadingModeNonThreaded
Direct3D:
    Version:  Direct3D 11.0 [level 11.1]
    Renderer: NVIDIA GeForce RTX 3050 Ti Laptop GPU (ID=0x25a0)
    Vendor:   NVIDIA
    VRAM:     3962 MB
    Driver:   32.0.15.9159
Initialize mono
Mono path[0] = 'C:/Program Files/Unity/Hub/Editor/6000.3.3f1/Editor/Data/Managed'
Mono path[1] = 'C:/Program Files/Unity/Hub/Editor/6000.3.3f1/Editor/Data/MonoBleedingEdge/lib/mono/unityjit-win32'
Mono config path = 'C:/Program Files/Unity/Hub/Editor/6000.3.3f1/Editor/Data/MonoBleedingEdge/etc'
Using monoOptions --debugger-agent=transport=dt_socket,embedding=1,server=y,suspend=n,address=127.0.0.1:56924
Begin MonoManager ReloadAssembly
Registering precompiled unity dll's ...
Register platform support module: C:/Program Files/Unity/Hub/Editor/6000.3.3f1/Editor/Data/PlaybackEngines/WebGLSupport/UnityEditor.WebGL.Extensions.dll
Register platform support module: C:/Program Files/Unity/Hub/Editor/6000.3.3f1/Editor/Data/PlaybackEngines/WindowsStandaloneSupport/UnityEditor.WindowsStandalone.Extensions.dll
[Licensing::Module] Licensing is not yet initialized.
[Licensing::Client] Handshaking with LicensingClient:
  Version:                 1.17.4+4293ba1
  Session Id:              f94718d88a5648ac8d928ec80416f62f
  Correlation Id:          4b519f8aeb51f96c37e86b638b742d0f
  External correlation Id: 1561892147342713948
  Machine Id:              bo3Rc4WUyWZAhL34mPMHhIB9F58=
[Licensing::Module] Successfully connected to LicensingClient on channel: "LicenseClient-dimit" (connect: 0.00s, validation: 0.00s, handshake: 1.24s)
[Licensing::IpcConnector] Successfully connected to: "LicenseClient-dimit-notifications" at "2026-01-25T12:55:23.2363653Z"
[Licensing::Module] Licensing Background thread has ended after 1.24s
[Licensing::Module] Licensing is initialized (took 0.12s).
[Licensing::Client] Successfully resolved entitlement details
[Licensing::Module] License group:
  Id: 6872540394316-UnityPersXXXX
  Product: Unity Personal
  Type: Assigned
  Expiration: Unlimited
Register platform support module: C:/Program Files/Unity/Hub/Editor/6000.3.3f1/Editor/Data/PlaybackEngines/AndroidPlayer/UnityEditor.Android.Extensions.dll
[Licensing::Client] Successfully resolved entitlement details
Register platform support module: C:/Program Files/Unity/Hub/Editor/6000.3.3f1/Editor/Data/PlaybackEngines/iOSSupport/UnityEditor.iOS.Extensions.dll
Registered in 0.131383 seconds.
- Loaded All Assemblies, in  0.748 seconds
Native extension for iOS target not found
Native extension for Android target not found
Android Extension - Scanning For ADB Devices 307 ms
Native extension for WindowsStandalone target not found
Native extension for WebGL target not found
Mono: successfully reloaded assembly
- Finished resetting the current domain, in  1.030 seconds
Domain Reload Profiling: 1776ms
	BeginReloadAssembly (208ms)
		ExecutionOrderSort (0ms)
		DisableScriptedObjects (0ms)
		BackupInstance (0ms)
		ReleaseScriptingObjects (0ms)
		CreateAndSetChildDomain (1ms)
	RebuildCommonClasses (80ms)
	RebuildNativeTypeToScriptingClass (25ms)
	initialDomainReloadingComplete (192ms)
	LoadAllAssembliesAndSetupDomain (240ms)
		LoadAssemblies (203ms)
		RebuildTransferFunctionScriptingTraits (0ms)
		AnalyzeDomain (235ms)
			TypeCache.Refresh (232ms)
				TypeCache.ScanAssembly (216ms)
			BuildScriptInfoCaches (0ms)
			ResolveRequiredComponents (1ms)
	FinalizeReload (1031ms)
		ReleaseScriptCaches (0ms)
		RebuildScriptCaches (0ms)
		SetupLoadedEditorAssemblies (985ms)
			LogAssemblyErrors (0ms)
			InitializePlatformSupportModulesInManaged (435ms)
			SetLoadedEditorAssemblies (9ms)
			BeforeProcessingInitializeOnLoad (214ms)
			ProcessInitializeOnLoadAttributes (237ms)
			ProcessInitializeOnLoadMethodAttributes (90ms)
			AfterProcessingInitializeOnLoad (0ms)
			EditorAssembliesLoaded (0ms)
		ExecutionOrderSort2 (0ms)
		AwakeInstancesAfterBackupRestoration (0ms)
========================================================================
Worker process is ready to serve import requests
Import Worker Mode flag is 0x00
Begin MonoManager ReloadAssembly
[Licensing::Client] Successfully resolved entitlement details
- Loaded All Assemblies, in  0.308 seconds
Refreshing native plugins compatible for Editor in 0.00 ms, found 0 plugins.
Native extension for iOS target not found
Native extension for Android target not found
Native extension for WindowsStandalone target not found
Native extension for WebGL target not found
Mono: successfully reloaded assembly
- Finished resetting the current domain, in  0.461 seconds
Domain Reload Profiling: 767ms
	BeginReloadAssembly (192ms)
		ExecutionOrderSort (0ms)
		DisableScriptedObjects (7ms)
		BackupInstance (0ms)
		ReleaseScriptingObjects (0ms)
		CreateAndSetChildDomain (35ms)
	RebuildCommonClasses (39ms)
	RebuildNativeTypeToScriptingClass (15ms)
	initialDomainReloadingComplete (27ms)
	LoadAllAssembliesAndSetupDomain (33ms)
		LoadAssemblies (106ms)
		RebuildTransferFunctionScriptingTraits (0ms)
		AnalyzeDomain (26ms)
			TypeCache.Refresh (22ms)
				TypeCache.ScanAssembly (11ms)
			BuildScriptInfoCaches (1ms)
			ResolveRequiredComponents (0ms)
	FinalizeReload (461ms)
		ReleaseScriptCaches (0ms)
		RebuildScriptCaches (0ms)
		SetupLoadedEditorAssemblies (347ms)
			LogAssemblyErrors (0ms)
			InitializePlatformSupportModulesInManaged (12ms)
			SetLoadedEditorAssemblies (4ms)
			BeforeProcessingInitializeOnLoad (118ms)
			ProcessInitializeOnLoadAttributes (163ms)
			ProcessInitializeOnLoadMethodAttributes (44ms)
			AfterProcessingInitializeOnLoad (6ms)
			EditorAssembliesLoaded (0ms)
		ExecutionOrderSort2 (0ms)
		AwakeInstancesAfterBackupRestoration (7ms)
Launched and connected shader compiler UnityShaderCompiler.exe after 0.01 seconds
Refreshing native plugins compatible for Editor in 0.00 ms, found 0 plugins.
Preloading 0 native plugins for Editor in 0.00 ms.
Unloading 0 Unused Serialized files (Serialized files now loaded: 0)
Unloading 64 unused Assets / (28.5 KB). Loaded Objects now: 655.
Memory consumption went from 64.1 MB to 64.0 MB.
Total: 4.633900 ms (FindLiveObjects: 0.064800 ms CreateObjectMapping: 0.014600 ms MarkObjects: 4.475500 ms  DeleteObjects: 0.078200 ms)

========================================================================
Received Import Request.
  Time since last request: 248091.592202 seconds.
  path: Assets/kenney_platformer-pack-industrial/Spritesheet/platformerPack_industrial_tilesheet_60.asset
  artifactKey: Guid(f5ac9c276519f404c8369d6913915fbf) Importer(2089858483,b0f066a214c2f5e87bad3c948f4d605d)
Start importing Assets/kenney_platformer-pack-industrial/Spritesheet/platformerPack_industrial_tilesheet_60.asset using Guid(f5ac9c276519f404c8369d6913915fbf) Importer(2089858483,b0f066a214c2f5e87bad3c948f4d605d) (ScriptedImporter) -> (artifact id: '5b0e22bf32991a255268789f9549c832') in 0.1214871 seconds
Number of updated asset objects reloaded before import = 0Number of asset objects unloaded after import = 2

========================================================================
Received Import Request.
  Time since last request: 0.000020 seconds.
  path: Assets/kenney_platformer-pack-industrial/Spritesheet/platformerPack_industrial_tilesheet_4.asset
  artifactKey: Guid(3422822708e8c884888a7b847a506445) Importer(2089858483,b0f066a214c2f5e87bad3c948f4d605d)
Start importing Assets/kenney_platformer-pack-industrial/Spritesheet/platformerPack_industrial_tilesheet_4.asset using Guid(3422822708e8c884888a7b847a506445) Importer(2089858483,b0f066a214c2f5e87bad3c948f4d605d) (ScriptedImporter) -> (artifact id: 'db020891a996a2dfea1eedb76c734dc0') in 0.0197379 seconds
Number of updated asset objects reloaded before import = 0Number of asset objects unloaded after import = 2

========================================================================
Received Import Request.
  Time since last request: 0.000017 seconds.
  path: Assets/kenney_platformer-pack-industrial/Spritesheet/platformerPack_industrial_tilesheet_12.asset
  artifactKey: Guid(9f13f8550cfb794449f747a8f78b5e80) Importer(2089858483,b0f066a214c2f5e87bad3c948f4d605d)
Start importing Assets/kenney_platformer-pack-industrial/Spritesheet/platformerPack_industrial_tilesheet_12.asset using Guid(9f13f8550cfb794449f747a8f78b5e80) Importer(2089858483,b0f066a214c2f5e87bad3c948f4d605d) (ScriptedImporter) -> (artifact id: '1874aaf3b033bddbd2fa7f91cdf13d58') in 0.017354 seconds
Number of updated asset objects reloaded before import = 0Number of asset objects unloaded after import = 2

========================================================================
Received Import Request.
  Time since last request: 0.000019 seconds.
  path: Assets/kenney_platformer-pack-industrial/Spritesheet/platformerPack_industrial_tilesheet_106.asset
  artifactKey: Guid(8b5a1c3c7043a52418edbb426083f436) Importer(2089858483,b0f066a214c2f5e87bad3c948f4d605d)
Start importing Assets/kenney_platformer-pack-industrial/Spritesheet/platformerPack_industrial_tilesheet_106.asset using Guid(8b5a1c3c7043a52418edbb426083f436) Importer(2089858483,b0f066a214c2f5e87bad3c948f4d605d) (ScriptedImporter) -> (artifact id: '815a5a1498c1ce8f6f2384ed90c55a88') in 0.0190003 seconds
Number of updated asset objects reloaded before import = 0Number of asset objects unloaded after import = 2

========================================================================
Received Import Request.
  Time since last request: 0.000018 seconds.
  path: Assets/kenney_platformer-pack-industrial/Preview.png
  artifactKey: Guid(744d0297aa61b8a48b884562f7e24c71) Importer(2089858483,b0f066a214c2f5e87bad3c948f4d605d)
Start importing Assets/kenney_platformer-pack-industrial/Preview.png using Guid(744d0297aa61b8a48b884562f7e24c71) Importer(2089858483,b0f066a214c2f5e87bad3c948f4d605d) (ScriptedImporter) -> (artifact id: '605df3dbf27fbe3b08f45cb110637075') in 0.064584 seconds
Number of updated asset objects reloaded before import = 0Number of asset objects unloaded after import = 3

========================================================================
Received Import Request.
  Time since last request: 0.000024 seconds.
  path: Assets/kenney_platformer-pack-industrial/Spritesheet/platformerPack_industrial_tilesheet_54.asset
  artifactKey: Guid(7f25017aaa47cf54ca5395d4cd7aa786) Importer(2089858483,b0f066a214c2f5e87bad3c948f4d605d)
Start importing Assets/kenney_platformer-pack-industrial/Spritesheet/platformerPack_industrial_tilesheet_54.asset using Guid(7f25017aaa47cf54ca5395d4cd7aa786) Importer(2089858483,b0f066a214c2f5e87bad3c948f4d605d) (ScriptedImporter) -> (artifact id: '310058eb248d42f93a8b9ad3cc891af8') in 0.0163708 seconds
Number of updated asset objects reloaded before import = 0Number of asset objects unloaded after import = 2

========================================================================
Received Import Request.
  Time since last request: 0.000038 seconds.
  path: Assets/kenney_platformer-pack-industrial/Spritesheet/platformerPack_industrial_tilesheet_103.asset
  artifactKey: Guid(c17eeb4377e46da4399895721ad8aee0) Importer(2089858483,b0f066a214c2f5e87bad3c948f4d605d)
Start importing Assets/kenney_platformer-pack-industrial/Spritesheet/platformerPack_industrial_tilesheet_103.asset using Guid(c17eeb4377e46da4399895721ad8aee0) Importer(2089858483,b0f066a214c2f5e87bad3c948f4d605d) (ScriptedImporter) -> (artifact id: '8527cc2907b956842fa7d6dd960cef72') in 0.0154623 seconds
Number of updated asset objects reloaded before import = 0Number of asset objects unloaded after import = 2

========================================================================
Received Import Request.
  Time since last request: 0.000018 seconds.
  path: Assets/kenney_platformer-pack-industrial/Spritesheet/platformerPack_industrial_tilesheet_84.asset
  artifactKey: Guid(6fd0a907e5a24fd449a574fa9745703e) Importer(2089858483,b0f066a214c2f5e87bad3c948f4d605d)
Start importing Assets/kenney_platformer-pack-industrial/Spritesheet/platformerPack_industrial_tilesheet_84.asset using Guid(6fd0a907e5a24fd449a574fa9745703e) Importer(2089858483,b0f066a214c2f5e87bad3c948f4d605d) (ScriptedImporter) -> (artifact id: '3bf617657dbc54169f9c17395883a22c') in 0.0171308 seconds
Number of updated asset objects reloaded before import = 0Number of asset objects unloaded after import = 2

========================================================================
Received Import Request.
  Time since last request: 0.000022 seconds.
  path: Assets/kenney_platformer-pack-industrial/Vector/platformerPack_industrial_vector.swf
  artifactKey: Guid(909b95d09323e674aa28c3645171e2dd) Importer(2089858483,b0f066a214c2f5e87bad3c948f4d605d)
Start importing Assets/kenney_platformer-pack-industrial/Vector/platformerPack_industrial_vector.swf using Guid(909b95d09323e674aa28c3645171e2dd) Importer(2089858483,b0f066a214c2f5e87bad3c948f4d605d) (ScriptedImporter) -> (artifact id: '1a42989015eef9bac6975397bca0d21a') in 0.0176223 seconds
Number of updated asset objects reloaded before import = 0Number of asset objects unloaded after import = 1

========================================================================
Received Import Request.
  Time since last request: 0.000018 seconds.
  path: Assets/kenney_platformer-pack-industrial/Spritesheet/platformerPack_industrial_tilesheet_98.asset
  artifactKey: Guid(dff706b8bb6fdd54b9b978b16163e373) Importer(2089858483,b0f066a214c2f5e87bad3c948f4d605d)
Start importing Assets/kenney_platformer-pack-industrial/Spritesheet/platformerPack_industrial_tilesheet_98.asset using Guid(dff706b8bb6fdd54b9b978b16163e373) Importer(2089858483,b0f066a214c2f5e87bad3c948f4d605d) (ScriptedImporter) -> (artifact id: 'b021f49413dff00a28166957d470dcb2') in 0.018989 seconds
Number of updated asset objects reloaded before import = 0Number of asset objects unloaded after import = 2

========================================================================
Received Import Request.
  Time since last request: 0.000019 seconds.
  path: Assets/kenney_platformer-pack-industrial/Spritesheet/platformerPack_industrial_tilesheet_92.asset
  artifactKey: Guid(8142d81a578742d42b11796ff7a54af7) Importer(2089858483,b0f066a214c2f5e87bad3c948f4d605d)
Start importing Assets/kenney_platformer-pack-industrial/Spritesheet/platformerPack_industrial_tilesheet_92.asset using Guid(8142d81a578742d42b11796ff7a54af7) Importer(2089858483,b0f066a214c2f5e87bad3c948f4d605d) (ScriptedImporter) -> (artifact id: 'cb009bd778c6767112ac19ebb8f17846') in 0.0172661 seconds
Number of updated asset objects reloaded before import = 0Number of asset objects unloaded after import = 2

========================================================================
Received Import Request.
  Time since last request: 0.000016 seconds.
  path: Assets/kenney_platformer-pack-industrial/Spritesheet/platformerPack_industrial_tilesheet_9.asset
  artifactKey: Guid(25ed1bce715f2624f89b5e20b8cb050a) Importer(2089858483,b0f066a214c2f5e87bad3c948f4d605d)
Start importing Assets/kenney_platformer-pack-industrial/Spritesheet/platformerPack_industrial_tilesheet_9.asset using Guid(25ed1bce715f2624f89b5e20b8cb050a) Importer(2089858483,b0f066a214c2f5e87bad3c948f4d605d) (ScriptedImporter) -> (artifact id: '9e293e24ff6bedd2872faee63bad08bf') in 0.0175869 seconds
Number of updated asset objects reloaded before import = 0Number of asset objects unloaded after import = 2

========================================================================
Received Import Request.
  Time since last request: 0.000022 seconds.
  path: Assets/kenney_platformer-pack-industrial/Spritesheet/platformerPack_industrial_tilesheet_10.asset
  artifactKey: Guid(87518d6936a21184db1fdf585af6a309) Importer(2089858483,b0f066a214c2f5e87bad3c948f4d605d)
Start importing Assets/kenney_platformer-pack-industrial/Spritesheet/platformerPack_industrial_tilesheet_10.asset using Guid(87518d6936a21184db1fdf585af6a309) Importer(2089858483,b0f066a214c2f5e87bad3c948f4d605d) (ScriptedImporter) -> (artifact id: '0e023cf095125598e82ab59f6eb285c9') in 0.0189173 seconds
Number of updated asset objects reloaded before import = 0Number of asset objects unloaded after import = 2

========================================================================
Received Import Request.
  Time since last request: 0.000022 seconds.
  path: Assets/kenney_platformer-pack-industrial/Spritesheet/platformerPack_industrial_tilesheet_13.asset
  artifactKey: Guid(2bff317e51d498546855825831102754) Importer(2089858483,b0f066a214c2f5e87bad3c948f4d605d)
Start importing Assets/kenney_platformer-pack-industrial/Spritesheet/platformerPack_industrial_tilesheet_13.asset using Guid(2bff317e51d498546855825831102754) Importer(2089858483,b0f066a214c2f5e87bad3c948f4d605d) (ScriptedImporter) -> (artifact id: '53bc80d3c107ad1d67889b7080567551') in 0.0177625 seconds
Number of updated asset objects reloaded before import = 0Number of asset objects unloaded after import = 2

========================================================================
Received Import Request.
  Time since last request: 0.000078 seconds.
  path: Assets/kenney_platformer-pack-industrial/Spritesheet/platformerPack_industrial_tilesheet_55.asset
  artifactKey: Guid(eac572cbc419c0d4faa11dd8ac2edf4d) Importer(2089858483,b0f066a214c2f5e87bad3c948f4d605d)
Start importing Assets/kenney_platformer-pack-industrial/Spritesheet/platformerPack_industrial_tilesheet_55.asset using Guid(eac572cbc419c0d4faa11dd8ac2edf4d) Importer(2089858483,b0f066a214c2f5e87bad3c948f4d605d) (ScriptedImporter) -> (artifact id: '40078feed869eb77acc138b35938d28e') in 0.0183744 seconds
Number of updated asset objects reloaded before import = 0Number of asset objects unloaded after import = 2

========================================================================
Received Import Request.
  Time since last request: 0.000039 seconds.
  path: Assets/kenney_platformer-pack-industrial/Spritesheet/platformerPack_industrial_tilesheet_65.asset
  artifactKey: Guid(bccc7ca3e168111408bc58abd9de4a7f) Importer(2089858483,b0f066a214c2f5e87bad3c948f4d605d)
Start importing Assets/kenney_platformer-pack-industrial/Spritesheet/platformerPack_industrial_tilesheet_65.asset using Guid(bccc7ca3e168111408bc58abd9de4a7f) Importer(2089858483,b0f066a214c2f5e87bad3c948f4d605d) (ScriptedImporter) -> (artifact id: '69cdf24d3fa8b89b3d3417315db9b6ee') in 0.0173675 seconds
Number of updated asset objects reloaded before import = 0Number of asset objects unloaded after import = 2

========================================================================
Received Import Request.
  Time since last request: 0.000032 seconds.
  path: Assets/kenney_platformer-pack-industrial/Spritesheet/platformerPack_industrial_tilesheet_109.asset
  artifactKey: Guid(14241e0527ddff743b340f2273ea5d67) Importer(2089858483,b0f066a214c2f5e87bad3c948f4d605d)
Start importing Assets/kenney_platformer-pack-industrial/Spritesheet/platformerPack_industrial_tilesheet_109.asset using Guid(14241e0527ddff743b340f2273ea5d67) Importer(2089858483,b0f066a214c2f5e87bad3c948f4d605d) (ScriptedImporter) -> (artifact id: '80acf66527b3538df15625020fdbd14c') in 0.0191995 seconds
Number of updated asset objects reloaded before import = 0Number of asset objects unloaded after import = 2

========================================================================
Received Import Request.
  Time since last request: 0.000021 seconds.
  path: Assets/kenney_platformer-pack-industrial/Spritesheet/platformerPack_industrial_tilesheet_74.asset
  artifactKey: Guid(5f6c89a857c4d4544bb683648c406e5f) Importer(2089858483,b0f066a214c2f5e87bad3c948f4d605d)
Start importing Assets/kenney_platformer-pack-industrial/Spritesheet/platformerPack_industrial_tilesheet_74.asset using Guid(5f6c89a857c4d4544bb683648c406e5f) Importer(2089858483,b0f066a214c2f5e87bad3c948f4d605d) (ScriptedImporter) -> (artifact id: '304f2a8abfb8b20457afa4c25086bcb0') in 0.0187263 seconds
Number of updated asset objects reloaded before import = 0Number of asset objects unloaded after import = 2

========================================================================
Received Import Request.
  Time since last request: 0.000024 seconds.
  path: Assets/kenney_platformer-pack-industrial/Spritesheet/platformerPack_industrial_tilesheet_26.asset
  artifactKey: Guid(5f01f316dc70a1f44a9e18d273673846) Importer(2089858483,b0f066a214c2f5e87bad3c948f4d605d)
Start importing Assets/kenney_platformer-pack-industrial/Spritesheet/platformerPack_industrial_tilesheet_26.asset using Guid(5f01f316dc70a1f44a9e18d273673846) Importer(2089858483,b0f066a214c2f5e87bad3c948f4d605d) (ScriptedImporter) -> (artifact id: '9c47baaa561c6ff37b5077fa92eb4ad5') in 0.0184044 seconds
Number of updated asset objects reloaded before import = 0Number of asset objects unloaded after import = 2

========================================================================
Received Import Request.
  Time since last request: 0.000046 seconds.
  path: Assets/kenney_platformer-pack-industrial/Spritesheet/platformerPack_industrial_tilesheet_45.asset
  artifactKey: Guid(1e332a3852c1df84684a1dd6edfe9afd) Importer(2089858483,b0f066a214c2f5e87bad3c948f4d605d)
Start importing Assets/kenney_platformer-pack-industrial/Spritesheet/platformerPack_industrial_tilesheet_45.asset using Guid(1e332a3852c1df84684a1dd6edfe9afd) Importer(2089858483,b0f066a214c2f5e87bad3c948f4d605d) (ScriptedImporter) -> (artifact id: '768ccd301514eaf7bf09a22eccc3e228') in 0.0157977 seconds
Number of updated asset objects reloaded before import = 0Number of asset objects unloaded after import = 2

========================================================================
Received Import Request.
  Time since last request: 0.000017 seconds.
  path: Assets/kenney_platformer-pack-industrial/Preview_KenneyNL.png
  artifactKey: Guid(a738dc14cff5b3541a4ed752215f2443) Importer(2089858483,b0f066a214c2f5e87bad3c948f4d605d)
Start importing Assets/kenney_platformer-pack-industrial/Preview_KenneyNL.png using Guid(a738dc14cff5b3541a4ed752215f2443) Importer(2089858483,b0f066a214c2f5e87bad3c948f4d605d) (ScriptedImporter) -> (artifact id: 'a19258126d28023ae5c6159ce4a2ee6a') in 0.0214624 seconds
Number of updated asset objects reloaded before import = 0Number of asset objects unloaded after import = 3

========================================================================
Received Import Request.
  Time since last request: 0.000039 seconds.
  path: Assets/kenney_platformer-pack-industrial/Spritesheet/platformIndustrial_sheet@2.xml
  artifactKey: Guid(b18a9173916584a4ab85429bbb81418e) Importer(2089858483,b0f066a214c2f5e87bad3c948f4d605d)
Start importing Assets/kenney_platformer-pack-industrial/Spritesheet/platformIndustrial_sheet@2.xml using Guid(b18a9173916584a4ab85429bbb81418e) Importer(2089858483,b0f066a214c2f5e87bad3c948f4d605d) (ScriptedImporter) -> (artifact id: 'b78921f78495605ba7ad0142f027a0c6') in 0.0113776 seconds
Number of updated asset objects reloaded before import = 0Number of asset objects unloaded after import = 1

========================================================================
Received Import Request.
  Time since last request: 0.000034 seconds.
  path: Assets/kenney_platformer-pack-industrial/Spritesheet/platformerPack_industrial_tilesheet_24.asset
  artifactKey: Guid(d570b2ba2d41425408c7dced2dcfedbc) Importer(2089858483,b0f066a214c2f5e87bad3c948f4d605d)
Start importing Assets/kenney_platformer-pack-industrial/Spritesheet/platformerPack_industrial_tilesheet_24.asset using Guid(d570b2ba2d41425408c7dced2dcfedbc) Importer(2089858483,b0f066a214c2f5e87bad3c948f4d605d) (ScriptedImporter) -> (artifact id: 'e614db7c375366f605bc25d7daee38c8') in 0.0157101 seconds
Number of updated asset objects reloaded before import = 0Number of asset objects unloaded after import = 2

========================================================================
Received Import Request.
  Time since last request: 0.000021 seconds.
  path: Assets/kenney_platformer-pack-industrial/Spritesheet/platformIndustrial_sheet.xml
  artifactKey: Guid(0e92a261fdcfe9c4baf7395f37f43b0f) Importer(2089858483,b0f066a214c2f5e87bad3c948f4d605d)
Start importing Assets/kenney_platformer-pack-industrial/Spritesheet/platformIndustrial_sheet.xml using Guid(0e92a261fdcfe9c4baf7395f37f43b0f) Importer(2089858483,b0f066a214c2f5e87bad3c948f4d605d) (ScriptedImporter) -> (artifact id: '13ec9356da6de8260caf7a1c03e6a9f0') in 0.0147405 seconds
Number of updated asset objects reloaded before import = 0Number of asset objects unloaded after import = 1

========================================================================
Received Import Request.
  Time since last request: 0.000047 seconds.
  path: Assets/kenney_platformer-pack-industrial/Spritesheet/platformerPack_industrial_tilesheet_50.asset
  artifactKey: Guid(e995a799eefc4e74183813141651cb69) Importer(2089858483,b0f066a214c2f5e87bad3c948f4d605d)
Start importing Assets/kenney_platformer-pack-industrial/Spritesheet/platformerPack_industrial_tilesheet_50.asset using Guid(e995a799eefc4e74183813141651cb69) Importer(2089858483,b0f066a214c2f5e87bad3c948f4d605d) (ScriptedImporter) -> (artifact id: '49a17e8c2bf878fec77b49794502993e') in 0.0167375 seconds
Number of updated asset objects reloaded before import = 0Number of asset objects unloaded after import = 2

========================================================================
Received Import Request.
  Time since last request: 0.000017 seconds.
  path: Assets/kenney_platformer-pack-industrial/Spritesheet/platformerPack_industrial_tilesheet_43.asset
  artifactKey: Guid(359db335dd52851408cfaab7d98df34b) Importer(2089858483,b0f066a214c2f5e87bad3c948f4d605d)
Start importing Assets/kenney_platformer-pack-industrial/Spritesheet/platformerPack_industrial_tilesheet_43.asset using Guid(359db335dd52851408cfaab7d98df34b) Importer(2089858483,b0f066a214c2f5e87bad3c948f4d605d) (ScriptedImporter) -> (artifact id: 'd7bf582bf9eb10d35c41cb42af5729d5') in 0.016633 seconds
Number of updated asset objects reloaded before import = 0Number of asset objects unloaded after import = 2

========================================================================
Received Import Request.
  Time since last request: 0.000017 seconds.
  path: Assets/kenney_platformer-pack-industrial/Spritesheet/platformerPack_industrial_tilesheet_67.asset
  artifactKey: Guid(a19991c2731b5ea45bf08637f93e4283) Importer(2089858483,b0f066a214c2f5e87bad3c948f4d605d)
Start importing Assets/kenney_platformer-pack-industrial/Spritesheet/platformerPack_industrial_tilesheet_67.asset using Guid(a19991c2731b5ea45bf08637f93e4283) Importer(2089858483,b0f066a214c2f5e87bad3c948f4d605d) (ScriptedImporter) -> (artifact id: '93d2bae3c09849c5d70354e8645b34fd') in 0.0170612 seconds
Number of updated asset objects reloaded before import = 0Number of asset objects unloaded after import = 2

========================================================================
Received Import Request.
  Time since last request: 0.000017 seconds.
  path: Assets/kenney_platformer-pack-industrial/Spritesheet/platformerPack_industrial_tilesheet_8.asset
  artifactKey: Guid(eeb3c37843cf18a46b88c0f461bdb30d) Importer(2089858483,b0f066a214c2f5e87bad3c948f4d605d)
Start importing Assets/kenney_platformer-pack-industrial/Spritesheet/platformerPack_industrial_tilesheet_8.asset using Guid(eeb3c37843cf18a46b88c0f461bdb30d) Importer(2089858483,b0f066a214c2f5e87bad3c948f4d605d) (ScriptedImporter) -> (artifact id: '1baf8b120f61470b5de4b783c05e044a') in 0.0182662 seconds
Number of updated asset objects reloaded before import = 0Number of asset objects unloaded after import = 2

========================================================================
Received Import Request.
  Time since last request: 0.000023 seconds.
  path: Assets/kenney_platformer-pack-industrial/Spritesheet/platformerPack_industrial_tilesheet_85.asset
  artifactKey: Guid(4fca3a997e5da96438b88d8ea3c77a6d) Importer(2089858483,b0f066a214c2f5e87bad3c948f4d605d)
Start importing Assets/kenney_platformer-pack-industrial/Spritesheet/platformerPack_industrial_tilesheet_85.asset using Guid(4fca3a997e5da96438b88d8ea3c77a6d) Importer(2089858483,b0f066a214c2f5e87bad3c948f4d605d) (ScriptedImporter) -> (artifact id: '8c09ec8721368febf7d3e86c74396a76') in 0.0139816 seconds
Number of updated asset objects reloaded before import = 0Number of asset objects unloaded after import = 2

========================================================================
Received Import Request.
  Time since last request: 0.000015 seconds.
  path: Assets/kenney_platformer-pack-industrial/Spritesheet/platformerPack_industrial_tilesheet_93.asset
  artifactKey: Guid(6f563855f2eac8c429adca7d3867fbc6) Importer(2089858483,b0f066a214c2f5e87bad3c948f4d605d)
Start importing Assets/kenney_platformer-pack-industrial/Spritesheet/platformerPack_industrial_tilesheet_93.asset using Guid(6f563855f2eac8c429adca7d3867fbc6) Importer(2089858483,b0f066a214c2f5e87bad3c948f4d605d) (ScriptedImporter) -> (artifact id: '7e4f702c406a1fcd336a4cf69741da08') in 0.0162036 seconds
Number of updated asset objects reloaded before import = 0Number of asset objects unloaded after import = 2

========================================================================
Received Import Request.
  Time since last request: 0.000016 seconds.
  path: Assets/kenney_platformer-pack-industrial/Spritesheet/platformerPack_industrial_tilesheet_27.asset
  artifactKey: Guid(b83a77b3ae8bd544694fa083cad2f9ca) Importer(2089858483,b0f066a214c2f5e87bad3c948f4d605d)
Start importing Assets/kenney_platformer-pack-industrial/Spritesheet/platformerPack_industrial_tilesheet_27.asset using Guid(b83a77b3ae8bd544694fa083cad2f9ca) Importer(2089858483,b0f066a214c2f5e87bad3c948f4d605d) (ScriptedImporter) -> (artifact id: '77186805e6ef03f3d95bfceec2facf32') in 0.0155908 seconds
Number of updated asset objects reloaded before import = 0Number of asset objects unloaded after import = 2

========================================================================
Received Import Request.
  Time since last request: 0.000021 seconds.
  path: Assets/kenney_platformer-pack-industrial/Spritesheet/platformerPack_industrial_tilesheet_31.asset
  artifactKey: Guid(c35c354ccdb594e49b9946ae1f641fcc) Importer(2089858483,b0f066a214c2f5e87bad3c948f4d605d)
Start importing Assets/kenney_platformer-pack-industrial/Spritesheet/platformerPack_industrial_tilesheet_31.asset using Guid(c35c354ccdb594e49b9946ae1f641fcc) Importer(2089858483,b0f066a214c2f5e87bad3c948f4d605d) (ScriptedImporter) -> (artifact id: '75ea87c9cc0b2d6c52a29058c357573e') in 0.0149825 seconds
Number of updated asset objects reloaded before import = 0Number of asset objects unloaded after import = 2

========================================================================
Received Import Request.
  Time since last request: 0.000029 seconds.
  path: Assets/kenney_platformer-pack-industrial/Spritesheet/platformerPack_industrial_tilesheet_105.asset
  artifactKey: Guid(79b5ca6f11f04c146a17c557b65f157e) Importer(2089858483,b0f066a214c2f5e87bad3c948f4d605d)
Start importing Assets/kenney_platformer-pack-industrial/Spritesheet/platformerPack_industrial_tilesheet_105.asset using Guid(79b5ca6f11f04c146a17c557b65f157e) Importer(2089858483,b0f066a214c2f5e87bad3c948f4d605d) (ScriptedImporter) -> (artifact id: '832e61e54352b6fc820d248a0d31c7b9') in 0.0172893 seconds
Number of updated asset objects reloaded before import = 0Number of asset objects unloaded after import = 2

========================================================================
Received Import Request.
  Time since last request: 0.000030 seconds.
  path: Assets/kenney_platformer-pack-industrial/Spritesheet/platformerPack_industrial_tilesheet_36.asset
  artifactKey: Guid(61d2457cbe3639e49b8bf0ce01dacbbc) Importer(2089858483,b0f066a214c2f5e87bad3c948f4d605d)
Start importing Assets/kenney_platformer-pack-industrial/Spritesheet/platformerPack_industrial_tilesheet_36.asset using Guid(61d2457cbe3639e49b8bf0ce01dacbbc) Importer(2089858483,b0f066a214c2f5e87bad3c948f4d605d) (ScriptedImporter) -> (artifact id: 'a41122e9098ebfa4344cf36274aeb5f2') in 0.0145141 seconds
Number of updated asset objects reloaded before import = 0Number of asset objects unloaded after import = 2

========================================================================
Received Import Request.
  Time since last request: 0.000019 seconds.
  path: Assets/kenney_platformer-pack-industrial/Tilesheet/Thumbs.db
  artifactKey: Guid(ad101781bf457d44eb488506e2c41606) Importer(2089858483,b0f066a214c2f5e87bad3c948f4d605d)
Start importing Assets/kenney_platformer-pack-industrial/Tilesheet/Thumbs.db using Guid(ad101781bf457d44eb488506e2c41606) Importer(2089858483,b0f066a214c2f5e87bad3c948f4d605d) (ScriptedImporter) -> (artifact id: '3bace1f15e8c6e5097e583338b8d2397') in 0.0119982 seconds
Number of updated asset objects reloaded before import = 0Number of asset objects unloaded after import = 1

========================================================================
Received Import Request.
  Time since last request: 0.020626 seconds.
  path: Assets/kenney_platformer-pack-industrial/PNG/Default size/platformIndustrial_007.png
  artifactKey: Guid(e7719b3a1f10b334c81c1a6be5574d74) Importer(2089858483,b0f066a214c2f5e87bad3c948f4d605d)
Start importing Assets/kenney_platformer-pack-industrial/PNG/Default size/platformIndustrial_007.png using Guid(e7719b3a1f10b334c81c1a6be5574d74) Importer(2089858483,b0f066a214c2f5e87bad3c948f4d605d) (ScriptedImporter) -> (artifact id: '5dea284d3ca9e084d14337a1c4dbc2dc') in 0.0171895 seconds
Number of updated asset objects reloaded before import = 0Number of asset objects unloaded after import = 3

========================================================================
Received Import Request.
  Time since last request: 0.000022 seconds.
  path: Assets/kenney_platformer-pack-industrial/PNG/Default size/platformIndustrial_090.png
  artifactKey: Guid(2050514f635a8d944bdea65ca1ead37b) Importer(2089858483,b0f066a214c2f5e87bad3c948f4d605d)
Start importing Assets/kenney_platformer-pack-industrial/PNG/Default size/platformIndustrial_090.png using Guid(2050514f635a8d944bdea65ca1ead37b) Importer(2089858483,b0f066a214c2f5e87bad3c948f4d605d) (ScriptedImporter) -> (artifact id: '8f375de82a2c3255716fa68aa94a833b') in 0.0208186 seconds
Number of updated asset objects reloaded before import = 0Number of asset objects unloaded after import = 3

========================================================================
Received Import Request.
  Time since last request: 0.000018 seconds.
  path: Assets/kenney_platformer-pack-industrial/PNG/Default size/platformIndustrial_061.png
  artifactKey: Guid(46b98365a2d19df478e6950b569fe368) Importer(2089858483,b0f066a214c2f5e87bad3c948f4d605d)
Start importing Assets/kenney_platformer-pack-industrial/PNG/Default size/platformIndustrial_061.png using Guid(46b98365a2d19df478e6950b569fe368) Importer(2089858483,b0f066a214c2f5e87bad3c948f4d605d) (ScriptedImporter) -> (artifact id: '922a5f5a11df81ef12152fd81afd7928') in 0.0193439 seconds
Number of updated asset objects reloaded before import = 0Number of asset objects unloaded after import = 3

========================================================================
Received Import Request.
  Time since last request: 0.000022 seconds.
  path: Assets/kenney_platformer-pack-industrial/PNG/Default size/platformIndustrial_087.png
  artifactKey: Guid(8164ba76c3661a944b678e60a309bfa4) Importer(2089858483,b0f066a214c2f5e87bad3c948f4d605d)
Start importing Assets/kenney_platformer-pack-industrial/PNG/Default size/platformIndustrial_087.png using Guid(8164ba76c3661a944b678e60a309bfa4) Importer(2089858483,b0f066a214c2f5e87bad3c948f4d605d) (ScriptedImporter) -> (artifact id: '0ceb8df4a77dc146baca6338db0004f1') in 0.0199984 seconds
Number of updated asset objects reloaded before import = 0Number of asset objects unloaded after import = 3

========================================================================
Received Import Request.
  Time since last request: 0.000016 seconds.
  path: Assets/kenney_platformer-pack-industrial/PNG/Default size/platformIndustrial_054.png
  artifactKey: Guid(b06b5f66ec6f0fa478bdce542fc8046a) Importer(2089858483,b0f066a214c2f5e87bad3c948f4d605d)
Start importing Assets/kenney_platformer-pack-industrial/PNG/Default size/platformIndustrial_054.png using Guid(b06b5f66ec6f0fa478bdce542fc8046a) Importer(2089858483,b0f066a214c2f5e87bad3c948f4d605d) (ScriptedImporter) -> (artifact id: 'b84ef1096edc5b60ef5e4fbad776ca46') in 0.0212349 seconds
Number of updated asset objects reloaded before import = 0Number of asset objects unloaded after import = 3

========================================================================
Received Import Request.
  Time since last request: 0.000023 seconds.
  path: Assets/kenney_platformer-pack-industrial/PNG/Default size/platformIndustrial_092.png
  artifactKey: Guid(18ef1cad5339efa47ad637d3f424b584) Importer(2089858483,b0f066a214c2f5e87bad3c948f4d605d)
Start importing Assets/kenney_platformer-pack-industrial/PNG/Default size/platformIndustrial_092.png using Guid(18ef1cad5339efa47ad637d3f424b584) Importer(2089858483,b0f066a214c2f5e87bad3c948f4d605d) (ScriptedImporter) -> (artifact id: '6a65b6715a78f7303656fe68fd7fbb36') in 0.0196143 seconds
Number of updated asset objects reloaded before import = 0Number of asset objects unloaded after import = 3

========================================================================
Received Import Request.
  Time since last request: 0.000021 seconds.
  path: Assets/kenney_platformer-pack-industrial/PNG/Default size/platformIndustrial_020.png
  artifactKey: Guid(3c8a0641cebb48a438f76b0f5438810d) Importer(2089858483,b0f066a214c2f5e87bad3c948f4d605d)
Start importing Assets/kenney_platformer-pack-industrial/PNG/Default size/platformIndustrial_020.png using Guid(3c8a0641cebb48a438f76b0f5438810d) Importer(2089858483,b0f066a214c2f5e87bad3c948f4d605d) (ScriptedImporter) -> (artifact id: '6f8168027d25d8bddc5509802ce4d2f6') in 0.0203883 seconds
Number of updated asset objects reloaded before import = 0Number of asset objects unloaded after import = 3

========================================================================
Received Import Request.
  Time since last request: 0.000017 seconds.
  path: Assets/kenney_platformer-pack-industrial/PNG/Default size/platformIndustrial_032.png
  artifactKey: Guid(d81b92966f545fa4e9daa6906f55357b) Importer(2089858483,b0f066a214c2f5e87bad3c948f4d605d)
Start importing Assets/kenney_platformer-pack-industrial/PNG/Default size/platformIndustrial_032.png using Guid(d81b92966f545fa4e9daa6906f55357b) Importer(2089858483,b0f066a214c2f5e87bad3c948f4d605d) (ScriptedImporter) -> (artifact id: '0dde1d2367c0f2937c0969f0c7e673b8') in 0.019433 seconds
Number of updated asset objects reloaded before import = 0Number of asset objects unloaded after import = 3

========================================================================
Received Import Request.
  Time since last request: 0.000018 seconds.
  path: Assets/kenney_platformer-pack-industrial/PNG/Default size/platformIndustrial_091.png
  artifactKey: Guid(872db0fd7e037c44494997ad2a2350a9) Importer(2089858483,b0f066a214c2f5e87bad3c948f4d605d)
Start importing Assets/kenney_platformer-pack-industrial/PNG/Default size/platformIndustrial_091.png using Guid(872db0fd7e037c44494997ad2a2350a9) Importer(2089858483,b0f066a214c2f5e87bad3c948f4d605d) (ScriptedImporter) -> (artifact id: '3480ee396872f198bc3b8bb74a7b49c5') in 0.0188823 seconds
Number of updated asset objects reloaded before import = 0Number of asset objects unloaded after import = 3

========================================================================
Received Import Request.
  Time since last request: 0.000027 seconds.
  path: Assets/kenney_platformer-pack-industrial/PNG/Default size/platformIndustrial_019.png
  artifactKey: Guid(cd7a26329ed39d24fa8bfe0e58cfb3f5) Importer(2089858483,b0f066a214c2f5e87bad3c948f4d605d)
Start importing Assets/kenney_platformer-pack-industrial/PNG/Default size/platformIndustrial_019.png using Guid(cd7a26329ed39d24fa8bfe0e58cfb3f5) Importer(2089858483,b0f066a214c2f5e87bad3c948f4d605d) (ScriptedImporter) -> (artifact id: '4c918369815cb1e8754410df4b8f2b9f') in 0.0244934 seconds
Number of updated asset objects reloaded before import = 0Number of asset objects unloaded after import = 3

========================================================================
Received Import Request.
  Time since last request: 0.000032 seconds.
  path: Assets/kenney_platformer-pack-industrial/PNG/Default size/platformIndustrial_050.png
  artifactKey: Guid(5f5a32cc590bc4240affcbe5a6bf58d0) Importer(2089858483,b0f066a214c2f5e87bad3c948f4d605d)
Start importing Assets/kenney_platformer-pack-industrial/PNG/Default size/platformIndustrial_050.png using Guid(5f5a32cc590bc4240affcbe5a6bf58d0) Importer(2089858483,b0f066a214c2f5e87bad3c948f4d605d) (ScriptedImporter) -> (artifact id: '0d3e8080875f8b9ad6d130b26898000a') in 0.0200043 seconds
Number of updated asset objects reloaded before import = 0Number of asset objects unloaded after import = 3

========================================================================
Received Import Request.
  Time since last request: 0.000020 seconds.
  path: Assets/kenney_platformer-pack-industrial/PNG/Default size/platformIndustrial_031.png
  artifactKey: Guid(d0f2bc58f4be09347a9713d201c0020c) Importer(2089858483,b0f066a214c2f5e87bad3c948f4d605d)
Start importing Assets/kenney_platformer-pack-industrial/PNG/Default size/platformIndustrial_031.png using Guid(d0f2bc58f4be09347a9713d201c0020c) Importer(2089858483,b0f066a214c2f5e87bad3c948f4d605d) (ScriptedImporter) -> (artifact id: '879558e3f7bb6d339367c9b0a300c1f2') in 0.0141507 seconds
Number of updated asset objects reloaded before import = 0Number of asset objects unloaded after import = 3

========================================================================
Received Import Request.
  Time since last request: 0.000014 seconds.
  path: Assets/kenney_platformer-pack-industrial/PNG/Default size/platformIndustrial_088.png
  artifactKey: Guid(c2e681e088a115847a6e1e24f8d24567) Importer(2089858483,b0f066a214c2f5e87bad3c948f4d605d)
Start importing Assets/kenney_platformer-pack-industrial/PNG/Default size/platformIndustrial_088.png using Guid(c2e681e088a115847a6e1e24f8d24567) Importer(2089858483,b0f066a214c2f5e87bad3c948f4d605d) (ScriptedImporter) -> (artifact id: '453b3083d04950ea6ce1d3401f415081') in 0.017538 seconds
Number of updated asset objects reloaded before import = 0Number of asset objects unloaded after import = 3

========================================================================
Received Import Request.
  Time since last request: 0.000021 seconds.
  path: Assets/kenney_platformer-pack-industrial/PNG/Default size/platformIndustrial_042.png
  artifactKey: Guid(61621eff125a0cf4d899c1768cd9eb54) Importer(2089858483,b0f066a214c2f5e87bad3c948f4d605d)
Start importing Assets/kenney_platformer-pack-industrial/PNG/Default size/platformIndustrial_042.png using Guid(61621eff125a0cf4d899c1768cd9eb54) Importer(2089858483,b0f066a214c2f5e87bad3c948f4d605d) (ScriptedImporter) -> (artifact id: '6343e702d8b013efa420fb8c64bc6082') in 0.0206317 seconds
Number of updated asset objects reloaded before import = 0Number of asset objects unloaded after import = 3

========================================================================
Received Import Request.
  Time since last request: 0.000015 seconds.
  path: Assets/kenney_platformer-pack-industrial/PNG/Default size/platformIndustrial_027.png
  artifactKey: Guid(732d6d7d336694341b82be93f9b38f85) Importer(2089858483,b0f066a214c2f5e87bad3c948f4d605d)
Start importing Assets/kenney_platformer-pack-industrial/PNG/Default size/platformIndustrial_027.png using Guid(732d6d7d336694341b82be93f9b38f85) Importer(2089858483,b0f066a214c2f5e87bad3c948f4d605d) (ScriptedImporter) -> (artifact id: 'a41c52e3df05d028671766a1b211bd02') in 0.0148893 seconds
Number of updated asset objects reloaded before import = 0Number of asset objects unloaded after import = 3

========================================================================
Received Import Request.
  Time since last request: 0.000017 seconds.
  path: Assets/kenney_platformer-pack-industrial/PNG/Default size/platformIndustrial_071.png
  artifactKey: Guid(120fb9cd3e73dca45919bc95ba19f562) Importer(2089858483,b0f066a214c2f5e87bad3c948f4d605d)
Start importing Assets/kenney_platformer-pack-industrial/PNG/Default size/platformIndustrial_071.png using Guid(120fb9cd3e73dca45919bc95ba19f562) Importer(2089858483,b0f066a214c2f5e87bad3c948f4d605d) (ScriptedImporter) -> (artifact id: '7cf0de84827837e6dc421eab629367e6') in 0.0173453 seconds
Number of updated asset objects reloaded before import = 0Number of asset objects unloaded after import = 3

========================================================================
Received Import Request.
  Time since last request: 0.000018 seconds.
  path: Assets/kenney_platformer-pack-industrial/PNG/Default size/platformIndustrial_011.png
  artifactKey: Guid(9276bccdc602fc546a1d853e9edf7c07) Importer(2089858483,b0f066a214c2f5e87bad3c948f4d605d)
Start importing Assets/kenney_platformer-pack-industrial/PNG/Default size/platformIndustrial_011.png using Guid(9276bccdc602fc546a1d853e9edf7c07) Importer(2089858483,b0f066a214c2f5e87bad3c948f4d605d) (ScriptedImporter) -> (artifact id: '7310e89c5214204e023cf77d2f285ab0') in 0.0167124 seconds
Number of updated asset objects reloaded before import = 0Number of asset objects unloaded after import = 3

========================================================================
Received Import Request.
  Time since last request: 0.000019 seconds.
  path: Assets/kenney_platformer-pack-industrial/PNG/Default size/platformIndustrial_057.png
  artifactKey: Guid(5f8632c6d6c1f58468f9107b2b0199d8) Importer(2089858483,b0f066a214c2f5e87bad3c948f4d605d)
Start importing Assets/kenney_platformer-pack-industrial/PNG/Default size/platformIndustrial_057.png using Guid(5f8632c6d6c1f58468f9107b2b0199d8) Importer(2089858483,b0f066a214c2f5e87bad3c948f4d605d) (ScriptedImporter) -> (artifact id: 'c3f792b5e0ea283b2301166699d6a0c2') in 0.0164634 seconds
Number of updated asset objects reloaded before import = 0Number of asset objects unloaded after import = 3

========================================================================
Received Import Request.
  Time since last request: 0.000019 seconds.
  path: Assets/kenney_platformer-pack-industrial/PNG/Default size/platformIndustrial_029.png
  artifactKey: Guid(5b5632d2a31d0734299179ed47062b63) Importer(2089858483,b0f066a214c2f5e87bad3c948f4d605d)
Start importing Assets/kenney_platformer-pack-industrial/PNG/Default size/platformIndustrial_029.png using Guid(5b5632d2a31d0734299179ed47062b63) Importer(2089858483,b0f066a214c2f5e87bad3c948f4d605d) (ScriptedImporter) -> (artifact id: 'a87d05d8d4ebe2a9769691b396690b35') in 0.0182153 seconds
Number of updated asset objects reloaded before import = 0Number of asset objects unloaded after import = 3

========================================================================
Received Import Request.
  Time since last request: 0.000017 seconds.
  path: Assets/kenney_platformer-pack-industrial/PNG/Default size/platformIndustrial_077.png
  artifactKey: Guid(0a2b893aefd75e94a866f04b6b21c030) Importer(2089858483,b0f066a214c2f5e87bad3c948f4d605d)
Start importing Assets/kenney_platformer-pack-industrial/PNG/Default size/platformIndustrial_077.png using Guid(0a2b893aefd75e94a866f04b6b21c030) Importer(2089858483,b0f066a214c2f5e87bad3c948f4d605d) (ScriptedImporter) -> (artifact id: 'b8ccce9d17e4fdd8150afa7383d4379f') in 0.0156061 seconds
Number of updated asset objects reloaded before import = 0Number of asset objects unloaded after import = 3

========================================================================
Received Import Request.
  Time since last request: 0.000040 seconds.
  path: Assets/kenney_platformer-pack-industrial/PNG/Default size/platformIndustrial_100.png
  artifactKey: Guid(257a693e05a4c1243a9acd991cb30e85) Importer(2089858483,b0f066a214c2f5e87bad3c948f4d605d)
Start importing Assets/kenney_platformer-pack-industrial/PNG/Default size/platformIndustrial_100.png using Guid(257a693e05a4c1243a9acd991cb30e85) Importer(2089858483,b0f066a214c2f5e87bad3c948f4d605d) (ScriptedImporter) -> (artifact id: '6d78d31fe76eadb7a0094be6c10592fa') in 0.0175176 seconds
Number of updated asset objects reloaded before import = 0Number of asset objects unloaded after import = 3

========================================================================
Received Import Request.
  Time since last request: 0.000015 seconds.
  path: Assets/kenney_platformer-pack-industrial/PNG/Default size/platformIndustrial_085.png
  artifactKey: Guid(d77542993cf38f9449df02183d87258e) Importer(2089858483,b0f066a214c2f5e87bad3c948f4d605d)
Start importing Assets/kenney_platformer-pack-industrial/PNG/Default size/platformIndustrial_085.png using Guid(d77542993cf38f9449df02183d87258e) Importer(2089858483,b0f066a214c2f5e87bad3c948f4d605d) (ScriptedImporter) -> (artifact id: '9c6fe9dff2b4379cf78a7c96b2e9f980') in 0.0159816 seconds
Number of updated asset objects reloaded before import = 0Number of asset objects unloaded after import = 3

========================================================================
Received Import Request.
  Time since last request: 0.000023 seconds.
  path: Assets/kenney_platformer-pack-industrial/PNG/Default size/platformIndustrial_051.png
  artifactKey: Guid(e6ada7c68501fc74e97e197a9baf746e) Importer(2089858483,b0f066a214c2f5e87bad3c948f4d605d)
Start importing Assets/kenney_platformer-pack-industrial/PNG/Default size/platformIndustrial_051.png using Guid(e6ada7c68501fc74e97e197a9baf746e) Importer(2089858483,b0f066a214c2f5e87bad3c948f4d605d) (ScriptedImporter) -> (artifact id: '55c5725292d023d9aeab4017ae9b2cc5') in 0.0187513 seconds
Number of updated asset objects reloaded before import = 0Number of asset objects unloaded after import = 3

========================================================================
Received Import Request.
  Time since last request: 0.000025 seconds.
  path: Assets/kenney_platformer-pack-industrial/PNG/Default size/platformIndustrial_081.png
  artifactKey: Guid(d33d9762ad0011043a20820fc9d10dd8) Importer(2089858483,b0f066a214c2f5e87bad3c948f4d605d)
Start importing Assets/kenney_platformer-pack-industrial/PNG/Default size/platformIndustrial_081.png using Guid(d33d9762ad0011043a20820fc9d10dd8) Importer(2089858483,b0f066a214c2f5e87bad3c948f4d605d) (ScriptedImporter) -> (artifact id: 'bd7ebcb8374494bc41a97272817d07ab') in 0.0184507 seconds
Number of updated asset objects reloaded before import = 0Number of asset objects unloaded after import = 3

========================================================================
Received Import Request.
  Time since last request: 0.000016 seconds.
  path: Assets/kenney_platformer-pack-industrial/PNG/Default size/platformIndustrial_082.png
  artifactKey: Guid(04c5613b2f509ad4fbea1239107c1205) Importer(2089858483,b0f066a214c2f5e87bad3c948f4d605d)
Start importing Assets/kenney_platformer-pack-industrial/PNG/Default size/platformIndustrial_082.png using Guid(04c5613b2f509ad4fbea1239107c1205) Importer(2089858483,b0f066a214c2f5e87bad3c948f4d605d) (ScriptedImporter) -> (artifact id: 'b9029f7254552939bd7cee07ee48d497') in 0.0168376 seconds
Number of updated asset objects reloaded before import = 0Number of asset objects unloaded after import = 3

========================================================================
Received Import Request.
  Time since last request: 0.000048 seconds.
  path: Assets/kenney_platformer-pack-industrial/PNG/Default size/platformIndustrial_036.png
  artifactKey: Guid(187ade5d334767249823cf1cf7b30b69) Importer(2089858483,b0f066a214c2f5e87bad3c948f4d605d)
Start importing Assets/kenney_platformer-pack-industrial/PNG/Default size/platformIndustrial_036.png using Guid(187ade5d334767249823cf1cf7b30b69) Importer(2089858483,b0f066a214c2f5e87bad3c948f4d605d) (ScriptedImporter) -> (artifact id: 'd6b1044774474ab0c8f5b48f273d0cbb') in 0.0232206 seconds
Number of updated asset objects reloaded before import = 0Number of asset objects unloaded after import = 3

========================================================================
Received Import Request.
  Time since last request: 0.008970 seconds.
  path: Assets/kenney_platformer-pack-industrial/PNG/Default size/platformIndustrial_107.png
  artifactKey: Guid(2ca575acb2514b749914cd092300b3f3) Importer(2089858483,b0f066a214c2f5e87bad3c948f4d605d)
Start importing Assets/kenney_platformer-pack-industrial/PNG/Default size/platformIndustrial_107.png using Guid(2ca575acb2514b749914cd092300b3f3) Importer(2089858483,b0f066a214c2f5e87bad3c948f4d605d) (ScriptedImporter) -> (artifact id: '13f82a26d2babfac8634dc6dab666f90') in 0.0221663 seconds
Number of updated asset objects reloaded before import = 0Number of asset objects unloaded after import = 3

========================================================================
Received Import Request.
  Time since last request: 0.000021 seconds.
  path: Assets/kenney_platformer-pack-industrial/PNG/Retina/platformIndustrial_106.png
  artifactKey: Guid(a4449e2662da64347a12acd01b716edf) Importer(2089858483,b0f066a214c2f5e87bad3c948f4d605d)
Start importing Assets/kenney_platformer-pack-industrial/PNG/Retina/platformIndustrial_106.png using Guid(a4449e2662da64347a12acd01b716edf) Importer(2089858483,b0f066a214c2f5e87bad3c948f4d605d) (ScriptedImporter) -> (artifact id: '5594928bc519388dd35a8996accc64b4') in 0.0239052 seconds
Number of updated asset objects reloaded before import = 0Number of asset objects unloaded after import = 3

========================================================================
Received Import Request.
  Time since last request: 0.000111 seconds.
  path: Assets/kenney_platformer-pack-industrial/PNG/Retina/platformIndustrial_031.png
  artifactKey: Guid(b93f71a9d57669d4380a06d15cdd3b94) Importer(2089858483,b0f066a214c2f5e87bad3c948f4d605d)
Start importing Assets/kenney_platformer-pack-industrial/PNG/Retina/platformIndustrial_031.png using Guid(b93f71a9d57669d4380a06d15cdd3b94) Importer(2089858483,b0f066a214c2f5e87bad3c948f4d605d) (ScriptedImporter) -> (artifact id: '167c8bab747ac524371e49a2711946a4') in 0.0324192 seconds
Number of updated asset objects reloaded before import = 0Number of asset objects unloaded after import = 3

========================================================================
Received Import Request.
  Time since last request: 0.000016 seconds.
  path: Assets/kenney_platformer-pack-industrial/PNG/Retina/platformIndustrial_035.png
  artifactKey: Guid(fe84aa987edef0643b5511af74b86204) Importer(2089858483,b0f066a214c2f5e87bad3c948f4d605d)
Start importing Assets/kenney_platformer-pack-industrial/PNG/Retina/platformIndustrial_035.png using Guid(fe84aa987edef0643b5511af74b86204) Importer(2089858483,b0f066a214c2f5e87bad3c948f4d605d) (ScriptedImporter) -> (artifact id: '00fbdbd18ba4956b5b6313b95f46ef7e') in 0.0207288 seconds
Number of updated asset objects reloaded before import = 0Number of asset objects unloaded after import = 3

========================================================================
Received Import Request.
  Time since last request: 0.000023 seconds.
  path: Assets/kenney_platformer-pack-industrial/PNG/Retina/platformIndustrial_043.png
  artifactKey: Guid(8a449fb8aeffcaa42a13a698f38fe019) Importer(2089858483,b0f066a214c2f5e87bad3c948f4d605d)
Start importing Assets/kenney_platformer-pack-industrial/PNG/Retina/platformIndustrial_043.png using Guid(8a449fb8aeffcaa42a13a698f38fe019) Importer(2089858483,b0f066a214c2f5e87bad3c948f4d605d) (ScriptedImporter) -> (artifact id: '2a42e785ae00b92d78c7a61566b3ebdc') in 0.0179279 seconds
Number of updated asset objects reloaded before import = 0Number of asset objects unloaded after import = 3

========================================================================
Received Import Request.
  Time since last request: 0.000020 seconds.
  path: Assets/kenney_platformer-pack-industrial/PNG/Retina/platformIndustrial_037.png
  artifactKey: Guid(40dfe47a37c67be4c9be046350664392) Importer(2089858483,b0f066a214c2f5e87bad3c948f4d605d)
Start importing Assets/kenney_platformer-pack-industrial/PNG/Retina/platformIndustrial_037.png using Guid(40dfe47a37c67be4c9be046350664392) Importer(2089858483,b0f066a214c2f5e87bad3c948f4d605d) (ScriptedImporter) -> (artifact id: '2bc9b8ee2e97747f7b71731c864f0055') in 0.019356 seconds
Number of updated asset objects reloaded before import = 0Number of asset objects unloaded after import = 3

========================================================================
Received Import Request.
  Time since last request: 0.000016 seconds.
  path: Assets/kenney_platformer-pack-industrial/PNG/Retina/platformIndustrial_002.png
  artifactKey: Guid(725d7dd2d49c0154b815d5de0d3f1bab) Importer(2089858483,b0f066a214c2f5e87bad3c948f4d605d)
Start importing Assets/kenney_platformer-pack-industrial/PNG/Retina/platformIndustrial_002.png using Guid(725d7dd2d49c0154b815d5de0d3f1bab) Importer(2089858483,b0f066a214c2f5e87bad3c948f4d605d) (ScriptedImporter) -> (artifact id: '3b9487ca013ebd159fe7460216b31880') in 0.0166565 seconds
Number of updated asset objects reloaded before import = 0Number of asset objects unloaded after import = 3

========================================================================
Received Import Request.
  Time since last request: 0.000018 seconds.
  path: Assets/kenney_platformer-pack-industrial/PNG/Retina/platformIndustrial_110.png
  artifactKey: Guid(0d093a52f5c7ead44b4927d24a4fcbc7) Importer(2089858483,b0f066a214c2f5e87bad3c948f4d605d)
Start importing Assets/kenney_platformer-pack-industrial/PNG/Retina/platformIndustrial_110.png using Guid(0d093a52f5c7ead44b4927d24a4fcbc7) Importer(2089858483,b0f066a214c2f5e87bad3c948f4d605d) (ScriptedImporter) -> (artifact id: '2ceb2449545867f0f00761efb6ade067') in 0.0173485 seconds
Number of updated asset objects reloaded before import = 0Number of asset objects unloaded after import = 3

========================================================================
Received Import Request.
  Time since last request: 0.000023 seconds.
  path: Assets/kenney_platformer-pack-industrial/PNG/Retina/platformIndustrial_062.png
  artifactKey: Guid(0f5ee781043a6334a972f051c0b89631) Importer(2089858483,b0f066a214c2f5e87bad3c948f4d605d)
Start importing Assets/kenney_platformer-pack-industrial/PNG/Retina/platformIndustrial_062.png using Guid(0f5ee781043a6334a972f051c0b89631) Importer(2089858483,b0f066a214c2f5e87bad3c948f4d605d) (ScriptedImporter) -> (artifact id: '4e1c7252043c7fa1de2b6374a8e3d3cd') in 0.0182733 seconds
Number of updated asset objects reloaded before import = 0Number of asset objects unloaded after import = 4

========================================================================
Received Import Request.
  Time since last request: 0.000016 seconds.
  path: Assets/kenney_platformer-pack-industrial/PNG/Retina/platformIndustrial_091.png
  artifactKey: Guid(62685146ae95e8742b8727ce98543570) Importer(2089858483,b0f066a214c2f5e87bad3c948f4d605d)
Start importing Assets/kenney_platformer-pack-industrial/PNG/Retina/platformIndustrial_091.png using Guid(62685146ae95e8742b8727ce98543570) Importer(2089858483,b0f066a214c2f5e87bad3c948f4d605d) (ScriptedImporter) -> (artifact id: 'a140c34be30a2d4544b1ab6d81e0bf11') in 0.0146717 seconds
Number of updated asset objects reloaded before import = 0Number of asset objects unloaded after import = 3

========================================================================
Received Import Request.
  Time since last request: 0.000017 seconds.
  path: Assets/kenney_platformer-pack-industrial/PNG/Retina/platformIndustrial_094.png
  artifactKey: Guid(a2fb6fa8a48ff514892964f17ddd71b4) Importer(2089858483,b0f066a214c2f5e87bad3c948f4d605d)
Start importing Assets/kenney_platformer-pack-industrial/PNG/Retina/platformIndustrial_094.png using Guid(a2fb6fa8a48ff514892964f17ddd71b4) Importer(2089858483,b0f066a214c2f5e87bad3c948f4d605d) (ScriptedImporter) -> (artifact id: 'b65098df0954cad4f259b5ac2349b2fe') in 0.0176383 seconds
Number of updated asset objects reloaded before import = 0Number of asset objects unloaded after import = 3

========================================================================
Received Import Request.
  Time since last request: 0.000018 seconds.
  path: Assets/kenney_platformer-pack-industrial/PNG/Retina/platformIndustrial_033.png
  artifactKey: Guid(2c2b80dde2e34cc43b0d7ba682f06481) Importer(2089858483,b0f066a214c2f5e87bad3c948f4d605d)
Start importing Assets/kenney_platformer-pack-industrial/PNG/Retina/platformIndustrial_033.png using Guid(2c2b80dde2e34cc43b0d7ba682f06481) Importer(2089858483,b0f066a214c2f5e87bad3c948f4d605d) (ScriptedImporter) -> (artifact id: 'c1ec7cbd7ca273856f7e9a70d639ebab') in 0.0170754 seconds
Number of updated asset objects reloaded before import = 0Number of asset objects unloaded after import = 3

========================================================================
Received Import Request.
  Time since last request: 0.000015 seconds.
  path: Assets/kenney_platformer-pack-industrial/PNG/Retina/platformIndustrial_010.png
  artifactKey: Guid(c75bd67e98ae68b4b9158db6d6384b93) Importer(2089858483,b0f066a214c2f5e87bad3c948f4d605d)
Start importing Assets/kenney_platformer-pack-industrial/PNG/Retina/platformIndustrial_010.png using Guid(c75bd67e98ae68b4b9158db6d6384b93) Importer(2089858483,b0f066a214c2f5e87bad3c948f4d605d) (ScriptedImporter) -> (artifact id: 'a30cdf20111f6d47da19de672bc6d1d2') in 0.0173524 seconds
Number of updated asset objects reloaded before import = 0Number of asset objects unloaded after import = 3

========================================================================
Received Import Request.
  Time since last request: 0.000074 seconds.
  path: Assets/kenney_platformer-pack-industrial/PNG/Default size/platformIndustrial_112.png
  artifactKey: Guid(b67fe3244dd2c5c46bb3a55b7a04fa2d) Importer(2089858483,b0f066a214c2f5e87bad3c948f4d605d)
Start importing Assets/kenney_platformer-pack-industrial/PNG/Default size/platformIndustrial_112.png using Guid(b67fe3244dd2c5c46bb3a55b7a04fa2d) Importer(2089858483,b0f066a214c2f5e87bad3c948f4d605d) (ScriptedImporter) -> (artifact id: '15ec97a36f4c7621525333e9c17cbf07') in 0.0218542 seconds
Number of updated asset objects reloaded before import = 0Number of asset objects unloaded after import = 3

========================================================================
Received Import Request.
  Time since last request: 0.000019 seconds.
  path: Assets/kenney_platformer-pack-industrial/PNG/Retina/platformIndustrial_009.png
  artifactKey: Guid(7f364bcaaed378946be0bd93f38455ba) Importer(2089858483,b0f066a214c2f5e87bad3c948f4d605d)
Start importing Assets/kenney_platformer-pack-industrial/PNG/Retina/platformIndustrial_009.png using Guid(7f364bcaaed378946be0bd93f38455ba) Importer(2089858483,b0f066a214c2f5e87bad3c948f4d605d) (ScriptedImporter) -> (artifact id: '0adb6db9001b5b96b7cc13740b0deba4') in 0.0204638 seconds
Number of updated asset objects reloaded before import = 0Number of asset objects unloaded after import = 3

========================================================================
Received Import Request.
  Time since last request: 0.000024 seconds.
  path: Assets/kenney_platformer-pack-industrial/PNG/Retina/platformIndustrial_076.png
  artifactKey: Guid(f8573eaeb8b76fd47985ea8ecbf06fd9) Importer(2089858483,b0f066a214c2f5e87bad3c948f4d605d)
Start importing Assets/kenney_platformer-pack-industrial/PNG/Retina/platformIndustrial_076.png using Guid(f8573eaeb8b76fd47985ea8ecbf06fd9) Importer(2089858483,b0f066a214c2f5e87bad3c948f4d605d) (ScriptedImporter) -> (artifact id: '79e5d09c89c41068eab66ba32519909b') in 0.0186776 seconds
Number of updated asset objects reloaded before import = 0Number of asset objects unloaded after import = 4

========================================================================
Received Import Request.
  Time since last request: 0.000019 seconds.
  path: Assets/kenney_platformer-pack-industrial/PNG/Retina/platformIndustrial_095.png
  artifactKey: Guid(d879afff79a55c9419b4a749dfe68c39) Importer(2089858483,b0f066a214c2f5e87bad3c948f4d605d)
Start importing Assets/kenney_platformer-pack-industrial/PNG/Retina/platformIndustrial_095.png using Guid(d879afff79a55c9419b4a749dfe68c39) Importer(2089858483,b0f066a214c2f5e87bad3c948f4d605d) (ScriptedImporter) -> (artifact id: 'f88998602749b6f59389edf481fbe997') in 0.0194453 seconds
Number of updated asset objects reloaded before import = 0Number of asset objects unloaded after import = 3

========================================================================
Received Import Request.
  Time since last request: 0.000020 seconds.
  path: Assets/kenney_platformer-pack-industrial/PNG/Retina/platformIndustrial_049.png
  artifactKey: Guid(4632e90a9260e1a49aa2036e809793ac) Importer(2089858483,b0f066a214c2f5e87bad3c948f4d605d)
Start importing Assets/kenney_platformer-pack-industrial/PNG/Retina/platformIndustrial_049.png using Guid(4632e90a9260e1a49aa2036e809793ac) Importer(2089858483,b0f066a214c2f5e87bad3c948f4d605d) (ScriptedImporter) -> (artifact id: 'cf9aad7b4a0efc8ddfd3be70e118a5e2') in 0.0192753 seconds
Number of updated asset objects reloaded before import = 0Number of asset objects unloaded after import = 3

========================================================================
Received Import Request.
  Time since last request: 0.000016 seconds.
  path: Assets/kenney_platformer-pack-industrial/PNG/Retina/platformIndustrial_029.png
  artifactKey: Guid(0309e90327d82394793689cbabeadad0) Importer(2089858483,b0f066a214c2f5e87bad3c948f4d605d)
Start importing Assets/kenney_platformer-pack-industrial/PNG/Retina/platformIndustrial_029.png using Guid(0309e90327d82394793689cbabeadad0) Importer(2089858483,b0f066a214c2f5e87bad3c948f4d605d) (ScriptedImporter) -> (artifact id: 'ddafc333191101139a3b996edba0a315') in 0.0179719 seconds
Number of updated asset objects reloaded before import = 0Number of asset objects unloaded after import = 3

========================================================================
Received Import Request.
  Time since last request: 0.000023 seconds.
  path: Assets/kenney_platformer-pack-industrial/PNG/Retina/platformIndustrial_093.png
  artifactKey: Guid(126f97935018a0a46b0ce454ee2a316b) Importer(2089858483,b0f066a214c2f5e87bad3c948f4d605d)
Start importing Assets/kenney_platformer-pack-industrial/PNG/Retina/platformIndustrial_093.png using Guid(126f97935018a0a46b0ce454ee2a316b) Importer(2089858483,b0f066a214c2f5e87bad3c948f4d605d) (ScriptedImporter) -> (artifact id: 'c0142099e6d47963e4be7f6c828fc767') in 0.0188469 seconds
Number of updated asset objects reloaded before import = 0Number of asset objects unloaded after import = 3

========================================================================
Received Import Request.
  Time since last request: 0.000029 seconds.
  path: Assets/kenney_platformer-pack-industrial/PNG/Retina/platformIndustrial_099.png
  artifactKey: Guid(fcb1406818f63a349abcc52364bb0611) Importer(2089858483,b0f066a214c2f5e87bad3c948f4d605d)
Start importing Assets/kenney_platformer-pack-industrial/PNG/Retina/platformIndustrial_099.png using Guid(fcb1406818f63a349abcc52364bb0611) Importer(2089858483,b0f066a214c2f5e87bad3c948f4d605d) (ScriptedImporter) -> (artifact id: '917b6a9417eb87eaa7e9a5d997ea1de2') in 0.0201818 seconds
Number of updated asset objects reloaded before import = 0Number of asset objects unloaded after import = 3

========================================================================
Received Import Request.
  Time since last request: 0.000062 seconds.
  path: Assets/kenney_platformer-pack-industrial/PNG/Retina/platformIndustrial_092.png
  artifactKey: Guid(c29c1f26a4115b04eb18a6f1bdb41c26) Importer(2089858483,b0f066a214c2f5e87bad3c948f4d605d)
Start importing Assets/kenney_platformer-pack-industrial/PNG/Retina/platformIndustrial_092.png using Guid(c29c1f26a4115b04eb18a6f1bdb41c26) Importer(2089858483,b0f066a214c2f5e87bad3c948f4d605d) (ScriptedImporter) -> (artifact id: 'de2a1c588ff2809a311f85a161e33dc6') in 0.0177061 seconds
Number of updated asset objects reloaded before import = 0Number of asset objects unloaded after import = 3

========================================================================
Received Import Request.
  Time since last request: 0.000017 seconds.
  path: Assets/kenney_platformer-pack-industrial/PNG/Retina/platformIndustrial_078.png
  artifactKey: Guid(47ad9d5f0e00b7d4ba092c0b41ddabb3) Importer(2089858483,b0f066a214c2f5e87bad3c948f4d605d)
Start importing Assets/kenney_platformer-pack-industrial/PNG/Retina/platformIndustrial_078.png using Guid(47ad9d5f0e00b7d4ba092c0b41ddabb3) Importer(2089858483,b0f066a214c2f5e87bad3c948f4d605d) (ScriptedImporter) -> (artifact id: '3b61acdd6d661088b1648233ef770cfd') in 0.0166047 seconds
Number of updated asset objects reloaded before import = 0Number of asset objects unloaded after import = 3

========================================================================
Received Import Request.
  Time since last request: 0.000015 seconds.
  path: Assets/kenney_platformer-pack-industrial/PNG/Retina/platformIndustrial_069.png
  artifactKey: Guid(3f0ecc9b3dfa2e14282d23e18cc78595) Importer(2089858483,b0f066a214c2f5e87bad3c948f4d605d)
Start importing Assets/kenney_platformer-pack-industrial/PNG/Retina/platformIndustrial_069.png using Guid(3f0ecc9b3dfa2e14282d23e18cc78595) Importer(2089858483,b0f066a214c2f5e87bad3c948f4d605d) (ScriptedImporter) -> (artifact id: '690b5812c56bdf721f749bf00646147d') in 0.0170373 seconds
Number of updated asset objects reloaded before import = 0Number of asset objects unloaded after import = 3

========================================================================
Received Import Request.
  Time since last request: 0.000020 seconds.
  path: Assets/kenney_platformer-pack-industrial/PNG/Retina/platformIndustrial_103.png
  artifactKey: Guid(e7e0083f194284d4c8e0ad5a783704cb) Importer(2089858483,b0f066a214c2f5e87bad3c948f4d605d)
Start importing Assets/kenney_platformer-pack-industrial/PNG/Retina/platformIndustrial_103.png using Guid(e7e0083f194284d4c8e0ad5a783704cb) Importer(2089858483,b0f066a214c2f5e87bad3c948f4d605d) (ScriptedImporter) -> (artifact id: '2e7e9e6fef1cfb4c43580401c8bfe3c8') in 0.0196886 seconds
Number of updated asset objects reloaded before import = 0Number of asset objects unloaded after import = 3

========================================================================
Received Import Request.
  Time since last request: 0.000017 seconds.
  path: Assets/kenney_platformer-pack-industrial/PNG/Retina/platformIndustrial_068.png
  artifactKey: Guid(0def657669c44c14f969e58a0627c4db) Importer(2089858483,b0f066a214c2f5e87bad3c948f4d605d)
Start importing Assets/kenney_platformer-pack-industrial/PNG/Retina/platformIndustrial_068.png using Guid(0def657669c44c14f969e58a0627c4db) Importer(2089858483,b0f066a214c2f5e87bad3c948f4d605d) (ScriptedImporter) -> (artifact id: '123a9db8f3a69796df03fca8cebf6ff0') in 0.0173356 seconds
Number of updated asset objects reloaded before import = 0Number of asset objects unloaded after import = 3

========================================================================
Received Import Request.
  Time since last request: 0.000022 seconds.
  path: Assets/kenney_platformer-pack-industrial/PNG/Retina/platformIndustrial_017.png
  artifactKey: Guid(aea1dbe6d23db6b4b89104b1fab75c2f) Importer(2089858483,b0f066a214c2f5e87bad3c948f4d605d)
Start importing Assets/kenney_platformer-pack-industrial/PNG/Retina/platformIndustrial_017.png using Guid(aea1dbe6d23db6b4b89104b1fab75c2f) Importer(2089858483,b0f066a214c2f5e87bad3c948f4d605d) (ScriptedImporter) -> (artifact id: '086305971324d032a264d58fbba1a156') in 0.0166769 seconds
Number of updated asset objects reloaded before import = 0Number of asset objects unloaded after import = 3

========================================================================
Received Import Request.
  Time since last request: 0.000017 seconds.
  path: Assets/kenney_platformer-pack-industrial/PNG/Retina/platformIndustrial_065.png
  artifactKey: Guid(3dcf43634089ac348beec0c003ba874c) Importer(2089858483,b0f066a214c2f5e87bad3c948f4d605d)
Start importing Assets/kenney_platformer-pack-industrial/PNG/Retina/platformIndustrial_065.png using Guid(3dcf43634089ac348beec0c003ba874c) Importer(2089858483,b0f066a214c2f5e87bad3c948f4d605d) (ScriptedImporter) -> (artifact id: '0e61576e16a75e19614f547891f4a2fb') in 0.0196622 seconds
Number of updated asset objects reloaded before import = 0Number of asset objects unloaded after import = 3

========================================================================
Received Import Request.
  Time since last request: 0.000016 seconds.
  path: Assets/kenney_platformer-pack-industrial/PNG/Retina/platformIndustrial_104.png
  artifactKey: Guid(95566963d263a1f4db0cab276a36d9a0) Importer(2089858483,b0f066a214c2f5e87bad3c948f4d605d)
Start importing Assets/kenney_platformer-pack-industrial/PNG/Retina/platformIndustrial_104.png using Guid(95566963d263a1f4db0cab276a36d9a0) Importer(2089858483,b0f066a214c2f5e87bad3c948f4d605d) (ScriptedImporter) -> (artifact id: 'a5a80ff74e60e6d4faccba9485beaf27') in 0.0237346 seconds
Number of updated asset objects reloaded before import = 0Number of asset objects unloaded after import = 3

========================================================================
Received Import Request.
  Time since last request: 0.000018 seconds.
  path: Assets/kenney_platformer-pack-industrial/PNG/Retina/platformIndustrial_005.png
  artifactKey: Guid(5ed457fb07d5cb64086cbb55832ff286) Importer(2089858483,b0f066a214c2f5e87bad3c948f4d605d)
Start importing Assets/kenney_platformer-pack-industrial/PNG/Retina/platformIndustrial_005.png using Guid(5ed457fb07d5cb64086cbb55832ff286) Importer(2089858483,b0f066a214c2f5e87bad3c948f4d605d) (ScriptedImporter) -> (artifact id: '26cd09a43ce6abeba9c779c298ecc0c1') in 0.0198415 seconds
Number of updated asset objects reloaded before import = 0Number of asset objects unloaded after import = 3

========================================================================
Received Import Request.
  Time since last request: 0.000017 seconds.
  path: Assets/kenney_platformer-pack-industrial/PNG/Default size/platformIndustrial_111.png
  artifactKey: Guid(0da05b94fc862e7458e18706a9b9ca86) Importer(2089858483,b0f066a214c2f5e87bad3c948f4d605d)
Start importing Assets/kenney_platformer-pack-industrial/PNG/Default size/platformIndustrial_111.png using Guid(0da05b94fc862e7458e18706a9b9ca86) Importer(2089858483,b0f066a214c2f5e87bad3c948f4d605d) (ScriptedImporter) -> (artifact id: 'affdb97dc1ad27eca948c2fcc4bf90f9') in 0.016739 seconds
Number of updated asset objects reloaded before import = 0Number of asset objects unloaded after import = 3

