[Licensing::Module] Trying to connect to existing licensing client channel...
Built from '6000.3/staging' branch; Version is '6000.3.3f1 (ef04196de0d6) revision 15664153'; Using compiler version '194234433'; Build Type 'Release'
OS: 'Windows 11  (10.0.26200) 64bit Core' Language: 'es' Physical Memory: 16085 MB
[Licensing::IpcConnector] Successfully connected to: "LicenseClient-dimit" at "2026-01-25T12:55:21.9666274Z"
BatchMode: 1, IsHumanControllingUs: 0, StartBugReporterOnCrash: 0, Is64bit: 1
Date: 2026-01-25T12:55:21Z

COMMAND LINE ARGUMENTS:
C:\Program Files\Unity\Hub\Editor\6000.3.3f1\Editor\Unity.exe
-adb2
-batchMode
-noUpm
-name
AssetImportWorker2
-projectPath
C:/Users/dimit/Desktop/unity1/PlatformerGame/Assets
-logFile
Logs/AssetImportWorker2.log
-srvPort
54816
-job-worker-count
7
-background-job-worker-count
8
-gc-helper-count
1
-name
AssetImport
Successfully changed project path to: C:/Users/dimit/Desktop/unity1/PlatformerGame/Assets
C:/Users/dimit/Desktop/unity1/PlatformerGame/Assets
[UnityMemory] Configuration Parameters - Can be set up in boot.config
    "memorysetup-temp-allocator-size-nav-mesh-worker=65536"
    "memorysetup-temp-allocator-size-audio-worker=65536"
    "memorysetup-temp-allocator-size-gfx=262144"
    "memorysetup-allocator-temp-initial-block-size-main=262144"
    "memorysetup-allocator-temp-initial-block-size-worker=262144"
    "memorysetup-temp-allocator-size-background-worker=32768"
    "memorysetup-temp-allocator-size-job-worker=262144"
    "memorysetup-temp-allocator-size-preload-manager=33554432"
    "memorysetup-temp-allocator-size-gi-baking-worker=262144"
    "memorysetup-temp-allocator-size-gi-baking-worker=262144"
    "memorysetup-temp-allocator-size-gi-baking-worker=262144"
    "memorysetup-temp-allocator-size-gi-baking-worker=262144"
    "memorysetup-temp-allocator-size-gi-baking-worker=262144"
    "memorysetup-bucket-allocator-granularity=16"
    "memorysetup-bucket-allocator-bucket-count=8"
    "memorysetup-bucket-allocator-block-size=33554432"
    "memorysetup-bucket-allocator-block-count=8"
    "memorysetup-main-allocator-block-size=16777216"
    "memorysetup-thread-allocator-block-size=16777216"
    "memorysetup-gfx-main-allocator-block-size=16777216"
    "memorysetup-gfx-thread-allocator-block-size=16777216"
    "memorysetup-cache-allocator-block-size=4194304"
    "memorysetup-typetree-allocator-block-size=2097152"
    "memorysetup-profiler-bucket-allocator-granularity=16"
    "memorysetup-profiler-bucket-allocator-bucket-count=8"
    "memorysetup-profiler-bucket-allocator-block-size=33554432"
    "memorysetup-profiler-bucket-allocator-block-count=8"
    "memorysetup-profiler-allocator-block-size=16777216"
    "memorysetup-profiler-editor-allocator-block-size=1048576"
    "memorysetup-temp-allocator-size-main=16777216"
    "memorysetup-job-temp-allocator-block-size=2097152"
    "memorysetup-job-temp-allocator-block-size-background=1048576"
    "memorysetup-job-temp-allocator-reduction-small-platforms=262144"
    "memorysetup-temp-allocator-size-cloud-worker=32768"
Player connection [23864]  Target information:

Player connection [23864]  * "[IP] 192.168.1.28 [Port] 0 [Flags] 2 [Guid] 1998375924 [EditorId] 1998375924 [Version] 1048832 [Id] WindowsEditor(7,MSIKATANA) [Debug] 1 [PackageName] WindowsEditor [ProjectName] Editor" 

Player connection [23864] Host joined multi-casting on [225.0.0.222:54997]...
Player connection [23864] Host joined alternative multi-casting on [225.0.0.222:34997]...
JobSystem: Creating JobQueue using job-worker-count value 7
Input System module state changed to: Initialized.
[Physics::Module] Initialized fallback backend.
[Physics::Module] Id: 0xdecafbad
Library Redirect Path: Library/
[Physics::Module] Selected backend.
[Physics::Module] Name: PhysX
[Physics::Module] Id: 0xf2b8ea05
[Physics::Module] SDK Version: 4.1.2
[Physics::Module] Integration Version: 1.0.0
[Physics::Module] Threading Mode: Multi-Threaded
Refreshing native plugins compatible for Editor in 0.00 ms, found 0 plugins.
Preloading 0 native plugins for Editor in 0.00 ms.
Initialize engine version: 6000.3.3f1 (ef04196de0d6)
[Subsystems] Discovering subsystems at path C:/Program Files/Unity/Hub/Editor/6000.3.3f1/Editor/Data/Resources/UnitySubsystems
[Subsystems] Discovering subsystems at path C:/Users/dimit/Desktop/unity1/PlatformerGame/Assets/Assets
GfxDevice: creating device client; kGfxThreadingModeNonThreaded
Direct3D:
    Version:  Direct3D 11.0 [level 11.1]
    Renderer: NVIDIA GeForce RTX 3050 Ti Laptop GPU (ID=0x25a0)
    Vendor:   NVIDIA
    VRAM:     3962 MB
    Driver:   32.0.15.9159
Initialize mono
Mono path[0] = 'C:/Program Files/Unity/Hub/Editor/6000.3.3f1/Editor/Data/Managed'
Mono path[1] = 'C:/Program Files/Unity/Hub/Editor/6000.3.3f1/Editor/Data/MonoBleedingEdge/lib/mono/unityjit-win32'
Mono config path = 'C:/Program Files/Unity/Hub/Editor/6000.3.3f1/Editor/Data/MonoBleedingEdge/etc'
Using monoOptions --debugger-agent=transport=dt_socket,embedding=1,server=y,suspend=n,address=127.0.0.1:56088
Begin MonoManager ReloadAssembly
Registering precompiled unity dll's ...
Register platform support module: C:/Program Files/Unity/Hub/Editor/6000.3.3f1/Editor/Data/PlaybackEngines/WebGLSupport/UnityEditor.WebGL.Extensions.dll
Register platform support module: C:/Program Files/Unity/Hub/Editor/6000.3.3f1/Editor/Data/PlaybackEngines/WindowsStandaloneSupport/UnityEditor.WindowsStandalone.Extensions.dll
[Licensing::Module] Licensing is not yet initialized.
[Licensing::Client] Handshaking with LicensingClient:
  Version:                 1.17.4+4293ba1
  Session Id:              6eaf48f07ebb4c4ab1ead58857646924
  Correlation Id:          4b519f8aeb51f96c37e86b638b742d0f
  External correlation Id: 3230159651486721544
  Machine Id:              bo3Rc4WUyWZAhL34mPMHhIB9F58=
[Licensing::Module] Successfully connected to LicensingClient on channel: "LicenseClient-dimit" (connect: 0.00s, validation: 0.00s, handshake: 1.24s)
[Licensing::IpcConnector] Successfully connected to: "LicenseClient-dimit-notifications" at "2026-01-25T12:55:23.2102237Z"
[Licensing::Module] Licensing Background thread has ended after 1.24s
[Licensing::Module] Licensing is initialized (took 0.12s).
[Licensing::Client] Successfully resolved entitlement details
[Licensing::Module] License group:
  Id: 6872540394316-UnityPersXXXX
  Product: Unity Personal
  Type: Assigned
  Expiration: Unlimited
Register platform support module: C:/Program Files/Unity/Hub/Editor/6000.3.3f1/Editor/Data/PlaybackEngines/AndroidPlayer/UnityEditor.Android.Extensions.dll
[Licensing::Client] Successfully resolved entitlement details
Register platform support module: C:/Program Files/Unity/Hub/Editor/6000.3.3f1/Editor/Data/PlaybackEngines/iOSSupport/UnityEditor.iOS.Extensions.dll
Registered in 0.127722 seconds.
- Loaded All Assemblies, in  0.719 seconds
Native extension for iOS target not found
Native extension for Android target not found
Android Extension - Scanning For ADB Devices 278 ms
Native extension for WindowsStandalone target not found
Native extension for WebGL target not found
Mono: successfully reloaded assembly
- Finished resetting the current domain, in  0.999 seconds
Domain Reload Profiling: 1715ms
	BeginReloadAssembly (196ms)
		ExecutionOrderSort (0ms)
		DisableScriptedObjects (0ms)
		BackupInstance (0ms)
		ReleaseScriptingObjects (0ms)
		CreateAndSetChildDomain (1ms)
	RebuildCommonClasses (66ms)
	RebuildNativeTypeToScriptingClass (23ms)
	initialDomainReloadingComplete (188ms)
	LoadAllAssembliesAndSetupDomain (243ms)
		LoadAssemblies (194ms)
		RebuildTransferFunctionScriptingTraits (0ms)
		AnalyzeDomain (237ms)
			TypeCache.Refresh (235ms)
				TypeCache.ScanAssembly (214ms)
			BuildScriptInfoCaches (0ms)
			ResolveRequiredComponents (0ms)
	FinalizeReload (999ms)
		ReleaseScriptCaches (0ms)
		RebuildScriptCaches (0ms)
		SetupLoadedEditorAssemblies (956ms)
			LogAssemblyErrors (0ms)
			InitializePlatformSupportModulesInManaged (411ms)
			SetLoadedEditorAssemblies (6ms)
			BeforeProcessingInitializeOnLoad (143ms)
			ProcessInitializeOnLoadAttributes (291ms)
			ProcessInitializeOnLoadMethodAttributes (105ms)
			AfterProcessingInitializeOnLoad (0ms)
			EditorAssembliesLoaded (0ms)
		ExecutionOrderSort2 (0ms)
		AwakeInstancesAfterBackupRestoration (0ms)
========================================================================
Worker process is ready to serve import requests
Import Worker Mode flag is 0x00
Begin MonoManager ReloadAssembly
[Licensing::Client] Successfully resolved entitlement details
- Loaded All Assemblies, in  0.311 seconds
Refreshing native plugins compatible for Editor in 0.00 ms, found 0 plugins.
Native extension for iOS target not found
Native extension for Android target not found
Native extension for WindowsStandalone target not found
Native extension for WebGL target not found
Mono: successfully reloaded assembly
- Finished resetting the current domain, in  0.479 seconds
Domain Reload Profiling: 789ms
	BeginReloadAssembly (193ms)
		ExecutionOrderSort (0ms)
		DisableScriptedObjects (7ms)
		BackupInstance (0ms)
		ReleaseScriptingObjects (0ms)
		CreateAndSetChildDomain (37ms)
	RebuildCommonClasses (49ms)
	RebuildNativeTypeToScriptingClass (14ms)
	initialDomainReloadingComplete (22ms)
	LoadAllAssembliesAndSetupDomain (31ms)
		LoadAssemblies (106ms)
		RebuildTransferFunctionScriptingTraits (0ms)
		AnalyzeDomain (24ms)
			TypeCache.Refresh (20ms)
				TypeCache.ScanAssembly (10ms)
			BuildScriptInfoCaches (1ms)
			ResolveRequiredComponents (0ms)
	FinalizeReload (480ms)
		ReleaseScriptCaches (0ms)
		RebuildScriptCaches (0ms)
		SetupLoadedEditorAssemblies (342ms)
			LogAssemblyErrors (0ms)
			InitializePlatformSupportModulesInManaged (13ms)
			SetLoadedEditorAssemblies (4ms)
			BeforeProcessingInitializeOnLoad (108ms)
			ProcessInitializeOnLoadAttributes (169ms)
			ProcessInitializeOnLoadMethodAttributes (43ms)
			AfterProcessingInitializeOnLoad (6ms)
			EditorAssembliesLoaded (0ms)
		ExecutionOrderSort2 (0ms)
		AwakeInstancesAfterBackupRestoration (8ms)
Launched and connected shader compiler UnityShaderCompiler.exe after 0.01 seconds
Refreshing native plugins compatible for Editor in 0.00 ms, found 0 plugins.
Preloading 0 native plugins for Editor in 0.00 ms.
Unloading 0 Unused Serialized files (Serialized files now loaded: 0)
Unloading 64 unused Assets / (28.4 KB). Loaded Objects now: 655.
Memory consumption went from 64.0 MB to 64.0 MB.
Total: 4.156400 ms (FindLiveObjects: 0.040700 ms CreateObjectMapping: 0.007700 ms MarkObjects: 4.024800 ms  DeleteObjects: 0.082400 ms)

========================================================================
Received Import Request.
  Time since last request: 248091.555627 seconds.
  path: Assets/kenney_platformer-pack-industrial/PNG/Thumbs.db
  artifactKey: Guid(859714b1c15838547b14dae642728d08) Importer(2089858483,b0f066a214c2f5e87bad3c948f4d605d)
Start importing Assets/kenney_platformer-pack-industrial/PNG/Thumbs.db using Guid(859714b1c15838547b14dae642728d08) Importer(2089858483,b0f066a214c2f5e87bad3c948f4d605d) (ScriptedImporter) -> (artifact id: 'ebf04bc011303932e75479253491fe7f') in 0.0754201 seconds
Number of updated asset objects reloaded before import = 0Number of asset objects unloaded after import = 1

========================================================================
Received Import Request.
  Time since last request: 0.000021 seconds.
  path: Assets/kenney_platformer-pack-industrial/Spritesheet/platformerPack_industrial_tilesheet_52.asset
  artifactKey: Guid(169587fccc0cf9b4f9a9f9d6574c64c1) Importer(2089858483,b0f066a214c2f5e87bad3c948f4d605d)
Start importing Assets/kenney_platformer-pack-industrial/Spritesheet/platformerPack_industrial_tilesheet_52.asset using Guid(169587fccc0cf9b4f9a9f9d6574c64c1) Importer(2089858483,b0f066a214c2f5e87bad3c948f4d605d) (ScriptedImporter) -> (artifact id: '0db8b69dfd833515181b99f13b23765d') in 0.0600497 seconds
Number of updated asset objects reloaded before import = 0Number of asset objects unloaded after import = 2

========================================================================
Received Import Request.
  Time since last request: 0.000015 seconds.
  path: Assets/kenney_platformer-pack-industrial/Spritesheet/platformerPack_industrial_tilesheet_28.asset
  artifactKey: Guid(0e58d66447025c94dab7d924b68f0474) Importer(2089858483,b0f066a214c2f5e87bad3c948f4d605d)
Start importing Assets/kenney_platformer-pack-industrial/Spritesheet/platformerPack_industrial_tilesheet_28.asset using Guid(0e58d66447025c94dab7d924b68f0474) Importer(2089858483,b0f066a214c2f5e87bad3c948f4d605d) (ScriptedImporter) -> (artifact id: '2422a2d2525921f3728d819065949560') in 0.0204607 seconds
Number of updated asset objects reloaded before import = 0Number of asset objects unloaded after import = 2

========================================================================
Received Import Request.
  Time since last request: 0.000018 seconds.
  path: Assets/kenney_platformer-pack-industrial/Spritesheet/platformerPack_industrial_tilesheet_6.asset
  artifactKey: Guid(a8f92e955ae35dc40bc6dcc523eb13ea) Importer(2089858483,b0f066a214c2f5e87bad3c948f4d605d)
Start importing Assets/kenney_platformer-pack-industrial/Spritesheet/platformerPack_industrial_tilesheet_6.asset using Guid(a8f92e955ae35dc40bc6dcc523eb13ea) Importer(2089858483,b0f066a214c2f5e87bad3c948f4d605d) (ScriptedImporter) -> (artifact id: 'e97651267f99128553820d42e743fca2') in 0.0213744 seconds
Number of updated asset objects reloaded before import = 0Number of asset objects unloaded after import = 2

========================================================================
Received Import Request.
  Time since last request: 0.000019 seconds.
  path: Assets/kenney_platformer-pack-industrial/Spritesheet/platformerPack_industrial_tilesheet_78.asset
  artifactKey: Guid(8f9abd14160248a46892e55eb490f0ee) Importer(2089858483,b0f066a214c2f5e87bad3c948f4d605d)
Start importing Assets/kenney_platformer-pack-industrial/Spritesheet/platformerPack_industrial_tilesheet_78.asset using Guid(8f9abd14160248a46892e55eb490f0ee) Importer(2089858483,b0f066a214c2f5e87bad3c948f4d605d) (ScriptedImporter) -> (artifact id: 'df4e50867996893b175ddb1392b2ab13') in 0.0171006 seconds
Number of updated asset objects reloaded before import = 0Number of asset objects unloaded after import = 2

========================================================================
Received Import Request.
  Time since last request: 0.000021 seconds.
  path: Assets/kenney_platformer-pack-industrial/Spritesheet/platformerPack_industrial_tilesheet_1.asset
  artifactKey: Guid(5b5c04c093229024e97e6cf3df3d730b) Importer(2089858483,b0f066a214c2f5e87bad3c948f4d605d)
Start importing Assets/kenney_platformer-pack-industrial/Spritesheet/platformerPack_industrial_tilesheet_1.asset using Guid(5b5c04c093229024e97e6cf3df3d730b) Importer(2089858483,b0f066a214c2f5e87bad3c948f4d605d) (ScriptedImporter) -> (artifact id: 'a982b0a24aa0ddb08280c05503c7aaee') in 0.0187036 seconds
Number of updated asset objects reloaded before import = 0Number of asset objects unloaded after import = 2

========================================================================
Received Import Request.
  Time since last request: 0.000024 seconds.
  path: Assets/kenney_platformer-pack-industrial/Spritesheet/platformerPack_industrial_tilesheet_20.asset
  artifactKey: Guid(3e2d00bbaf46e8346a405560d14ae6cf) Importer(2089858483,b0f066a214c2f5e87bad3c948f4d605d)
Start importing Assets/kenney_platformer-pack-industrial/Spritesheet/platformerPack_industrial_tilesheet_20.asset using Guid(3e2d00bbaf46e8346a405560d14ae6cf) Importer(2089858483,b0f066a214c2f5e87bad3c948f4d605d) (ScriptedImporter) -> (artifact id: '2be87a18c36fea4895e588db9a2f2fd1') in 0.0158545 seconds
Number of updated asset objects reloaded before import = 0Number of asset objects unloaded after import = 2

========================================================================
Received Import Request.
  Time since last request: 0.000045 seconds.
  path: Assets/kenney_platformer-pack-industrial/Spritesheet/platformerPack_industrial_tilesheet_3.asset
  artifactKey: Guid(dec24a8e76660844b8fa361303f14f82) Importer(2089858483,b0f066a214c2f5e87bad3c948f4d605d)
Start importing Assets/kenney_platformer-pack-industrial/Spritesheet/platformerPack_industrial_tilesheet_3.asset using Guid(dec24a8e76660844b8fa361303f14f82) Importer(2089858483,b0f066a214c2f5e87bad3c948f4d605d) (ScriptedImporter) -> (artifact id: '5a09df0dfd4f594b28755890ea35e16f') in 0.0161597 seconds
Number of updated asset objects reloaded before import = 0Number of asset objects unloaded after import = 2

========================================================================
Received Import Request.
  Time since last request: 0.000022 seconds.
  path: Assets/kenney_platformer-pack-industrial/Spritesheet/platformerPack_industrial_tilesheet_70.asset
  artifactKey: Guid(dfdbcc569e6414741bf5ab00693f8628) Importer(2089858483,b0f066a214c2f5e87bad3c948f4d605d)
Start importing Assets/kenney_platformer-pack-industrial/Spritesheet/platformerPack_industrial_tilesheet_70.asset using Guid(dfdbcc569e6414741bf5ab00693f8628) Importer(2089858483,b0f066a214c2f5e87bad3c948f4d605d) (ScriptedImporter) -> (artifact id: 'd03b1c33ff33da87dc000a3ee7f96748') in 0.0163054 seconds
Number of updated asset objects reloaded before import = 0Number of asset objects unloaded after import = 2

========================================================================
Received Import Request.
  Time since last request: 0.000030 seconds.
  path: Assets/kenney_platformer-pack-industrial/Spritesheet/platformerPack_industrial_tilesheet_83.asset
  artifactKey: Guid(8999f3a7b4d01d949a5a7853f7b762a3) Importer(2089858483,b0f066a214c2f5e87bad3c948f4d605d)
Start importing Assets/kenney_platformer-pack-industrial/Spritesheet/platformerPack_industrial_tilesheet_83.asset using Guid(8999f3a7b4d01d949a5a7853f7b762a3) Importer(2089858483,b0f066a214c2f5e87bad3c948f4d605d) (ScriptedImporter) -> (artifact id: 'b40ad8d6755ee0d2da30707664bd4a6c') in 0.0154236 seconds
Number of updated asset objects reloaded before import = 0Number of asset objects unloaded after import = 2

========================================================================
Received Import Request.
  Time since last request: 0.000016 seconds.
  path: Assets/kenney_platformer-pack-industrial/Spritesheet/platformerPack_industrial_tilesheet_102.asset
  artifactKey: Guid(9c330724236babf43a6527990d39dda9) Importer(2089858483,b0f066a214c2f5e87bad3c948f4d605d)
Start importing Assets/kenney_platformer-pack-industrial/Spritesheet/platformerPack_industrial_tilesheet_102.asset using Guid(9c330724236babf43a6527990d39dda9) Importer(2089858483,b0f066a214c2f5e87bad3c948f4d605d) (ScriptedImporter) -> (artifact id: 'a6f74331c29b6d272a98ba57e0648fe4') in 0.0163296 seconds
Number of updated asset objects reloaded before import = 0Number of asset objects unloaded after import = 2

========================================================================
Received Import Request.
  Time since last request: 0.000024 seconds.
  path: Assets/kenney_platformer-pack-industrial/Spritesheet/platformerPack_industrial_tilesheet_64.asset
  artifactKey: Guid(2ea054d8428f40b489de26bdc8cdd968) Importer(2089858483,b0f066a214c2f5e87bad3c948f4d605d)
Start importing Assets/kenney_platformer-pack-industrial/Spritesheet/platformerPack_industrial_tilesheet_64.asset using Guid(2ea054d8428f40b489de26bdc8cdd968) Importer(2089858483,b0f066a214c2f5e87bad3c948f4d605d) (ScriptedImporter) -> (artifact id: 'e52f001f776f3913fc5f618b028bc5ee') in 0.0153103 seconds
Number of updated asset objects reloaded before import = 0Number of asset objects unloaded after import = 2

========================================================================
Received Import Request.
  Time since last request: 0.000015 seconds.
  path: Assets/kenney_platformer-pack-industrial/Spritesheet/platformerPack_industrial_tilesheet_91.asset
  artifactKey: Guid(cc7a9263341b00c468263b41378b996a) Importer(2089858483,b0f066a214c2f5e87bad3c948f4d605d)
Start importing Assets/kenney_platformer-pack-industrial/Spritesheet/platformerPack_industrial_tilesheet_91.asset using Guid(cc7a9263341b00c468263b41378b996a) Importer(2089858483,b0f066a214c2f5e87bad3c948f4d605d) (ScriptedImporter) -> (artifact id: 'ad6db644dac4a21e488f9b3e7864ec3f') in 0.0171594 seconds
Number of updated asset objects reloaded before import = 0Number of asset objects unloaded after import = 2

========================================================================
Received Import Request.
  Time since last request: 0.000018 seconds.
  path: Assets/kenney_platformer-pack-industrial/Spritesheet/platformerPack_industrial_tilesheet_97.asset
  artifactKey: Guid(786722790e9b5724f968916a53b49bcf) Importer(2089858483,b0f066a214c2f5e87bad3c948f4d605d)
Start importing Assets/kenney_platformer-pack-industrial/Spritesheet/platformerPack_industrial_tilesheet_97.asset using Guid(786722790e9b5724f968916a53b49bcf) Importer(2089858483,b0f066a214c2f5e87bad3c948f4d605d) (ScriptedImporter) -> (artifact id: '2e72ad6542efc41720d23ef6c95563e0') in 0.017443 seconds
Number of updated asset objects reloaded before import = 0Number of asset objects unloaded after import = 2

========================================================================
Received Import Request.
  Time since last request: 0.000026 seconds.
  path: Assets/kenney_platformer-pack-industrial/Spritesheet/platformerPack_industrial_tilesheet_86.asset
  artifactKey: Guid(b729286021bd723419bd055bf334d9aa) Importer(2089858483,b0f066a214c2f5e87bad3c948f4d605d)
Start importing Assets/kenney_platformer-pack-industrial/Spritesheet/platformerPack_industrial_tilesheet_86.asset using Guid(b729286021bd723419bd055bf334d9aa) Importer(2089858483,b0f066a214c2f5e87bad3c948f4d605d) (ScriptedImporter) -> (artifact id: '6d64f7f1b2e3fa1230ca610f7f9eb551') in 0.0188351 seconds
Number of updated asset objects reloaded before import = 0Number of asset objects unloaded after import = 2

========================================================================
Received Import Request.
  Time since last request: 0.000028 seconds.
  path: Assets/kenney_platformer-pack-industrial/PNG/Default size/platformIndustrial_003.png
  artifactKey: Guid(e0f21a6ed029f1e459dd6fa9e9fc4c53) Importer(2089858483,b0f066a214c2f5e87bad3c948f4d605d)
Start importing Assets/kenney_platformer-pack-industrial/PNG/Default size/platformIndustrial_003.png using Guid(e0f21a6ed029f1e459dd6fa9e9fc4c53) Importer(2089858483,b0f066a214c2f5e87bad3c948f4d605d) (ScriptedImporter) -> (artifact id: '3e9d98e1368a2cd7e867bac98e5875be') in 0.0680387 seconds
Number of updated asset objects reloaded before import = 0Number of asset objects unloaded after import = 3

========================================================================
Received Import Request.
  Time since last request: 0.000021 seconds.
  path: Assets/kenney_platformer-pack-industrial/Spritesheet/platformerPack_industrial_tilesheet_38.asset
  artifactKey: Guid(d777e4e1411aa4940bac72e07a5d809f) Importer(2089858483,b0f066a214c2f5e87bad3c948f4d605d)
Start importing Assets/kenney_platformer-pack-industrial/Spritesheet/platformerPack_industrial_tilesheet_38.asset using Guid(d777e4e1411aa4940bac72e07a5d809f) Importer(2089858483,b0f066a214c2f5e87bad3c948f4d605d) (ScriptedImporter) -> (artifact id: 'e806a80664d01edf6f629267cd0d0c78') in 0.0169687 seconds
Number of updated asset objects reloaded before import = 0Number of asset objects unloaded after import = 2

========================================================================
Received Import Request.
  Time since last request: 0.000031 seconds.
  path: Assets/kenney_platformer-pack-industrial/Sample.png
  artifactKey: Guid(34818c3b976d1c342a7c1e207b7e1c96) Importer(2089858483,b0f066a214c2f5e87bad3c948f4d605d)
Start importing Assets/kenney_platformer-pack-industrial/Sample.png using Guid(34818c3b976d1c342a7c1e207b7e1c96) Importer(2089858483,b0f066a214c2f5e87bad3c948f4d605d) (ScriptedImporter) -> (artifact id: 'eefe671317cba3b3ce459ebe4187b4f1') in 0.0241945 seconds
Number of updated asset objects reloaded before import = 0Number of asset objects unloaded after import = 3

========================================================================
Received Import Request.
  Time since last request: 0.000050 seconds.
  path: Assets/kenney_platformer-pack-industrial/Spritesheet/platformerPack_industrial_tilesheet_73.asset
  artifactKey: Guid(f063065d980f6b848bd41aff78eb86cb) Importer(2089858483,b0f066a214c2f5e87bad3c948f4d605d)
Start importing Assets/kenney_platformer-pack-industrial/Spritesheet/platformerPack_industrial_tilesheet_73.asset using Guid(f063065d980f6b848bd41aff78eb86cb) Importer(2089858483,b0f066a214c2f5e87bad3c948f4d605d) (ScriptedImporter) -> (artifact id: 'd62c4799d8bd7155141bf4ad97218963') in 0.0168428 seconds
Number of updated asset objects reloaded before import = 0Number of asset objects unloaded after import = 2

========================================================================
Received Import Request.
  Time since last request: 0.000018 seconds.
  path: Assets/kenney_platformer-pack-industrial/Spritesheet/platformerPack_industrial_tilesheet_41.asset
  artifactKey: Guid(4f2a470665854c24c8f5aa429a25edf2) Importer(2089858483,b0f066a214c2f5e87bad3c948f4d605d)
Start importing Assets/kenney_platformer-pack-industrial/Spritesheet/platformerPack_industrial_tilesheet_41.asset using Guid(4f2a470665854c24c8f5aa429a25edf2) Importer(2089858483,b0f066a214c2f5e87bad3c948f4d605d) (ScriptedImporter) -> (artifact id: 'b1301193b70acf1d3c28a3a23874d304') in 0.0189112 seconds
Number of updated asset objects reloaded before import = 0Number of asset objects unloaded after import = 2

========================================================================
Received Import Request.
  Time since last request: 0.000020 seconds.
  path: Assets/kenney_platformer-pack-industrial/Spritesheet/platformerPack_industrial_tilesheet_42.asset
  artifactKey: Guid(45d3adb21911f09459310696deedada6) Importer(2089858483,b0f066a214c2f5e87bad3c948f4d605d)
Start importing Assets/kenney_platformer-pack-industrial/Spritesheet/platformerPack_industrial_tilesheet_42.asset using Guid(45d3adb21911f09459310696deedada6) Importer(2089858483,b0f066a214c2f5e87bad3c948f4d605d) (ScriptedImporter) -> (artifact id: '93b8ca41f3520bc22e6013d483f67f94') in 0.0209247 seconds
Number of updated asset objects reloaded before import = 0Number of asset objects unloaded after import = 2

========================================================================
Received Import Request.
  Time since last request: 0.000018 seconds.
  path: Assets/kenney_platformer-pack-industrial/Spritesheet/platformerPack_industrial_tilesheet_14.asset
  artifactKey: Guid(718055c715992f54faf66f41758a0131) Importer(2089858483,b0f066a214c2f5e87bad3c948f4d605d)
Start importing Assets/kenney_platformer-pack-industrial/Spritesheet/platformerPack_industrial_tilesheet_14.asset using Guid(718055c715992f54faf66f41758a0131) Importer(2089858483,b0f066a214c2f5e87bad3c948f4d605d) (ScriptedImporter) -> (artifact id: 'b024c1786c7cc4fc1fb866aa7753fd5d') in 0.0156532 seconds
Number of updated asset objects reloaded before import = 0Number of asset objects unloaded after import = 2

========================================================================
Received Import Request.
  Time since last request: 0.000017 seconds.
  path: Assets/kenney_platformer-pack-industrial/Spritesheet/platformerPack_industrial_tilesheet_81.asset
  artifactKey: Guid(3ce4a4eaddd32f9428f457e6072e7573) Importer(2089858483,b0f066a214c2f5e87bad3c948f4d605d)
Start importing Assets/kenney_platformer-pack-industrial/Spritesheet/platformerPack_industrial_tilesheet_81.asset using Guid(3ce4a4eaddd32f9428f457e6072e7573) Importer(2089858483,b0f066a214c2f5e87bad3c948f4d605d) (ScriptedImporter) -> (artifact id: '7e5f61ba8035a063c15a7b493d7c8b3c') in 0.0167865 seconds
Number of updated asset objects reloaded before import = 0Number of asset objects unloaded after import = 2

========================================================================
Received Import Request.
  Time since last request: 0.000019 seconds.
  path: Assets/kenney_platformer-pack-industrial/Spritesheet/platformIndustrial_sheet.png
  artifactKey: Guid(d1fa7a0ac0e4c3847806e4b66363fd18) Importer(2089858483,b0f066a214c2f5e87bad3c948f4d605d)
Start importing Assets/kenney_platformer-pack-industrial/Spritesheet/platformIndustrial_sheet.png using Guid(d1fa7a0ac0e4c3847806e4b66363fd18) Importer(2089858483,b0f066a214c2f5e87bad3c948f4d605d) (ScriptedImporter) -> (artifact id: 'cab5f176eb29b0ddc732cc2270e1354a') in 0.0171302 seconds
Number of updated asset objects reloaded before import = 0Number of asset objects unloaded after import = 3

========================================================================
Received Import Request.
  Time since last request: 0.000017 seconds.
  path: Assets/kenney_platformer-pack-industrial/Spritesheet/platformerPack_industrial_tilesheet_19.asset
  artifactKey: Guid(b47a3d701b0d5204cb1543ae9f9e3907) Importer(2089858483,b0f066a214c2f5e87bad3c948f4d605d)
Start importing Assets/kenney_platformer-pack-industrial/Spritesheet/platformerPack_industrial_tilesheet_19.asset using Guid(b47a3d701b0d5204cb1543ae9f9e3907) Importer(2089858483,b0f066a214c2f5e87bad3c948f4d605d) (ScriptedImporter) -> (artifact id: '066114c37ea9d5e0373d068fb7616962') in 0.0150812 seconds
Number of updated asset objects reloaded before import = 0Number of asset objects unloaded after import = 2

========================================================================
Received Import Request.
  Time since last request: 0.000018 seconds.
  path: Assets/kenney_platformer-pack-industrial/Spritesheet/platformerPack_industrial_tilesheet_47.asset
  artifactKey: Guid(9ec83ddf072964847b5597ff64d0ee2c) Importer(2089858483,b0f066a214c2f5e87bad3c948f4d605d)
Start importing Assets/kenney_platformer-pack-industrial/Spritesheet/platformerPack_industrial_tilesheet_47.asset using Guid(9ec83ddf072964847b5597ff64d0ee2c) Importer(2089858483,b0f066a214c2f5e87bad3c948f4d605d) (ScriptedImporter) -> (artifact id: '506e66fc8cb258cd570f820ba001279e') in 0.0153797 seconds
Number of updated asset objects reloaded before import = 0Number of asset objects unloaded after import = 2

========================================================================
Received Import Request.
  Time since last request: 0.000026 seconds.
  path: Assets/kenney_platformer-pack-industrial/Spritesheet/platformerPack_industrial_tilesheet_11.asset
  artifactKey: Guid(e71725c563550034a8d349c0b91513a3) Importer(2089858483,b0f066a214c2f5e87bad3c948f4d605d)
Start importing Assets/kenney_platformer-pack-industrial/Spritesheet/platformerPack_industrial_tilesheet_11.asset using Guid(e71725c563550034a8d349c0b91513a3) Importer(2089858483,b0f066a214c2f5e87bad3c948f4d605d) (ScriptedImporter) -> (artifact id: '8a778fb03e225e3bb0938eacd86b20bb') in 0.0160824 seconds
Number of updated asset objects reloaded before import = 0Number of asset objects unloaded after import = 2

========================================================================
Received Import Request.
  Time since last request: 0.000016 seconds.
  path: Assets/kenney_platformer-pack-industrial/Tilesheet/platformerPack_industrial_tilesheet@2.png
  artifactKey: Guid(0d4c9bc0ed55e1047bc7a72ce1f44bb7) Importer(2089858483,b0f066a214c2f5e87bad3c948f4d605d)
Start importing Assets/kenney_platformer-pack-industrial/Tilesheet/platformerPack_industrial_tilesheet@2.png using Guid(0d4c9bc0ed55e1047bc7a72ce1f44bb7) Importer(2089858483,b0f066a214c2f5e87bad3c948f4d605d) (ScriptedImporter) -> (artifact id: '87be49bc6b3ce8e0ec024c27162d733e') in 0.0242138 seconds
Number of updated asset objects reloaded before import = 0Number of asset objects unloaded after import = 3

========================================================================
Received Import Request.
  Time since last request: 0.000026 seconds.
  path: Assets/kenney_platformer-pack-industrial/Spritesheet/platformIndustrial_sheet@2.png
  artifactKey: Guid(8844ddff7988aa445a74c203973131bc) Importer(2089858483,b0f066a214c2f5e87bad3c948f4d605d)
Start importing Assets/kenney_platformer-pack-industrial/Spritesheet/platformIndustrial_sheet@2.png using Guid(8844ddff7988aa445a74c203973131bc) Importer(2089858483,b0f066a214c2f5e87bad3c948f4d605d) (ScriptedImporter) -> (artifact id: '02a14e7b8765c95af3360ffe3b363537') in 0.0228487 seconds
Number of updated asset objects reloaded before import = 0Number of asset objects unloaded after import = 3

========================================================================
Received Import Request.
  Time since last request: 0.000020 seconds.
  path: Assets/kenney_platformer-pack-industrial/Spritesheet/platformerPack_industrial_tilesheet_40.asset
  artifactKey: Guid(2a0024ec7850588438f9bd68edd2907b) Importer(2089858483,b0f066a214c2f5e87bad3c948f4d605d)
Start importing Assets/kenney_platformer-pack-industrial/Spritesheet/platformerPack_industrial_tilesheet_40.asset using Guid(2a0024ec7850588438f9bd68edd2907b) Importer(2089858483,b0f066a214c2f5e87bad3c948f4d605d) (ScriptedImporter) -> (artifact id: '16c7de68c7f48d2c0d009a3cd9246931') in 0.0181186 seconds
Number of updated asset objects reloaded before import = 0Number of asset objects unloaded after import = 2

========================================================================
Received Import Request.
  Time since last request: 0.000021 seconds.
  path: Assets/kenney_platformer-pack-industrial/Spritesheet/platformerPack_industrial_tilesheet_29.asset
  artifactKey: Guid(e0a9149520ecaf24b975d63c0d83d6f2) Importer(2089858483,b0f066a214c2f5e87bad3c948f4d605d)
Start importing Assets/kenney_platformer-pack-industrial/Spritesheet/platformerPack_industrial_tilesheet_29.asset using Guid(e0a9149520ecaf24b975d63c0d83d6f2) Importer(2089858483,b0f066a214c2f5e87bad3c948f4d605d) (ScriptedImporter) -> (artifact id: '9b63df11caba59f104bf076fabfff6b4') in 0.0172215 seconds
Number of updated asset objects reloaded before import = 0Number of asset objects unloaded after import = 2

========================================================================
Received Import Request.
  Time since last request: 0.000029 seconds.
  path: Assets/kenney_platformer-pack-industrial/Spritesheet/platformerPack_industrial_tilesheet_66.asset
  artifactKey: Guid(35f2723bdfacb7847970db02e8f8c1e0) Importer(2089858483,b0f066a214c2f5e87bad3c948f4d605d)
Start importing Assets/kenney_platformer-pack-industrial/Spritesheet/platformerPack_industrial_tilesheet_66.asset using Guid(35f2723bdfacb7847970db02e8f8c1e0) Importer(2089858483,b0f066a214c2f5e87bad3c948f4d605d) (ScriptedImporter) -> (artifact id: '7def4f57deffeb4b1e7738202abe323f') in 0.0152681 seconds
Number of updated asset objects reloaded before import = 0Number of asset objects unloaded after import = 2

========================================================================
Received Import Request.
  Time since last request: 0.000021 seconds.
  path: Assets/kenney_platformer-pack-industrial/License.txt
  artifactKey: Guid(683fa250ae324a4499260bcc23c4e25c) Importer(2089858483,b0f066a214c2f5e87bad3c948f4d605d)
Start importing Assets/kenney_platformer-pack-industrial/License.txt using Guid(683fa250ae324a4499260bcc23c4e25c) Importer(2089858483,b0f066a214c2f5e87bad3c948f4d605d) (ScriptedImporter) -> (artifact id: '2f56648d98e62548b299a1add6a9a3f5') in 0.0149035 seconds
Number of updated asset objects reloaded before import = 0Number of asset objects unloaded after import = 1

========================================================================
Received Import Request.
  Time since last request: 0.000023 seconds.
  path: Assets/kenney_platformer-pack-industrial/PNG/Default size/platformIndustrial_002.png
  artifactKey: Guid(7e5b288e30d131747a82add6a41c214b) Importer(2089858483,b0f066a214c2f5e87bad3c948f4d605d)
Start importing Assets/kenney_platformer-pack-industrial/PNG/Default size/platformIndustrial_002.png using Guid(7e5b288e30d131747a82add6a41c214b) Importer(2089858483,b0f066a214c2f5e87bad3c948f4d605d) (ScriptedImporter) -> (artifact id: '9a6c2aff0584c4cd0b4bd892ca4be2a5') in 0.0215684 seconds
Number of updated asset objects reloaded before import = 0Number of asset objects unloaded after import = 3

========================================================================
Received Import Request.
  Time since last request: 0.000027 seconds.
  path: Assets/kenney_platformer-pack-industrial/Spritesheet/platformerPack_industrial_tilesheet_15.asset
  artifactKey: Guid(13f0c801629001d48b1ae78a1463890c) Importer(2089858483,b0f066a214c2f5e87bad3c948f4d605d)
Start importing Assets/kenney_platformer-pack-industrial/Spritesheet/platformerPack_industrial_tilesheet_15.asset using Guid(13f0c801629001d48b1ae78a1463890c) Importer(2089858483,b0f066a214c2f5e87bad3c948f4d605d) (ScriptedImporter) -> (artifact id: '85ee2d13d01dfd74c9181a3f5a890843') in 0.0170307 seconds
Number of updated asset objects reloaded before import = 0Number of asset objects unloaded after import = 2

========================================================================
Received Import Request.
  Time since last request: 0.025407 seconds.
  path: Assets/kenney_platformer-pack-industrial/PNG/Default size/platformIndustrial_004.png
  artifactKey: Guid(23cb1a3ad57ff944a9157cbf157e74dd) Importer(2089858483,b0f066a214c2f5e87bad3c948f4d605d)
Start importing Assets/kenney_platformer-pack-industrial/PNG/Default size/platformIndustrial_004.png using Guid(23cb1a3ad57ff944a9157cbf157e74dd) Importer(2089858483,b0f066a214c2f5e87bad3c948f4d605d) (ScriptedImporter) -> (artifact id: 'c1d6b6b2afc8c93a3c5f886f5e7a5ef3') in 0.0158711 seconds
Number of updated asset objects reloaded before import = 0Number of asset objects unloaded after import = 3

========================================================================
Received Import Request.
  Time since last request: 0.000019 seconds.
  path: Assets/kenney_platformer-pack-industrial/PNG/Default size/platformIndustrial_034.png
  artifactKey: Guid(1f1eb3c0af7fe8a47b7061f4d7e0d7b6) Importer(2089858483,b0f066a214c2f5e87bad3c948f4d605d)
Start importing Assets/kenney_platformer-pack-industrial/PNG/Default size/platformIndustrial_034.png using Guid(1f1eb3c0af7fe8a47b7061f4d7e0d7b6) Importer(2089858483,b0f066a214c2f5e87bad3c948f4d605d) (ScriptedImporter) -> (artifact id: '48fdf3084e0da0402229c0c4280fe2ce') in 0.0218228 seconds
Number of updated asset objects reloaded before import = 0Number of asset objects unloaded after import = 3

========================================================================
Received Import Request.
  Time since last request: 0.000020 seconds.
  path: Assets/kenney_platformer-pack-industrial/PNG/Default size/platformIndustrial_018.png
  artifactKey: Guid(fb1c7e1b4ade4a347ac4676b9989313c) Importer(2089858483,b0f066a214c2f5e87bad3c948f4d605d)
Start importing Assets/kenney_platformer-pack-industrial/PNG/Default size/platformIndustrial_018.png using Guid(fb1c7e1b4ade4a347ac4676b9989313c) Importer(2089858483,b0f066a214c2f5e87bad3c948f4d605d) (ScriptedImporter) -> (artifact id: '4a37e2ebca351f9eccde2e74f481a885') in 0.0210975 seconds
Number of updated asset objects reloaded before import = 0Number of asset objects unloaded after import = 3

========================================================================
Received Import Request.
  Time since last request: 0.000019 seconds.
  path: Assets/kenney_platformer-pack-industrial/PNG/Default size/platformIndustrial_069.png
  artifactKey: Guid(4892b406fdc6d614881eb64a077dccc0) Importer(2089858483,b0f066a214c2f5e87bad3c948f4d605d)
Start importing Assets/kenney_platformer-pack-industrial/PNG/Default size/platformIndustrial_069.png using Guid(4892b406fdc6d614881eb64a077dccc0) Importer(2089858483,b0f066a214c2f5e87bad3c948f4d605d) (ScriptedImporter) -> (artifact id: '0f50026b0ac14ee243243aca2bfaf9fa') in 0.0185647 seconds
Number of updated asset objects reloaded before import = 0Number of asset objects unloaded after import = 3

========================================================================
Received Import Request.
  Time since last request: 0.000017 seconds.
  path: Assets/kenney_platformer-pack-industrial/PNG/Default size/platformIndustrial_010.png
  artifactKey: Guid(e7e0514612f889b44bb0131e5cd087c9) Importer(2089858483,b0f066a214c2f5e87bad3c948f4d605d)
Start importing Assets/kenney_platformer-pack-industrial/PNG/Default size/platformIndustrial_010.png using Guid(e7e0514612f889b44bb0131e5cd087c9) Importer(2089858483,b0f066a214c2f5e87bad3c948f4d605d) (ScriptedImporter) -> (artifact id: 'f6f7782699527c7a5a57712a234994af') in 0.0213192 seconds
Number of updated asset objects reloaded before import = 0Number of asset objects unloaded after import = 3

========================================================================
Received Import Request.
  Time since last request: 0.000020 seconds.
  path: Assets/kenney_platformer-pack-industrial/PNG/Default size/platformIndustrial_039.png
  artifactKey: Guid(3ac1507b07fe7bd45aa6c533e76a7e56) Importer(2089858483,b0f066a214c2f5e87bad3c948f4d605d)
Start importing Assets/kenney_platformer-pack-industrial/PNG/Default size/platformIndustrial_039.png using Guid(3ac1507b07fe7bd45aa6c533e76a7e56) Importer(2089858483,b0f066a214c2f5e87bad3c948f4d605d) (ScriptedImporter) -> (artifact id: 'e4751683429614a0bb4d6dc8b0e1c09e') in 0.0193667 seconds
Number of updated asset objects reloaded before import = 0Number of asset objects unloaded after import = 3

========================================================================
Received Import Request.
  Time since last request: 0.000024 seconds.
  path: Assets/kenney_platformer-pack-industrial/PNG/Default size/platformIndustrial_060.png
  artifactKey: Guid(47d0c41eed571d9408c6b23167865825) Importer(2089858483,b0f066a214c2f5e87bad3c948f4d605d)
Start importing Assets/kenney_platformer-pack-industrial/PNG/Default size/platformIndustrial_060.png using Guid(47d0c41eed571d9408c6b23167865825) Importer(2089858483,b0f066a214c2f5e87bad3c948f4d605d) (ScriptedImporter) -> (artifact id: 'a67287b86fde69b2938e9d854e7fb0fb') in 0.0210314 seconds
Number of updated asset objects reloaded before import = 0Number of asset objects unloaded after import = 3

========================================================================
Received Import Request.
  Time since last request: 0.000032 seconds.
  path: Assets/kenney_platformer-pack-industrial/PNG/Default size/platformIndustrial_035.png
  artifactKey: Guid(9ea02a2989b247f42aa366d2df07e860) Importer(2089858483,b0f066a214c2f5e87bad3c948f4d605d)
Start importing Assets/kenney_platformer-pack-industrial/PNG/Default size/platformIndustrial_035.png using Guid(9ea02a2989b247f42aa366d2df07e860) Importer(2089858483,b0f066a214c2f5e87bad3c948f4d605d) (ScriptedImporter) -> (artifact id: '91a02f4accb089b532f5ec8912f5d5c9') in 0.019207 seconds
Number of updated asset objects reloaded before import = 0Number of asset objects unloaded after import = 3

========================================================================
Received Import Request.
  Time since last request: 0.000018 seconds.
  path: Assets/kenney_platformer-pack-industrial/PNG/Default size/platformIndustrial_063.png
  artifactKey: Guid(f9cca6d9b0c90194ca8fc38cc444e1c0) Importer(2089858483,b0f066a214c2f5e87bad3c948f4d605d)
Start importing Assets/kenney_platformer-pack-industrial/PNG/Default size/platformIndustrial_063.png using Guid(f9cca6d9b0c90194ca8fc38cc444e1c0) Importer(2089858483,b0f066a214c2f5e87bad3c948f4d605d) (ScriptedImporter) -> (artifact id: '8009a7ce06c8be65c1784a206b0aaf00') in 0.0196334 seconds
Number of updated asset objects reloaded before import = 0Number of asset objects unloaded after import = 3

========================================================================
Received Import Request.
  Time since last request: 0.000022 seconds.
  path: Assets/kenney_platformer-pack-industrial/PNG/Default size/platformIndustrial_009.png
  artifactKey: Guid(f32a740f2f095f04ea4d38810e7f7039) Importer(2089858483,b0f066a214c2f5e87bad3c948f4d605d)
Start importing Assets/kenney_platformer-pack-industrial/PNG/Default size/platformIndustrial_009.png using Guid(f32a740f2f095f04ea4d38810e7f7039) Importer(2089858483,b0f066a214c2f5e87bad3c948f4d605d) (ScriptedImporter) -> (artifact id: '107279e2c064a765fda88cf8c3fc168e') in 0.0204565 seconds
Number of updated asset objects reloaded before import = 0Number of asset objects unloaded after import = 3

========================================================================
Received Import Request.
  Time since last request: 0.000022 seconds.
  path: Assets/kenney_platformer-pack-industrial/PNG/Default size/platformIndustrial_016.png
  artifactKey: Guid(c61773c245886974e8041e15ecb07c44) Importer(2089858483,b0f066a214c2f5e87bad3c948f4d605d)
Start importing Assets/kenney_platformer-pack-industrial/PNG/Default size/platformIndustrial_016.png using Guid(c61773c245886974e8041e15ecb07c44) Importer(2089858483,b0f066a214c2f5e87bad3c948f4d605d) (ScriptedImporter) -> (artifact id: '4c6b53301ea436d17543fce69083952d') in 0.0193287 seconds
Number of updated asset objects reloaded before import = 0Number of asset objects unloaded after import = 3

========================================================================
Received Import Request.
  Time since last request: 0.000016 seconds.
  path: Assets/kenney_platformer-pack-industrial/PNG/Default size/platformIndustrial_028.png
  artifactKey: Guid(f77a583995dfca8428c92b5141b65de2) Importer(2089858483,b0f066a214c2f5e87bad3c948f4d605d)
Start importing Assets/kenney_platformer-pack-industrial/PNG/Default size/platformIndustrial_028.png using Guid(f77a583995dfca8428c92b5141b65de2) Importer(2089858483,b0f066a214c2f5e87bad3c948f4d605d) (ScriptedImporter) -> (artifact id: '0f28898c7b1fe37ead5a142d33156236') in 0.0176985 seconds
Number of updated asset objects reloaded before import = 0Number of asset objects unloaded after import = 3

========================================================================
Received Import Request.
  Time since last request: 0.000018 seconds.
  path: Assets/kenney_platformer-pack-industrial/PNG/Default size/platformIndustrial_080.png
  artifactKey: Guid(c9769add8da456646b7ecb3019d28ab7) Importer(2089858483,b0f066a214c2f5e87bad3c948f4d605d)
Start importing Assets/kenney_platformer-pack-industrial/PNG/Default size/platformIndustrial_080.png using Guid(c9769add8da456646b7ecb3019d28ab7) Importer(2089858483,b0f066a214c2f5e87bad3c948f4d605d) (ScriptedImporter) -> (artifact id: 'd3917c4b49f88a5a246395816195547f') in 0.0169785 seconds
Number of updated asset objects reloaded before import = 0Number of asset objects unloaded after import = 3

========================================================================
Received Import Request.
  Time since last request: 0.000020 seconds.
  path: Assets/kenney_platformer-pack-industrial/PNG/Default size/platformIndustrial_013.png
  artifactKey: Guid(6314a9f2783fc1c4d913374b923b5220) Importer(2089858483,b0f066a214c2f5e87bad3c948f4d605d)
Start importing Assets/kenney_platformer-pack-industrial/PNG/Default size/platformIndustrial_013.png using Guid(6314a9f2783fc1c4d913374b923b5220) Importer(2089858483,b0f066a214c2f5e87bad3c948f4d605d) (ScriptedImporter) -> (artifact id: 'cd1016093db379857b52aca8e6e93910') in 0.0186359 seconds
Number of updated asset objects reloaded before import = 0Number of asset objects unloaded after import = 3

========================================================================
Received Import Request.
  Time since last request: 0.000019 seconds.
  path: Assets/kenney_platformer-pack-industrial/PNG/Default size/platformIndustrial_097.png
  artifactKey: Guid(6c016dbe15292e74d8a9cecb03597220) Importer(2089858483,b0f066a214c2f5e87bad3c948f4d605d)
Start importing Assets/kenney_platformer-pack-industrial/PNG/Default size/platformIndustrial_097.png using Guid(6c016dbe15292e74d8a9cecb03597220) Importer(2089858483,b0f066a214c2f5e87bad3c948f4d605d) (ScriptedImporter) -> (artifact id: 'bbf6087ff2260f24211e59c0e9067b53') in 0.0176188 seconds
Number of updated asset objects reloaded before import = 0Number of asset objects unloaded after import = 3

========================================================================
Received Import Request.
  Time since last request: 0.000019 seconds.
  path: Assets/kenney_platformer-pack-industrial/PNG/Default size/platformIndustrial_049.png
  artifactKey: Guid(9df664125dcc4a14c98ff44dc1aa8612) Importer(2089858483,b0f066a214c2f5e87bad3c948f4d605d)
Start importing Assets/kenney_platformer-pack-industrial/PNG/Default size/platformIndustrial_049.png using Guid(9df664125dcc4a14c98ff44dc1aa8612) Importer(2089858483,b0f066a214c2f5e87bad3c948f4d605d) (ScriptedImporter) -> (artifact id: '55894f1e59ba4fb04e8a61b73ec7f0fe') in 0.0166796 seconds
Number of updated asset objects reloaded before import = 0Number of asset objects unloaded after import = 3

========================================================================
Received Import Request.
  Time since last request: 0.000020 seconds.
  path: Assets/kenney_platformer-pack-industrial/PNG/Default size/platformIndustrial_033.png
  artifactKey: Guid(54575aa617cf85f478f9fce2fbaa9bd5) Importer(2089858483,b0f066a214c2f5e87bad3c948f4d605d)
Start importing Assets/kenney_platformer-pack-industrial/PNG/Default size/platformIndustrial_033.png using Guid(54575aa617cf85f478f9fce2fbaa9bd5) Importer(2089858483,b0f066a214c2f5e87bad3c948f4d605d) (ScriptedImporter) -> (artifact id: 'fb17fd1b6db0ac3931e1f710fe79c17d') in 0.0180247 seconds
Number of updated asset objects reloaded before import = 0Number of asset objects unloaded after import = 3

========================================================================
Received Import Request.
  Time since last request: 0.000017 seconds.
  path: Assets/kenney_platformer-pack-industrial/PNG/Default size/platformIndustrial_043.png
  artifactKey: Guid(1f7c9ddec5453ad45be5711ad4ca3375) Importer(2089858483,b0f066a214c2f5e87bad3c948f4d605d)
Start importing Assets/kenney_platformer-pack-industrial/PNG/Default size/platformIndustrial_043.png using Guid(1f7c9ddec5453ad45be5711ad4ca3375) Importer(2089858483,b0f066a214c2f5e87bad3c948f4d605d) (ScriptedImporter) -> (artifact id: 'fbac7a2b8a8e91baa6d53fff29d301ff') in 0.0172373 seconds
Number of updated asset objects reloaded before import = 0Number of asset objects unloaded after import = 3

========================================================================
Received Import Request.
  Time since last request: 0.000022 seconds.
  path: Assets/kenney_platformer-pack-industrial/PNG/Default size/platformIndustrial_093.png
  artifactKey: Guid(531720fb500c520459421243ffd08f2d) Importer(2089858483,b0f066a214c2f5e87bad3c948f4d605d)
Start importing Assets/kenney_platformer-pack-industrial/PNG/Default size/platformIndustrial_093.png using Guid(531720fb500c520459421243ffd08f2d) Importer(2089858483,b0f066a214c2f5e87bad3c948f4d605d) (ScriptedImporter) -> (artifact id: 'd37b921dfec0321f32f90b41ff16fadc') in 0.033158 seconds
Number of updated asset objects reloaded before import = 0Number of asset objects unloaded after import = 3

========================================================================
Received Import Request.
  Time since last request: 0.000024 seconds.
  path: Assets/kenney_platformer-pack-industrial/PNG/Default size/platformIndustrial_021.png
  artifactKey: Guid(4a3f2eea69fb74a44a722f11aacb8d08) Importer(2089858483,b0f066a214c2f5e87bad3c948f4d605d)
Start importing Assets/kenney_platformer-pack-industrial/PNG/Default size/platformIndustrial_021.png using Guid(4a3f2eea69fb74a44a722f11aacb8d08) Importer(2089858483,b0f066a214c2f5e87bad3c948f4d605d) (ScriptedImporter) -> (artifact id: '3e7bde3391804ebc53ee87955a12f6b2') in 0.017257 seconds
Number of updated asset objects reloaded before import = 0Number of asset objects unloaded after import = 3

========================================================================
Received Import Request.
  Time since last request: 0.000024 seconds.
  path: Assets/kenney_platformer-pack-industrial/PNG/Default size/platformIndustrial_037.png
  artifactKey: Guid(ecc717f128c6fbc4599ef9354309c593) Importer(2089858483,b0f066a214c2f5e87bad3c948f4d605d)
Start importing Assets/kenney_platformer-pack-industrial/PNG/Default size/platformIndustrial_037.png using Guid(ecc717f128c6fbc4599ef9354309c593) Importer(2089858483,b0f066a214c2f5e87bad3c948f4d605d) (ScriptedImporter) -> (artifact id: '98781aed36e8b5199fa30c653001b9ea') in 0.018935 seconds
Number of updated asset objects reloaded before import = 0Number of asset objects unloaded after import = 3

========================================================================
Received Import Request.
  Time since last request: 0.000015 seconds.
  path: Assets/kenney_platformer-pack-industrial/PNG/Default size/platformIndustrial_015.png
  artifactKey: Guid(5870fab634e37a942aa4e24ba29c62df) Importer(2089858483,b0f066a214c2f5e87bad3c948f4d605d)
Start importing Assets/kenney_platformer-pack-industrial/PNG/Default size/platformIndustrial_015.png using Guid(5870fab634e37a942aa4e24ba29c62df) Importer(2089858483,b0f066a214c2f5e87bad3c948f4d605d) (ScriptedImporter) -> (artifact id: 'ed7d18a3c6131f65faaf4dcb37e691ad') in 0.0156038 seconds
Number of updated asset objects reloaded before import = 0Number of asset objects unloaded after import = 3

========================================================================
Received Import Request.
  Time since last request: 0.000021 seconds.
  path: Assets/kenney_platformer-pack-industrial/PNG/Default size/platformIndustrial_084.png
  artifactKey: Guid(c457d3affe50b4246802d6cc23689c08) Importer(2089858483,b0f066a214c2f5e87bad3c948f4d605d)
Start importing Assets/kenney_platformer-pack-industrial/PNG/Default size/platformIndustrial_084.png using Guid(c457d3affe50b4246802d6cc23689c08) Importer(2089858483,b0f066a214c2f5e87bad3c948f4d605d) (ScriptedImporter) -> (artifact id: 'ccaf77ab4369a8bae434fe084a4e1eb1') in 0.0166138 seconds
Number of updated asset objects reloaded before import = 0Number of asset objects unloaded after import = 3

========================================================================
Received Import Request.
  Time since last request: 0.000016 seconds.
  path: Assets/kenney_platformer-pack-industrial/PNG/Default size/platformIndustrial_040.png
  artifactKey: Guid(cf0ed8a0af7786345bb68fefe2efbe0a) Importer(2089858483,b0f066a214c2f5e87bad3c948f4d605d)
Start importing Assets/kenney_platformer-pack-industrial/PNG/Default size/platformIndustrial_040.png using Guid(cf0ed8a0af7786345bb68fefe2efbe0a) Importer(2089858483,b0f066a214c2f5e87bad3c948f4d605d) (ScriptedImporter) -> (artifact id: '32f2684caabe996374c9485e7017d2eb') in 0.0197247 seconds
Number of updated asset objects reloaded before import = 0Number of asset objects unloaded after import = 3

========================================================================
Received Import Request.
  Time since last request: 0.000021 seconds.
  path: Assets/kenney_platformer-pack-industrial/PNG/Default size/platformIndustrial_024.png
  artifactKey: Guid(1116b5ba8ed94d64083c70888b98ed13) Importer(2089858483,b0f066a214c2f5e87bad3c948f4d605d)
Start importing Assets/kenney_platformer-pack-industrial/PNG/Default size/platformIndustrial_024.png using Guid(1116b5ba8ed94d64083c70888b98ed13) Importer(2089858483,b0f066a214c2f5e87bad3c948f4d605d) (ScriptedImporter) -> (artifact id: 'ea5d403ff8c583d16868e1635e3e4981') in 0.0223412 seconds
Number of updated asset objects reloaded before import = 0Number of asset objects unloaded after import = 3

========================================================================
Received Import Request.
  Time since last request: 0.009028 seconds.
  path: Assets/kenney_platformer-pack-industrial/PNG/Default size/platformIndustrial_104.png
  artifactKey: Guid(8578aa6f30230104a9d5a991437612e8) Importer(2089858483,b0f066a214c2f5e87bad3c948f4d605d)
Start importing Assets/kenney_platformer-pack-industrial/PNG/Default size/platformIndustrial_104.png using Guid(8578aa6f30230104a9d5a991437612e8) Importer(2089858483,b0f066a214c2f5e87bad3c948f4d605d) (ScriptedImporter) -> (artifact id: 'a02da98e826e72057a9b63704439e366') in 0.0230069 seconds
Number of updated asset objects reloaded before import = 0Number of asset objects unloaded after import = 3

========================================================================
Received Import Request.
  Time since last request: 0.000022 seconds.
  path: Assets/kenney_platformer-pack-industrial/PNG/Retina/platformIndustrial_079.png
  artifactKey: Guid(82b255cb251a5f349b9125ccad330695) Importer(2089858483,b0f066a214c2f5e87bad3c948f4d605d)
Start importing Assets/kenney_platformer-pack-industrial/PNG/Retina/platformIndustrial_079.png using Guid(82b255cb251a5f349b9125ccad330695) Importer(2089858483,b0f066a214c2f5e87bad3c948f4d605d) (ScriptedImporter) -> (artifact id: '4ec0d20030da11b489c4a1fac6a6ea50') in 0.0224615 seconds
Number of updated asset objects reloaded before import = 0Number of asset objects unloaded after import = 3

========================================================================
Received Import Request.
  Time since last request: 0.000024 seconds.
  path: Assets/kenney_platformer-pack-industrial/PNG/Retina/platformIndustrial_048.png
  artifactKey: Guid(018f7ee699a35b04581d87d0cfe6c6db) Importer(2089858483,b0f066a214c2f5e87bad3c948f4d605d)
Start importing Assets/kenney_platformer-pack-industrial/PNG/Retina/platformIndustrial_048.png using Guid(018f7ee699a35b04581d87d0cfe6c6db) Importer(2089858483,b0f066a214c2f5e87bad3c948f4d605d) (ScriptedImporter) -> (artifact id: 'd59167f25d3f9d1f4e511118687f8417') in 0.0329236 seconds
Number of updated asset objects reloaded before import = 0Number of asset objects unloaded after import = 3

========================================================================
Received Import Request.
  Time since last request: 0.000023 seconds.
  path: Assets/kenney_platformer-pack-industrial/PNG/Retina/platformIndustrial_074.png
  artifactKey: Guid(bd0cc6296df5a9e4f9280cbe71c4b741) Importer(2089858483,b0f066a214c2f5e87bad3c948f4d605d)
Start importing Assets/kenney_platformer-pack-industrial/PNG/Retina/platformIndustrial_074.png using Guid(bd0cc6296df5a9e4f9280cbe71c4b741) Importer(2089858483,b0f066a214c2f5e87bad3c948f4d605d) (ScriptedImporter) -> (artifact id: '84451979350cab086f42261f1926828f') in 0.0228765 seconds
Number of updated asset objects reloaded before import = 0Number of asset objects unloaded after import = 3

========================================================================
Received Import Request.
  Time since last request: 0.000021 seconds.
  path: Assets/kenney_platformer-pack-industrial/PNG/Retina/platformIndustrial_039.png
  artifactKey: Guid(587e3e92b588a5446a55e3cacc21f20f) Importer(2089858483,b0f066a214c2f5e87bad3c948f4d605d)
Start importing Assets/kenney_platformer-pack-industrial/PNG/Retina/platformIndustrial_039.png using Guid(587e3e92b588a5446a55e3cacc21f20f) Importer(2089858483,b0f066a214c2f5e87bad3c948f4d605d) (ScriptedImporter) -> (artifact id: 'b0f323d5fae81255e4926287f5525e96') in 0.0164417 seconds
Number of updated asset objects reloaded before import = 0Number of asset objects unloaded after import = 3

========================================================================
Received Import Request.
  Time since last request: 0.000026 seconds.
  path: Assets/kenney_platformer-pack-industrial/PNG/Retina/platformIndustrial_070.png
  artifactKey: Guid(2f4f0c0583fc6d2429106c7c05a36f2b) Importer(2089858483,b0f066a214c2f5e87bad3c948f4d605d)
Start importing Assets/kenney_platformer-pack-industrial/PNG/Retina/platformIndustrial_070.png using Guid(2f4f0c0583fc6d2429106c7c05a36f2b) Importer(2089858483,b0f066a214c2f5e87bad3c948f4d605d) (ScriptedImporter) -> (artifact id: '5752fdf51ab95e896263bb15f3aaae80') in 0.017385 seconds
Number of updated asset objects reloaded before import = 0Number of asset objects unloaded after import = 3

========================================================================
Received Import Request.
  Time since last request: 0.000024 seconds.
  path: Assets/kenney_platformer-pack-industrial/PNG/Default size/platformIndustrial_108.png
  artifactKey: Guid(086c82356e603a145b7b2ab4ff7453b9) Importer(2089858483,b0f066a214c2f5e87bad3c948f4d605d)
Start importing Assets/kenney_platformer-pack-industrial/PNG/Default size/platformIndustrial_108.png using Guid(086c82356e603a145b7b2ab4ff7453b9) Importer(2089858483,b0f066a214c2f5e87bad3c948f4d605d) (ScriptedImporter) -> (artifact id: '35306aa684beadff6d9bfa45b49c8442') in 0.017871 seconds
Number of updated asset objects reloaded before import = 0Number of asset objects unloaded after import = 3

========================================================================
Received Import Request.
  Time since last request: 0.000018 seconds.
  path: Assets/kenney_platformer-pack-industrial/PNG/Retina/platformIndustrial_063.png
  artifactKey: Guid(372634702da784344b1dcf18fe0d00e3) Importer(2089858483,b0f066a214c2f5e87bad3c948f4d605d)
Start importing Assets/kenney_platformer-pack-industrial/PNG/Retina/platformIndustrial_063.png using Guid(372634702da784344b1dcf18fe0d00e3) Importer(2089858483,b0f066a214c2f5e87bad3c948f4d605d) (ScriptedImporter) -> (artifact id: '389960f30f38d366bf1e0317dd197da5') in 0.0174422 seconds
Number of updated asset objects reloaded before import = 0Number of asset objects unloaded after import = 3

========================================================================
Received Import Request.
  Time since last request: 0.000020 seconds.
  path: Assets/kenney_platformer-pack-industrial/PNG/Retina/platformIndustrial_109.png
  artifactKey: Guid(5495f7f50d55b8247ab539620fa8195c) Importer(2089858483,b0f066a214c2f5e87bad3c948f4d605d)
Start importing Assets/kenney_platformer-pack-industrial/PNG/Retina/platformIndustrial_109.png using Guid(5495f7f50d55b8247ab539620fa8195c) Importer(2089858483,b0f066a214c2f5e87bad3c948f4d605d) (ScriptedImporter) -> (artifact id: '5b955067e44535c6550fd7d4000d5201') in 0.0183737 seconds
Number of updated asset objects reloaded before import = 0Number of asset objects unloaded after import = 3

========================================================================
Received Import Request.
  Time since last request: 0.000016 seconds.
  path: Assets/kenney_platformer-pack-industrial/PNG/Retina/platformIndustrial_046.png
  artifactKey: Guid(7b5ff338917022b4b8fcb1616ef8995a) Importer(2089858483,b0f066a214c2f5e87bad3c948f4d605d)
Start importing Assets/kenney_platformer-pack-industrial/PNG/Retina/platformIndustrial_046.png using Guid(7b5ff338917022b4b8fcb1616ef8995a) Importer(2089858483,b0f066a214c2f5e87bad3c948f4d605d) (ScriptedImporter) -> (artifact id: '9724e2e7b06bb25f5cc8d0e717c55cea') in 0.0164902 seconds
Number of updated asset objects reloaded before import = 0Number of asset objects unloaded after import = 3

========================================================================
Received Import Request.
  Time since last request: 0.000015 seconds.
  path: Assets/kenney_platformer-pack-industrial/PNG/Retina/platformIndustrial_105.png
  artifactKey: Guid(95a25f015d5d77a40a8da4116d8e4a47) Importer(2089858483,b0f066a214c2f5e87bad3c948f4d605d)
Start importing Assets/kenney_platformer-pack-industrial/PNG/Retina/platformIndustrial_105.png using Guid(95a25f015d5d77a40a8da4116d8e4a47) Importer(2089858483,b0f066a214c2f5e87bad3c948f4d605d) (ScriptedImporter) -> (artifact id: '23775d84d66b0968f0d9c60ccd5d5286') in 0.0159217 seconds
Number of updated asset objects reloaded before import = 0Number of asset objects unloaded after import = 3

========================================================================
Received Import Request.
  Time since last request: 0.000016 seconds.
  path: Assets/kenney_platformer-pack-industrial/PNG/Retina/platformIndustrial_100.png
  artifactKey: Guid(1776208ef9ffc85428bada1ddb4aa58c) Importer(2089858483,b0f066a214c2f5e87bad3c948f4d605d)
Start importing Assets/kenney_platformer-pack-industrial/PNG/Retina/platformIndustrial_100.png using Guid(1776208ef9ffc85428bada1ddb4aa58c) Importer(2089858483,b0f066a214c2f5e87bad3c948f4d605d) (ScriptedImporter) -> (artifact id: '9f8dc56827c7f58f3ef0ea6c60c7c1bf') in 0.0152824 seconds
Number of updated asset objects reloaded before import = 0Number of asset objects unloaded after import = 3

========================================================================
Received Import Request.
  Time since last request: 0.000016 seconds.
  path: Assets/kenney_platformer-pack-industrial/PNG/Retina/platformIndustrial_075.png
  artifactKey: Guid(dd0dce74b2a50014882e51b18b31144f) Importer(2089858483,b0f066a214c2f5e87bad3c948f4d605d)
Start importing Assets/kenney_platformer-pack-industrial/PNG/Retina/platformIndustrial_075.png using Guid(dd0dce74b2a50014882e51b18b31144f) Importer(2089858483,b0f066a214c2f5e87bad3c948f4d605d) (ScriptedImporter) -> (artifact id: 'd3868aa011fd11694e87be5b07eb62ff') in 0.018477 seconds
Number of updated asset objects reloaded before import = 0Number of asset objects unloaded after import = 3

========================================================================
Received Import Request.
  Time since last request: 0.000021 seconds.
  path: Assets/kenney_platformer-pack-industrial/PNG/Retina/platformIndustrial_024.png
  artifactKey: Guid(7191e14ae6ba45e4eb438f11963fb420) Importer(2089858483,b0f066a214c2f5e87bad3c948f4d605d)
Start importing Assets/kenney_platformer-pack-industrial/PNG/Retina/platformIndustrial_024.png using Guid(7191e14ae6ba45e4eb438f11963fb420) Importer(2089858483,b0f066a214c2f5e87bad3c948f4d605d) (ScriptedImporter) -> (artifact id: 'fb354260b72a16a681a29583bbb1328a') in 0.0220618 seconds
Number of updated asset objects reloaded before import = 0Number of asset objects unloaded after import = 3

========================================================================
Received Import Request.
  Time since last request: 0.000017 seconds.
  path: Assets/kenney_platformer-pack-industrial/PNG/Retina/platformIndustrial_102.png
  artifactKey: Guid(29e2c71a3155b64468f26c4f9906aca6) Importer(2089858483,b0f066a214c2f5e87bad3c948f4d605d)
Start importing Assets/kenney_platformer-pack-industrial/PNG/Retina/platformIndustrial_102.png using Guid(29e2c71a3155b64468f26c4f9906aca6) Importer(2089858483,b0f066a214c2f5e87bad3c948f4d605d) (ScriptedImporter) -> (artifact id: 'ad55133550c063e851a96b3ccd627fe5') in 0.0207555 seconds
Number of updated asset objects reloaded before import = 0Number of asset objects unloaded after import = 3

========================================================================
Received Import Request.
  Time since last request: 0.000020 seconds.
  path: Assets/kenney_platformer-pack-industrial/PNG/Retina/platformIndustrial_084.png
  artifactKey: Guid(edb2e0015d9a1384eab3ad6906b5ca92) Importer(2089858483,b0f066a214c2f5e87bad3c948f4d605d)
Start importing Assets/kenney_platformer-pack-industrial/PNG/Retina/platformIndustrial_084.png using Guid(edb2e0015d9a1384eab3ad6906b5ca92) Importer(2089858483,b0f066a214c2f5e87bad3c948f4d605d) (ScriptedImporter) -> (artifact id: '40895eab4d970c01dfba0b60ca6a4063') in 0.0185452 seconds
Number of updated asset objects reloaded before import = 0Number of asset objects unloaded after import = 3

========================================================================
Received Import Request.
  Time since last request: 0.000019 seconds.
  path: Assets/kenney_platformer-pack-industrial/PNG/Retina/platformIndustrial_021.png
  artifactKey: Guid(710094fede6c2964e896affa9fd0e800) Importer(2089858483,b0f066a214c2f5e87bad3c948f4d605d)
Start importing Assets/kenney_platformer-pack-industrial/PNG/Retina/platformIndustrial_021.png using Guid(710094fede6c2964e896affa9fd0e800) Importer(2089858483,b0f066a214c2f5e87bad3c948f4d605d) (ScriptedImporter) -> (artifact id: '1504acabf8c5b7d64f833f97db336fed') in 0.0173953 seconds
Number of updated asset objects reloaded before import = 0Number of asset objects unloaded after import = 3

========================================================================
Received Import Request.
  Time since last request: 0.000024 seconds.
  path: Assets/kenney_platformer-pack-industrial/PNG/Retina/platformIndustrial_073.png
  artifactKey: Guid(ae7c2b75aa7e0584594af43681ea0050) Importer(2089858483,b0f066a214c2f5e87bad3c948f4d605d)
Start importing Assets/kenney_platformer-pack-industrial/PNG/Retina/platformIndustrial_073.png using Guid(ae7c2b75aa7e0584594af43681ea0050) Importer(2089858483,b0f066a214c2f5e87bad3c948f4d605d) (ScriptedImporter) -> (artifact id: 'c5d2ddb007da2307dd0721df0d7a8dca') in 0.019996 seconds
Number of updated asset objects reloaded before import = 0Number of asset objects unloaded after import = 3

========================================================================
Received Import Request.
  Time since last request: 0.000025 seconds.
  path: Assets/kenney_platformer-pack-industrial/PNG/Retina/platformIndustrial_051.png
  artifactKey: Guid(4dbfc0a0c39053a42a381e3e2baae94c) Importer(2089858483,b0f066a214c2f5e87bad3c948f4d605d)
Start importing Assets/kenney_platformer-pack-industrial/PNG/Retina/platformIndustrial_051.png using Guid(4dbfc0a0c39053a42a381e3e2baae94c) Importer(2089858483,b0f066a214c2f5e87bad3c948f4d605d) (ScriptedImporter) -> (artifact id: '9d22779235e8d5e37395cf0e5b708645') in 0.0184323 seconds
Number of updated asset objects reloaded before import = 0Number of asset objects unloaded after import = 3

========================================================================
Received Import Request.
  Time since last request: 0.000021 seconds.
  path: Assets/kenney_platformer-pack-industrial/PNG/Retina/platformIndustrial_083.png
  artifactKey: Guid(df0e52c4296bfc941a7760dbb2245efb) Importer(2089858483,b0f066a214c2f5e87bad3c948f4d605d)
Start importing Assets/kenney_platformer-pack-industrial/PNG/Retina/platformIndustrial_083.png using Guid(df0e52c4296bfc941a7760dbb2245efb) Importer(2089858483,b0f066a214c2f5e87bad3c948f4d605d) (ScriptedImporter) -> (artifact id: '7f6793efb0c582cb38ca9771c1e836da') in 0.0194647 seconds
Number of updated asset objects reloaded before import = 0Number of asset objects unloaded after import = 3

========================================================================
Received Import Request.
  Time since last request: 0.000017 seconds.
  path: Assets/kenney_platformer-pack-industrial/PNG/Retina/platformIndustrial_098.png
  artifactKey: Guid(0702dcfe043d08e409809032f758f71d) Importer(2089858483,b0f066a214c2f5e87bad3c948f4d605d)
Start importing Assets/kenney_platformer-pack-industrial/PNG/Retina/platformIndustrial_098.png using Guid(0702dcfe043d08e409809032f758f71d) Importer(2089858483,b0f066a214c2f5e87bad3c948f4d605d) (ScriptedImporter) -> (artifact id: '7333d9a5d41b15e6f27b5cdc6db60964') in 0.0196839 seconds
Number of updated asset objects reloaded before import = 0Number of asset objects unloaded after import = 3

========================================================================
Received Import Request.
  Time since last request: 0.000136 seconds.
  path: Assets/kenney_platformer-pack-industrial/PNG/Retina/platformIndustrial_006.png
  artifactKey: Guid(4cc4fdfa989368c46ac1e05f5416dd22) Importer(2089858483,b0f066a214c2f5e87bad3c948f4d605d)
Start importing Assets/kenney_platformer-pack-industrial/PNG/Retina/platformIndustrial_006.png using Guid(4cc4fdfa989368c46ac1e05f5416dd22) Importer(2089858483,b0f066a214c2f5e87bad3c948f4d605d) (ScriptedImporter) -> (artifact id: '667923bc94830e959772449627da393a') in 0.0176536 seconds
Number of updated asset objects reloaded before import = 0Number of asset objects unloaded after import = 3

========================================================================
Received Import Request.
  Time since last request: 0.000016 seconds.
  path: Assets/kenney_platformer-pack-industrial/PNG/Retina/platformIndustrial_011.png
  artifactKey: Guid(f0f16a7f9e1d9d641a02da03f3aa6ccb) Importer(2089858483,b0f066a214c2f5e87bad3c948f4d605d)
Start importing Assets/kenney_platformer-pack-industrial/PNG/Retina/platformIndustrial_011.png using Guid(f0f16a7f9e1d9d641a02da03f3aa6ccb) Importer(2089858483,b0f066a214c2f5e87bad3c948f4d605d) (ScriptedImporter) -> (artifact id: '8e0a49d0a0557c1febd027f6030978b1') in 0.0160229 seconds
Number of updated asset objects reloaded before import = 0Number of asset objects unloaded after import = 3

========================================================================
Received Import Request.
  Time since last request: 0.000016 seconds.
  path: Assets/kenney_platformer-pack-industrial/PNG/Retina/platformIndustrial_096.png
  artifactKey: Guid(a0121e5ea05b69f43bc7f158edb45e9b) Importer(2089858483,b0f066a214c2f5e87bad3c948f4d605d)
Start importing Assets/kenney_platformer-pack-industrial/PNG/Retina/platformIndustrial_096.png using Guid(a0121e5ea05b69f43bc7f158edb45e9b) Importer(2089858483,b0f066a214c2f5e87bad3c948f4d605d) (ScriptedImporter) -> (artifact id: '5b0a676136c81a3a3c972d5886df9ff3') in 0.022128 seconds
Number of updated asset objects reloaded before import = 0Number of asset objects unloaded after import = 3

========================================================================
Received Import Request.
  Time since last request: 0.000014 seconds.
  path: Assets/kenney_platformer-pack-industrial/PNG/Retina/platformIndustrial_018.png
  artifactKey: Guid(09fbd384307bd1e4e94b55c86ad155b6) Importer(2089858483,b0f066a214c2f5e87bad3c948f4d605d)
Start importing Assets/kenney_platformer-pack-industrial/PNG/Retina/platformIndustrial_018.png using Guid(09fbd384307bd1e4e94b55c86ad155b6) Importer(2089858483,b0f066a214c2f5e87bad3c948f4d605d) (ScriptedImporter) -> (artifact id: '07ec5c8b981f34566534385571d33f3d') in 0.0155797 seconds
Number of updated asset objects reloaded before import = 0Number of asset objects unloaded after import = 3

========================================================================
Received Import Request.
  Time since last request: 0.000015 seconds.
  path: Assets/kenney_platformer-pack-industrial/PNG/Retina/platformIndustrial_082.png
  artifactKey: Guid(e80a3cfbd05958d4c9aa611ebd377d7c) Importer(2089858483,b0f066a214c2f5e87bad3c948f4d605d)
Start importing Assets/kenney_platformer-pack-industrial/PNG/Retina/platformIndustrial_082.png using Guid(e80a3cfbd05958d4c9aa611ebd377d7c) Importer(2089858483,b0f066a214c2f5e87bad3c948f4d605d) (ScriptedImporter) -> (artifact id: 'f3687cb5800a07a89a6a91e95c8f3609') in 0.0197653 seconds
Number of updated asset objects reloaded before import = 0Number of asset objects unloaded after import = 3

========================================================================
Received Import Request.
  Time since last request: 0.000015 seconds.
  path: Assets/kenney_platformer-pack-industrial/Tilesheet/assets/assets.prefab
  artifactKey: Guid(0d799a4c18aa1ad49bee0ab6d79dd092) Importer(2089858483,b0f066a214c2f5e87bad3c948f4d605d)
Start importing Assets/kenney_platformer-pack-industrial/Tilesheet/assets/assets.prefab using Guid(0d799a4c18aa1ad49bee0ab6d79dd092) Importer(2089858483,b0f066a214c2f5e87bad3c948f4d605d) (ScriptedImporter) -> (artifact id: '626fc3518093bb3d32a4020184570803') in 0.0296369 seconds
Number of updated asset objects reloaded before import = 0Number of asset objects unloaded after import = 10

========================================================================
Received Import Request.
  Time since last request: 0.000015 seconds.
  path: Assets/kenney_platformer-pack-industrial/PNG/Retina/platformIndustrial_111.png
  artifactKey: Guid(22e3b6999b3e16d429a77691c71ef3f4) Importer(2089858483,b0f066a214c2f5e87bad3c948f4d605d)
Start importing Assets/kenney_platformer-pack-industrial/PNG/Retina/platformIndustrial_111.png using Guid(22e3b6999b3e16d429a77691c71ef3f4) Importer(2089858483,b0f066a214c2f5e87bad3c948f4d605d) (ScriptedImporter) -> (artifact id: '7e2b0dea132d1f4c08ac02c3f705e1de') in 0.0196937 seconds
Number of updated asset objects reloaded before import = 0Number of asset objects unloaded after import = 3

========================================================================
Received Import Request.
  Time since last request: 0.000018 seconds.
  path: Assets/kenney_platformer-pack-industrial/PNG/Retina/Thumbs.db
  artifactKey: Guid(b2aa4ad29bb4373458c2eea652290433) Importer(2089858483,b0f066a214c2f5e87bad3c948f4d605d)
Start importing Assets/kenney_platformer-pack-industrial/PNG/Retina/Thumbs.db using Guid(b2aa4ad29bb4373458c2eea652290433) Importer(2089858483,b0f066a214c2f5e87bad3c948f4d605d) (ScriptedImporter) -> (artifact id: '9f49f052c892a20247f32cf2d895efce') in 0.0146943 seconds
Number of updated asset objects reloaded before import = 0Number of asset objects unloaded after import = 1

========================================================================
Received Import Request.
  Time since last request: 0.000030 seconds.
  path: Assets/kenney_platformer-pack-industrial/PNG/Retina/platformIndustrial_028.png
  artifactKey: Guid(20c8a8b489f68bd40b35d8b012759537) Importer(2089858483,b0f066a214c2f5e87bad3c948f4d605d)
Start importing Assets/kenney_platformer-pack-industrial/PNG/Retina/platformIndustrial_028.png using Guid(20c8a8b489f68bd40b35d8b012759537) Importer(2089858483,b0f066a214c2f5e87bad3c948f4d605d) (ScriptedImporter) -> (artifact id: '6a39c7ac6ac41fc9a39fb2a56e865c20') in 0.015634 seconds
Number of updated asset objects reloaded before import = 0Number of asset objects unloaded after import = 3

========================================================================
Received Import Request.
  Time since last request: 0.000015 seconds.
  path: Assets/kenney_platformer-pack-industrial/PNG/Retina/platformIndustrial_026.png
  artifactKey: Guid(1e9a1862db4fbdf488ec2edf431b7136) Importer(2089858483,b0f066a214c2f5e87bad3c948f4d605d)
Start importing Assets/kenney_platformer-pack-industrial/PNG/Retina/platformIndustrial_026.png using Guid(1e9a1862db4fbdf488ec2edf431b7136) Importer(2089858483,b0f066a214c2f5e87bad3c948f4d605d) (ScriptedImporter) -> (artifact id: '1b16a4a23def5b78cec6e51f9ff45c82') in 0.0166164 seconds
Number of updated asset objects reloaded before import = 0Number of asset objects unloaded after import = 3

