[Licensing::Module] Trying to connect to existing licensing client channel...
Built from '6000.3/staging' branch; Version is '6000.3.3f1 (ef04196de0d6) revision 15664153'; Using compiler version '194234433'; Build Type 'Release'
OS: 'Windows 11  (10.0.26200) 64bit Core' Language: 'es' Physical Memory: 16085 MB
[Licensing::IpcConnector] Successfully connected to: "LicenseClient-dimit" at "2026-01-25T12:58:45.0066932Z"
BatchMode: 1, IsHumanControllingUs: 0, StartBugReporterOnCrash: 0, Is64bit: 1
Date: 2026-01-25T12:58:45Z

COMMAND LINE ARGUMENTS:
C:\Program Files\Unity\Hub\Editor\6000.3.3f1\Editor\Unity.exe
-adb2
-batchMode
-noUpm
-name
AssetImportWorker0
-projectPath
C:/Users/dimit/Desktop/unity1/PlatformerGame/Assets
-logFile
Logs/AssetImportWorker0.log
-srvPort
54990
-job-worker-count
7
-background-job-worker-count
8
-gc-helper-count
1
-name
AssetImport
Successfully changed project path to: C:/Users/dimit/Desktop/unity1/PlatformerGame/Assets
C:/Users/dimit/Desktop/unity1/PlatformerGame/Assets
[UnityMemory] Configuration Parameters - Can be set up in boot.config
    "memorysetup-temp-allocator-size-nav-mesh-worker=65536"
    "memorysetup-temp-allocator-size-audio-worker=65536"
    "memorysetup-temp-allocator-size-gfx=262144"
    "memorysetup-allocator-temp-initial-block-size-main=262144"
    "memorysetup-allocator-temp-initial-block-size-worker=262144"
    "memorysetup-temp-allocator-size-background-worker=32768"
    "memorysetup-temp-allocator-size-job-worker=262144"
    "memorysetup-temp-allocator-size-preload-manager=33554432"
    "memorysetup-temp-allocator-size-gi-baking-worker=262144"
    "memorysetup-temp-allocator-size-gi-baking-worker=262144"
    "memorysetup-temp-allocator-size-gi-baking-worker=262144"
    "memorysetup-temp-allocator-size-gi-baking-worker=262144"
    "memorysetup-temp-allocator-size-gi-baking-worker=262144"
    "memorysetup-bucket-allocator-granularity=16"
    "memorysetup-bucket-allocator-bucket-count=8"
    "memorysetup-bucket-allocator-block-size=33554432"
    "memorysetup-bucket-allocator-block-count=8"
    "memorysetup-main-allocator-block-size=16777216"
    "memorysetup-thread-allocator-block-size=16777216"
    "memorysetup-gfx-main-allocator-block-size=16777216"
    "memorysetup-gfx-thread-allocator-block-size=16777216"
    "memorysetup-cache-allocator-block-size=4194304"
    "memorysetup-typetree-allocator-block-size=2097152"
    "memorysetup-profiler-bucket-allocator-granularity=16"
    "memorysetup-profiler-bucket-allocator-bucket-count=8"
    "memorysetup-profiler-bucket-allocator-block-size=33554432"
    "memorysetup-profiler-bucket-allocator-block-count=8"
    "memorysetup-profiler-allocator-block-size=16777216"
    "memorysetup-profiler-editor-allocator-block-size=1048576"
    "memorysetup-temp-allocator-size-main=16777216"
    "memorysetup-job-temp-allocator-block-size=2097152"
    "memorysetup-job-temp-allocator-block-size-background=1048576"
    "memorysetup-job-temp-allocator-reduction-small-platforms=262144"
    "memorysetup-temp-allocator-size-cloud-worker=32768"
Player connection [23356]  Target information:

Player connection [23356]  * "[IP] 192.168.1.28 [Port] 0 [Flags] 2 [Guid] 3952710279 [EditorId] 3952710279 [Version] 1048832 [Id] WindowsEditor(7,MSIKATANA) [Debug] 1 [PackageName] WindowsEditor [ProjectName] Editor" 

Player connection [23356] Host joined multi-casting on [225.0.0.222:54997]...
Player connection [23356] Host joined alternative multi-casting on [225.0.0.222:34997]...
JobSystem: Creating JobQueue using job-worker-count value 7
Input System module state changed to: Initialized.
[Physics::Module] Initialized fallback backend.
[Physics::Module] Id: 0xdecafbad
Library Redirect Path: Library/
[Physics::Module] Selected backend.
[Physics::Module] Name: PhysX
[Physics::Module] Id: 0xf2b8ea05
[Physics::Module] SDK Version: 4.1.2
[Physics::Module] Integration Version: 1.0.0
[Physics::Module] Threading Mode: Multi-Threaded
Refreshing native plugins compatible for Editor in 0.00 ms, found 0 plugins.
Preloading 0 native plugins for Editor in 0.00 ms.
Initialize engine version: 6000.3.3f1 (ef04196de0d6)
[Subsystems] Discovering subsystems at path C:/Program Files/Unity/Hub/Editor/6000.3.3f1/Editor/Data/Resources/UnitySubsystems
[Subsystems] Discovering subsystems at path C:/Users/dimit/Desktop/unity1/PlatformerGame/Assets/Assets
GfxDevice: creating device client; kGfxThreadingModeNonThreaded
Direct3D:
    Version:  Direct3D 11.0 [level 11.1]
    Renderer: NVIDIA GeForce RTX 3050 Ti Laptop GPU (ID=0x25a0)
    Vendor:   NVIDIA
    VRAM:     3962 MB
    Driver:   32.0.15.9159
Initialize mono
Mono path[0] = 'C:/Program Files/Unity/Hub/Editor/6000.3.3f1/Editor/Data/Managed'
Mono path[1] = 'C:/Program Files/Unity/Hub/Editor/6000.3.3f1/Editor/Data/MonoBleedingEdge/lib/mono/unityjit-win32'
Mono config path = 'C:/Program Files/Unity/Hub/Editor/6000.3.3f1/Editor/Data/MonoBleedingEdge/etc'
Using monoOptions --debugger-agent=transport=dt_socket,embedding=1,server=y,suspend=n,address=127.0.0.1:56588
Begin MonoManager ReloadAssembly
Registering precompiled unity dll's ...
Register platform support module: C:/Program Files/Unity/Hub/Editor/6000.3.3f1/Editor/Data/PlaybackEngines/WebGLSupport/UnityEditor.WebGL.Extensions.dll
Register platform support module: C:/Program Files/Unity/Hub/Editor/6000.3.3f1/Editor/Data/PlaybackEngines/WindowsStandaloneSupport/UnityEditor.WindowsStandalone.Extensions.dll
[Licensing::Module] Licensing is not yet initialized.
[Licensing::Client] Handshaking with LicensingClient:
  Version:                 1.17.4+4293ba1
  Session Id:              8ddc20e5f8b34edba2ff2de73e93f2df
  Correlation Id:          4b519f8aeb51f96c37e86b638b742d0f
  External correlation Id: 8018976569704441856
  Machine Id:              bo3Rc4WUyWZAhL34mPMHhIB9F58=
[Licensing::Module] Successfully connected to LicensingClient on channel: "LicenseClient-dimit" (connect: 0.00s, validation: 0.00s, handshake: 0.82s)
[Licensing::IpcConnector] Successfully connected to: "LicenseClient-dimit-notifications" at "2026-01-25T12:58:45.8311453Z"
[Licensing::Module] Licensing Background thread has ended after 0.82s
[Licensing::Module] Licensing is initialized (took 0.12s).
[Licensing::Client] Successfully resolved entitlement details
[Licensing::Module] License group:
  Id: 6872540394316-UnityPersXXXX
  Product: Unity Personal
  Type: Assigned
  Expiration: Unlimited
Register platform support module: C:/Program Files/Unity/Hub/Editor/6000.3.3f1/Editor/Data/PlaybackEngines/AndroidPlayer/UnityEditor.Android.Extensions.dll
[Licensing::Client] Successfully resolved entitlement details
Register platform support module: C:/Program Files/Unity/Hub/Editor/6000.3.3f1/Editor/Data/PlaybackEngines/iOSSupport/UnityEditor.iOS.Extensions.dll
Registered in 0.123192 seconds.
- Loaded All Assemblies, in  0.566 seconds
Native extension for iOS target not found
Native extension for Android target not found
Android Extension - Scanning For ADB Devices 228 ms
Native extension for WindowsStandalone target not found
Native extension for WebGL target not found
Mono: successfully reloaded assembly
- Finished resetting the current domain, in  0.692 seconds
Domain Reload Profiling: 1256ms
	BeginReloadAssembly (137ms)
		ExecutionOrderSort (0ms)
		DisableScriptedObjects (0ms)
		BackupInstance (0ms)
		ReleaseScriptingObjects (0ms)
		CreateAndSetChildDomain (1ms)
	RebuildCommonClasses (47ms)
	RebuildNativeTypeToScriptingClass (15ms)
	initialDomainReloadingComplete (172ms)
	LoadAllAssembliesAndSetupDomain (193ms)
		LoadAssemblies (136ms)
		RebuildTransferFunctionScriptingTraits (0ms)
		AnalyzeDomain (189ms)
			TypeCache.Refresh (187ms)
				TypeCache.ScanAssembly (171ms)
			BuildScriptInfoCaches (0ms)
			ResolveRequiredComponents (0ms)
	FinalizeReload (692ms)
		ReleaseScriptCaches (0ms)
		RebuildScriptCaches (0ms)
		SetupLoadedEditorAssemblies (657ms)
			LogAssemblyErrors (0ms)
			InitializePlatformSupportModulesInManaged (345ms)
			SetLoadedEditorAssemblies (4ms)
			BeforeProcessingInitializeOnLoad (90ms)
			ProcessInitializeOnLoadAttributes (150ms)
			ProcessInitializeOnLoadMethodAttributes (68ms)
			AfterProcessingInitializeOnLoad (0ms)
			EditorAssembliesLoaded (0ms)
		ExecutionOrderSort2 (0ms)
		AwakeInstancesAfterBackupRestoration (0ms)
========================================================================
Worker process is ready to serve import requests
Import Worker Mode flag is 0x00
Begin MonoManager ReloadAssembly
[Licensing::Client] Successfully resolved entitlement details
- Loaded All Assemblies, in  0.298 seconds
Refreshing native plugins compatible for Editor in 0.00 ms, found 0 plugins.
Native extension for iOS target not found
Native extension for Android target not found
Native extension for WindowsStandalone target not found
Native extension for WebGL target not found
Mono: successfully reloaded assembly
- Finished resetting the current domain, in  0.477 seconds
Domain Reload Profiling: 774ms
	BeginReloadAssembly (191ms)
		ExecutionOrderSort (0ms)
		DisableScriptedObjects (8ms)
		BackupInstance (0ms)
		ReleaseScriptingObjects (0ms)
		CreateAndSetChildDomain (34ms)
	RebuildCommonClasses (42ms)
	RebuildNativeTypeToScriptingClass (12ms)
	initialDomainReloadingComplete (18ms)
	LoadAllAssembliesAndSetupDomain (32ms)
		LoadAssemblies (110ms)
		RebuildTransferFunctionScriptingTraits (0ms)
		AnalyzeDomain (26ms)
			TypeCache.Refresh (21ms)
				TypeCache.ScanAssembly (9ms)
			BuildScriptInfoCaches (1ms)
			ResolveRequiredComponents (1ms)
	FinalizeReload (478ms)
		ReleaseScriptCaches (0ms)
		RebuildScriptCaches (0ms)
		SetupLoadedEditorAssemblies (341ms)
			LogAssemblyErrors (0ms)
			InitializePlatformSupportModulesInManaged (14ms)
			SetLoadedEditorAssemblies (4ms)
			BeforeProcessingInitializeOnLoad (130ms)
			ProcessInitializeOnLoadAttributes (147ms)
			ProcessInitializeOnLoadMethodAttributes (42ms)
			AfterProcessingInitializeOnLoad (4ms)
			EditorAssembliesLoaded (0ms)
		ExecutionOrderSort2 (0ms)
		AwakeInstancesAfterBackupRestoration (8ms)
Launched and connected shader compiler UnityShaderCompiler.exe after 0.01 seconds
Refreshing native plugins compatible for Editor in 0.00 ms, found 0 plugins.
Preloading 0 native plugins for Editor in 0.00 ms.
Unloading 0 Unused Serialized files (Serialized files now loaded: 0)
Unloading 64 unused Assets / (28.8 KB). Loaded Objects now: 655.
Memory consumption went from 64.1 MB to 64.0 MB.
Total: 4.840000 ms (FindLiveObjects: 0.043300 ms CreateObjectMapping: 0.009800 ms MarkObjects: 4.698900 ms  DeleteObjects: 0.086800 ms)

========================================================================
Received Import Request.
  Time since last request: 248293.795234 seconds.
  path: Assets/kenney_platformer-pack-industrial/Sample.png
  artifactKey: Guid(34818c3b976d1c342a7c1e207b7e1c96) Importer(815301076,1909f56bfc062723c751e8b465ee728b)
Start importing Assets/kenney_platformer-pack-industrial/Sample.png using Guid(34818c3b976d1c342a7c1e207b7e1c96) Importer(815301076,1909f56bfc062723c751e8b465ee728b) (PreviewImporter) -> (artifact id: 'bbddb6de12c7bda9fbd963aa9f224c24') in 0.1005067 seconds
Number of updated asset objects reloaded before import = 0Number of asset objects unloaded after import = 3

========================================================================
Received Import Request.
  Time since last request: 0.000020 seconds.
  path: Assets/kenney_platformer-pack-industrial/Tilesheet/platformerPack_industrial_tilesheet@2.png
  artifactKey: Guid(0d4c9bc0ed55e1047bc7a72ce1f44bb7) Importer(815301076,1909f56bfc062723c751e8b465ee728b)
Start importing Assets/kenney_platformer-pack-industrial/Tilesheet/platformerPack_industrial_tilesheet@2.png using Guid(0d4c9bc0ed55e1047bc7a72ce1f44bb7) Importer(815301076,1909f56bfc062723c751e8b465ee728b) (PreviewImporter) -> (artifact id: 'c78c4c27e8d3be2f27fd507565a672d8') in 0.0361674 seconds
Number of updated asset objects reloaded before import = 0Number of asset objects unloaded after import = 3

========================================================================
Received Import Request.
  Time since last request: 0.000017 seconds.
  path: Assets/kenney_platformer-pack-industrial/Preview.png
  artifactKey: Guid(744d0297aa61b8a48b884562f7e24c71) Importer(815301076,1909f56bfc062723c751e8b465ee728b)
Start importing Assets/kenney_platformer-pack-industrial/Preview.png using Guid(744d0297aa61b8a48b884562f7e24c71) Importer(815301076,1909f56bfc062723c751e8b465ee728b) (PreviewImporter) -> (artifact id: '28090654c431f31829562f2169556788') in 0.0200317 seconds
Number of updated asset objects reloaded before import = 0Number of asset objects unloaded after import = 3

========================================================================
Received Import Request.
  Time since last request: 0.000021 seconds.
  path: Assets/kenney_platformer-pack-industrial/Preview_KenneyNL.png
  artifactKey: Guid(a738dc14cff5b3541a4ed752215f2443) Importer(815301076,1909f56bfc062723c751e8b465ee728b)
Start importing Assets/kenney_platformer-pack-industrial/Preview_KenneyNL.png using Guid(a738dc14cff5b3541a4ed752215f2443) Importer(815301076,1909f56bfc062723c751e8b465ee728b) (PreviewImporter) -> (artifact id: '9999b6010c8745ac335fb6343a779602') in 0.0227307 seconds
Number of updated asset objects reloaded before import = 0Number of asset objects unloaded after import = 3

========================================================================
Received Import Request.
  Time since last request: 16.822330 seconds.
  path: Assets/kenney_platformer-pack-industrial/PNG/Retina/platformIndustrial_002.png
  artifactKey: Guid(725d7dd2d49c0154b815d5de0d3f1bab) Importer(815301076,1909f56bfc062723c751e8b465ee728b)
Start importing Assets/kenney_platformer-pack-industrial/PNG/Retina/platformIndustrial_002.png using Guid(725d7dd2d49c0154b815d5de0d3f1bab) Importer(815301076,1909f56bfc062723c751e8b465ee728b) (PreviewImporter) -> (artifact id: '7ecd6e5e6119250d91a042842e67ad62') in 0.0236297 seconds
Number of updated asset objects reloaded before import = 0Number of asset objects unloaded after import = 3

========================================================================
Received Import Request.
  Time since last request: 0.000023 seconds.
  path: Assets/kenney_platformer-pack-industrial/PNG/Retina/platformIndustrial_005.png
  artifactKey: Guid(5ed457fb07d5cb64086cbb55832ff286) Importer(815301076,1909f56bfc062723c751e8b465ee728b)
Start importing Assets/kenney_platformer-pack-industrial/PNG/Retina/platformIndustrial_005.png using Guid(5ed457fb07d5cb64086cbb55832ff286) Importer(815301076,1909f56bfc062723c751e8b465ee728b) (PreviewImporter) -> (artifact id: 'bef43ec2cce56ea888e83dc43617f6e0') in 0.0214335 seconds
Number of updated asset objects reloaded before import = 0Number of asset objects unloaded after import = 3

========================================================================
Received Import Request.
  Time since last request: 0.000018 seconds.
  path: Assets/kenney_platformer-pack-industrial/PNG/Retina/platformIndustrial_008.png
  artifactKey: Guid(ab5d62c38edf5434f820669f5ce00548) Importer(815301076,1909f56bfc062723c751e8b465ee728b)
Start importing Assets/kenney_platformer-pack-industrial/PNG/Retina/platformIndustrial_008.png using Guid(ab5d62c38edf5434f820669f5ce00548) Importer(815301076,1909f56bfc062723c751e8b465ee728b) (PreviewImporter) -> (artifact id: 'edcde3dcaf21f58b40e20bc7fb294e12') in 0.0265377 seconds
Number of updated asset objects reloaded before import = 0Number of asset objects unloaded after import = 3

========================================================================
Received Import Request.
  Time since last request: 0.000019 seconds.
  path: Assets/kenney_platformer-pack-industrial/PNG/Retina/platformIndustrial_041.png
  artifactKey: Guid(cc4c34da24def6f439b8f416e6f842df) Importer(815301076,1909f56bfc062723c751e8b465ee728b)
Start importing Assets/kenney_platformer-pack-industrial/PNG/Retina/platformIndustrial_041.png using Guid(cc4c34da24def6f439b8f416e6f842df) Importer(815301076,1909f56bfc062723c751e8b465ee728b) (PreviewImporter) -> (artifact id: 'cca2c051b05bfa81eb39d2dd9d145e1d') in 0.037824 seconds
Number of updated asset objects reloaded before import = 0Number of asset objects unloaded after import = 3

========================================================================
Received Import Request.
  Time since last request: 0.000041 seconds.
  path: Assets/kenney_platformer-pack-industrial/PNG/Retina/platformIndustrial_051.png
  artifactKey: Guid(4dbfc0a0c39053a42a381e3e2baae94c) Importer(815301076,1909f56bfc062723c751e8b465ee728b)
Start importing Assets/kenney_platformer-pack-industrial/PNG/Retina/platformIndustrial_051.png using Guid(4dbfc0a0c39053a42a381e3e2baae94c) Importer(815301076,1909f56bfc062723c751e8b465ee728b) (PreviewImporter) -> (artifact id: '7b0c6aa26fbc8a169de25ca1da758d25') in 0.0229033 seconds
Number of updated asset objects reloaded before import = 0Number of asset objects unloaded after import = 3

========================================================================
Received Import Request.
  Time since last request: 0.000024 seconds.
  path: Assets/kenney_platformer-pack-industrial/PNG/Retina/platformIndustrial_032.png
  artifactKey: Guid(083bb602187aba94194fb55b76d61a2b) Importer(815301076,1909f56bfc062723c751e8b465ee728b)
Start importing Assets/kenney_platformer-pack-industrial/PNG/Retina/platformIndustrial_032.png using Guid(083bb602187aba94194fb55b76d61a2b) Importer(815301076,1909f56bfc062723c751e8b465ee728b) (PreviewImporter) -> (artifact id: 'd03c01e9f38370a7e13b8663171ba4cb') in 0.0468242 seconds
Number of updated asset objects reloaded before import = 0Number of asset objects unloaded after import = 3

========================================================================
Received Import Request.
  Time since last request: 0.000024 seconds.
  path: Assets/kenney_platformer-pack-industrial/PNG/Retina/platformIndustrial_029.png
  artifactKey: Guid(0309e90327d82394793689cbabeadad0) Importer(815301076,1909f56bfc062723c751e8b465ee728b)
Start importing Assets/kenney_platformer-pack-industrial/PNG/Retina/platformIndustrial_029.png using Guid(0309e90327d82394793689cbabeadad0) Importer(815301076,1909f56bfc062723c751e8b465ee728b) (PreviewImporter) -> (artifact id: '0ff5360060fc71823645d42615c11941') in 0.0478897 seconds
Number of updated asset objects reloaded before import = 0Number of asset objects unloaded after import = 3

========================================================================
Received Import Request.
  Time since last request: 0.000016 seconds.
  path: Assets/kenney_platformer-pack-industrial/PNG/Retina/platformIndustrial_043.png
  artifactKey: Guid(8a449fb8aeffcaa42a13a698f38fe019) Importer(815301076,1909f56bfc062723c751e8b465ee728b)
Start importing Assets/kenney_platformer-pack-industrial/PNG/Retina/platformIndustrial_043.png using Guid(8a449fb8aeffcaa42a13a698f38fe019) Importer(815301076,1909f56bfc062723c751e8b465ee728b) (PreviewImporter) -> (artifact id: '0b77b9d673518e7b929b2d8830e0a8b8') in 0.0223875 seconds
Number of updated asset objects reloaded before import = 0Number of asset objects unloaded after import = 3

========================================================================
Received Import Request.
  Time since last request: 0.000019 seconds.
  path: Assets/kenney_platformer-pack-industrial/PNG/Retina/platformIndustrial_026.png
  artifactKey: Guid(1e9a1862db4fbdf488ec2edf431b7136) Importer(815301076,1909f56bfc062723c751e8b465ee728b)
Start importing Assets/kenney_platformer-pack-industrial/PNG/Retina/platformIndustrial_026.png using Guid(1e9a1862db4fbdf488ec2edf431b7136) Importer(815301076,1909f56bfc062723c751e8b465ee728b) (PreviewImporter) -> (artifact id: '8d08f20b61687398c8233a6bdbf5e267') in 0.0397304 seconds
Number of updated asset objects reloaded before import = 0Number of asset objects unloaded after import = 3

========================================================================
Received Import Request.
  Time since last request: 0.000024 seconds.
  path: Assets/kenney_platformer-pack-industrial/PNG/Retina/platformIndustrial_033.png
  artifactKey: Guid(2c2b80dde2e34cc43b0d7ba682f06481) Importer(815301076,1909f56bfc062723c751e8b465ee728b)
Start importing Assets/kenney_platformer-pack-industrial/PNG/Retina/platformIndustrial_033.png using Guid(2c2b80dde2e34cc43b0d7ba682f06481) Importer(815301076,1909f56bfc062723c751e8b465ee728b) (PreviewImporter) -> (artifact id: '507d4acb98e23fd429dc5ac66b5724de') in 0.0353688 seconds
Number of updated asset objects reloaded before import = 0Number of asset objects unloaded after import = 3

========================================================================
Received Import Request.
  Time since last request: 0.000023 seconds.
  path: Assets/kenney_platformer-pack-industrial/PNG/Retina/platformIndustrial_046.png
  artifactKey: Guid(7b5ff338917022b4b8fcb1616ef8995a) Importer(815301076,1909f56bfc062723c751e8b465ee728b)
Start importing Assets/kenney_platformer-pack-industrial/PNG/Retina/platformIndustrial_046.png using Guid(7b5ff338917022b4b8fcb1616ef8995a) Importer(815301076,1909f56bfc062723c751e8b465ee728b) (PreviewImporter) -> (artifact id: 'b4af2048b65e45c0bc5bedb93f151a99') in 0.0298954 seconds
Number of updated asset objects reloaded before import = 0Number of asset objects unloaded after import = 3

========================================================================
Received Import Request.
  Time since last request: 0.000035 seconds.
  path: Assets/kenney_platformer-pack-industrial/PNG/Retina/platformIndustrial_050.png
  artifactKey: Guid(4d9ec8f4e58164d479fdcf9c4ede072d) Importer(815301076,1909f56bfc062723c751e8b465ee728b)
Start importing Assets/kenney_platformer-pack-industrial/PNG/Retina/platformIndustrial_050.png using Guid(4d9ec8f4e58164d479fdcf9c4ede072d) Importer(815301076,1909f56bfc062723c751e8b465ee728b) (PreviewImporter) -> (artifact id: '2a3f74c9462d40e0ccbbfe5d4d1ddc9f') in 0.0198624 seconds
Number of updated asset objects reloaded before import = 0Number of asset objects unloaded after import = 3

========================================================================
Received Import Request.
  Time since last request: 0.000025 seconds.
  path: Assets/kenney_platformer-pack-industrial/PNG/Retina/platformIndustrial_021.png
  artifactKey: Guid(710094fede6c2964e896affa9fd0e800) Importer(815301076,1909f56bfc062723c751e8b465ee728b)
Start importing Assets/kenney_platformer-pack-industrial/PNG/Retina/platformIndustrial_021.png using Guid(710094fede6c2964e896affa9fd0e800) Importer(815301076,1909f56bfc062723c751e8b465ee728b) (PreviewImporter) -> (artifact id: '892d11b0ad8eda2dafc18901aa03f644') in 0.0197551 seconds
Number of updated asset objects reloaded before import = 0Number of asset objects unloaded after import = 3

========================================================================
Received Import Request.
  Time since last request: 0.000017 seconds.
  path: Assets/kenney_platformer-pack-industrial/PNG/Retina/platformIndustrial_018.png
  artifactKey: Guid(09fbd384307bd1e4e94b55c86ad155b6) Importer(815301076,1909f56bfc062723c751e8b465ee728b)
Start importing Assets/kenney_platformer-pack-industrial/PNG/Retina/platformIndustrial_018.png using Guid(09fbd384307bd1e4e94b55c86ad155b6) Importer(815301076,1909f56bfc062723c751e8b465ee728b) (PreviewImporter) -> (artifact id: 'c9f69ecd73c0ad7c5b90a15874c317f8') in 0.021548 seconds
Number of updated asset objects reloaded before import = 0Number of asset objects unloaded after import = 3

========================================================================
Received Import Request.
  Time since last request: 0.000020 seconds.
  path: Assets/kenney_platformer-pack-industrial/PNG/Retina/platformIndustrial_020.png
  artifactKey: Guid(fe334c862ee4816488d2ca5cfeddd227) Importer(815301076,1909f56bfc062723c751e8b465ee728b)
Start importing Assets/kenney_platformer-pack-industrial/PNG/Retina/platformIndustrial_020.png using Guid(fe334c862ee4816488d2ca5cfeddd227) Importer(815301076,1909f56bfc062723c751e8b465ee728b) (PreviewImporter) -> (artifact id: 'fd647f592b3c68a61f21a232b2a9aa45') in 0.0212524 seconds
Number of updated asset objects reloaded before import = 0Number of asset objects unloaded after import = 3

========================================================================
Received Import Request.
  Time since last request: 0.000021 seconds.
  path: Assets/kenney_platformer-pack-industrial/PNG/Retina/platformIndustrial_010.png
  artifactKey: Guid(c75bd67e98ae68b4b9158db6d6384b93) Importer(815301076,1909f56bfc062723c751e8b465ee728b)
Start importing Assets/kenney_platformer-pack-industrial/PNG/Retina/platformIndustrial_010.png using Guid(c75bd67e98ae68b4b9158db6d6384b93) Importer(815301076,1909f56bfc062723c751e8b465ee728b) (PreviewImporter) -> (artifact id: 'ef57fad6ddd4a6c73716174c267aa230') in 0.0229428 seconds
Number of updated asset objects reloaded before import = 0Number of asset objects unloaded after import = 3

========================================================================
Received Import Request.
  Time since last request: 0.000023 seconds.
  path: Assets/kenney_platformer-pack-industrial/PNG/Retina/platformIndustrial_036.png
  artifactKey: Guid(d874a8b877c7d1a4e9a11930e3334909) Importer(815301076,1909f56bfc062723c751e8b465ee728b)
Start importing Assets/kenney_platformer-pack-industrial/PNG/Retina/platformIndustrial_036.png using Guid(d874a8b877c7d1a4e9a11930e3334909) Importer(815301076,1909f56bfc062723c751e8b465ee728b) (PreviewImporter) -> (artifact id: 'bb0b7e739936ea14aedbfacd7bad6f06') in 0.0233386 seconds
Number of updated asset objects reloaded before import = 0Number of asset objects unloaded after import = 3

========================================================================
Received Import Request.
  Time since last request: 0.000024 seconds.
  path: Assets/kenney_platformer-pack-industrial/PNG/Retina/platformIndustrial_048.png
  artifactKey: Guid(018f7ee699a35b04581d87d0cfe6c6db) Importer(815301076,1909f56bfc062723c751e8b465ee728b)
Start importing Assets/kenney_platformer-pack-industrial/PNG/Retina/platformIndustrial_048.png using Guid(018f7ee699a35b04581d87d0cfe6c6db) Importer(815301076,1909f56bfc062723c751e8b465ee728b) (PreviewImporter) -> (artifact id: 'c012a77f5b60c200d587eacfea643d57') in 0.0198259 seconds
Number of updated asset objects reloaded before import = 0Number of asset objects unloaded after import = 3

========================================================================
Received Import Request.
  Time since last request: 0.000022 seconds.
  path: Assets/kenney_platformer-pack-industrial/PNG/Retina/platformIndustrial_022.png
  artifactKey: Guid(8a7624e57f3faf049818fdbecde841a0) Importer(815301076,1909f56bfc062723c751e8b465ee728b)
Start importing Assets/kenney_platformer-pack-industrial/PNG/Retina/platformIndustrial_022.png using Guid(8a7624e57f3faf049818fdbecde841a0) Importer(815301076,1909f56bfc062723c751e8b465ee728b) (PreviewImporter) -> (artifact id: '0357a1490c1192f0e1e626dc280967a9') in 0.0214937 seconds
Number of updated asset objects reloaded before import = 0Number of asset objects unloaded after import = 3

========================================================================
Received Import Request.
  Time since last request: 0.000021 seconds.
  path: Assets/kenney_platformer-pack-industrial/PNG/Retina/platformIndustrial_023.png
  artifactKey: Guid(19acc3698924da443a1e7688a2b1cae1) Importer(815301076,1909f56bfc062723c751e8b465ee728b)
Start importing Assets/kenney_platformer-pack-industrial/PNG/Retina/platformIndustrial_023.png using Guid(19acc3698924da443a1e7688a2b1cae1) Importer(815301076,1909f56bfc062723c751e8b465ee728b) (PreviewImporter) -> (artifact id: '23c3994317edf1e65043781c1ec323cb') in 0.0204452 seconds
Number of updated asset objects reloaded before import = 0Number of asset objects unloaded after import = 3

========================================================================
Received Import Request.
  Time since last request: 1.155823 seconds.
  path: Assets/kenney_platformer-pack-industrial/PNG/Retina/platformIndustrial_058.png
  artifactKey: Guid(872e8995df4b164479f792772e5fb400) Importer(815301076,1909f56bfc062723c751e8b465ee728b)
Start importing Assets/kenney_platformer-pack-industrial/PNG/Retina/platformIndustrial_058.png using Guid(872e8995df4b164479f792772e5fb400) Importer(815301076,1909f56bfc062723c751e8b465ee728b) (PreviewImporter) -> (artifact id: '67334338ef00b516f76f0cdfc86c6c3c') in 0.0216463 seconds
Number of updated asset objects reloaded before import = 0Number of asset objects unloaded after import = 3

========================================================================
Received Import Request.
  Time since last request: 0.000021 seconds.
  path: Assets/kenney_platformer-pack-industrial/PNG/Retina/platformIndustrial_065.png
  artifactKey: Guid(3dcf43634089ac348beec0c003ba874c) Importer(815301076,1909f56bfc062723c751e8b465ee728b)
Start importing Assets/kenney_platformer-pack-industrial/PNG/Retina/platformIndustrial_065.png using Guid(3dcf43634089ac348beec0c003ba874c) Importer(815301076,1909f56bfc062723c751e8b465ee728b) (PreviewImporter) -> (artifact id: '78be364e805283acf091c427f4a0dacc') in 0.0192265 seconds
Number of updated asset objects reloaded before import = 0Number of asset objects unloaded after import = 3

========================================================================
Received Import Request.
  Time since last request: 0.000019 seconds.
  path: Assets/kenney_platformer-pack-industrial/PNG/Retina/platformIndustrial_062.png
  artifactKey: Guid(0f5ee781043a6334a972f051c0b89631) Importer(815301076,1909f56bfc062723c751e8b465ee728b)
Start importing Assets/kenney_platformer-pack-industrial/PNG/Retina/platformIndustrial_062.png using Guid(0f5ee781043a6334a972f051c0b89631) Importer(815301076,1909f56bfc062723c751e8b465ee728b) (PreviewImporter) -> (artifact id: '50f9b165fac748ebdfc739d9210cd4cc') in 0.0200791 seconds
Number of updated asset objects reloaded before import = 0Number of asset objects unloaded after import = 4

========================================================================
Received Import Request.
  Time since last request: 0.000017 seconds.
  path: Assets/kenney_platformer-pack-industrial/PNG/Retina/platformIndustrial_069.png
  artifactKey: Guid(3f0ecc9b3dfa2e14282d23e18cc78595) Importer(815301076,1909f56bfc062723c751e8b465ee728b)
Start importing Assets/kenney_platformer-pack-industrial/PNG/Retina/platformIndustrial_069.png using Guid(3f0ecc9b3dfa2e14282d23e18cc78595) Importer(815301076,1909f56bfc062723c751e8b465ee728b) (PreviewImporter) -> (artifact id: 'dc1f4583bc659cfa9bdf431c76340e69') in 0.0207259 seconds
Number of updated asset objects reloaded before import = 0Number of asset objects unloaded after import = 3

========================================================================
Received Import Request.
  Time since last request: 0.000023 seconds.
  path: Assets/kenney_platformer-pack-industrial/PNG/Retina/platformIndustrial_072.png
  artifactKey: Guid(e8e44a6fcda29e44481cd88257cb4587) Importer(815301076,1909f56bfc062723c751e8b465ee728b)
Start importing Assets/kenney_platformer-pack-industrial/PNG/Retina/platformIndustrial_072.png using Guid(e8e44a6fcda29e44481cd88257cb4587) Importer(815301076,1909f56bfc062723c751e8b465ee728b) (PreviewImporter) -> (artifact id: '9cfb666b3de960cab5842d5b9eadd3c4') in 0.0236312 seconds
Number of updated asset objects reloaded before import = 0Number of asset objects unloaded after import = 3

========================================================================
Received Import Request.
  Time since last request: 0.000035 seconds.
  path: Assets/kenney_platformer-pack-industrial/PNG/Retina/platformIndustrial_074.png
  artifactKey: Guid(bd0cc6296df5a9e4f9280cbe71c4b741) Importer(815301076,1909f56bfc062723c751e8b465ee728b)
Start importing Assets/kenney_platformer-pack-industrial/PNG/Retina/platformIndustrial_074.png using Guid(bd0cc6296df5a9e4f9280cbe71c4b741) Importer(815301076,1909f56bfc062723c751e8b465ee728b) (PreviewImporter) -> (artifact id: '87e47a6259adc7dff1645fdc620d5548') in 0.0183179 seconds
Number of updated asset objects reloaded before import = 0Number of asset objects unloaded after import = 3

========================================================================
Received Import Request.
  Time since last request: 0.000017 seconds.
  path: Assets/kenney_platformer-pack-industrial/PNG/Retina/platformIndustrial_073.png
  artifactKey: Guid(ae7c2b75aa7e0584594af43681ea0050) Importer(815301076,1909f56bfc062723c751e8b465ee728b)
Start importing Assets/kenney_platformer-pack-industrial/PNG/Retina/platformIndustrial_073.png using Guid(ae7c2b75aa7e0584594af43681ea0050) Importer(815301076,1909f56bfc062723c751e8b465ee728b) (PreviewImporter) -> (artifact id: '3f10eb843f52302e40322080cb82d011') in 0.0190031 seconds
Number of updated asset objects reloaded before import = 0Number of asset objects unloaded after import = 3

========================================================================
Received Import Request.
  Time since last request: 1.487222 seconds.
  path: Assets/kenney_platformer-pack-industrial/PNG/Default size/platformIndustrial_002.png
  artifactKey: Guid(7e5b288e30d131747a82add6a41c214b) Importer(815301076,1909f56bfc062723c751e8b465ee728b)
Start importing Assets/kenney_platformer-pack-industrial/PNG/Default size/platformIndustrial_002.png using Guid(7e5b288e30d131747a82add6a41c214b) Importer(815301076,1909f56bfc062723c751e8b465ee728b) (PreviewImporter) -> (artifact id: '0ad0862cff39b5561e73cdd73e05b22e') in 0.0106655 seconds
Number of updated asset objects reloaded before import = 0Number of asset objects unloaded after import = 3

========================================================================
Received Import Request.
  Time since last request: 0.000015 seconds.
  path: Assets/kenney_platformer-pack-industrial/PNG/Default size/platformIndustrial_021.png
  artifactKey: Guid(4a3f2eea69fb74a44a722f11aacb8d08) Importer(815301076,1909f56bfc062723c751e8b465ee728b)
Start importing Assets/kenney_platformer-pack-industrial/PNG/Default size/platformIndustrial_021.png using Guid(4a3f2eea69fb74a44a722f11aacb8d08) Importer(815301076,1909f56bfc062723c751e8b465ee728b) (PreviewImporter) -> (artifact id: '0e8f23968a9c00700e1cd199ba29f962') in 0.0323782 seconds
Number of updated asset objects reloaded before import = 0Number of asset objects unloaded after import = 3

========================================================================
Received Import Request.
  Time since last request: 0.000015 seconds.
  path: Assets/kenney_platformer-pack-industrial/PNG/Default size/platformIndustrial_043.png
  artifactKey: Guid(1f7c9ddec5453ad45be5711ad4ca3375) Importer(815301076,1909f56bfc062723c751e8b465ee728b)
Start importing Assets/kenney_platformer-pack-industrial/PNG/Default size/platformIndustrial_043.png using Guid(1f7c9ddec5453ad45be5711ad4ca3375) Importer(815301076,1909f56bfc062723c751e8b465ee728b) (PreviewImporter) -> (artifact id: '34622723015e787b5c6a90ccf8c188d9') in 0.0075772 seconds
Number of updated asset objects reloaded before import = 0Number of asset objects unloaded after import = 3

========================================================================
Received Import Request.
  Time since last request: 0.000016 seconds.
  path: Assets/kenney_platformer-pack-industrial/PNG/Default size/platformIndustrial_027.png
  artifactKey: Guid(732d6d7d336694341b82be93f9b38f85) Importer(815301076,1909f56bfc062723c751e8b465ee728b)
Start importing Assets/kenney_platformer-pack-industrial/PNG/Default size/platformIndustrial_027.png using Guid(732d6d7d336694341b82be93f9b38f85) Importer(815301076,1909f56bfc062723c751e8b465ee728b) (PreviewImporter) -> (artifact id: '45c7a16c73736d19e04d1d3cefe41b19') in 0.0194006 seconds
Number of updated asset objects reloaded before import = 0Number of asset objects unloaded after import = 3

========================================================================
Received Import Request.
  Time since last request: 0.000021 seconds.
  path: Assets/kenney_platformer-pack-industrial/PNG/Default size/platformIndustrial_039.png
  artifactKey: Guid(3ac1507b07fe7bd45aa6c533e76a7e56) Importer(815301076,1909f56bfc062723c751e8b465ee728b)
Start importing Assets/kenney_platformer-pack-industrial/PNG/Default size/platformIndustrial_039.png using Guid(3ac1507b07fe7bd45aa6c533e76a7e56) Importer(815301076,1909f56bfc062723c751e8b465ee728b) (PreviewImporter) -> (artifact id: '27cd854bdc7c6f8c2eef86d7c9520d84') in 0.0251317 seconds
Number of updated asset objects reloaded before import = 0Number of asset objects unloaded after import = 3

========================================================================
Received Import Request.
  Time since last request: 0.000023 seconds.
  path: Assets/kenney_platformer-pack-industrial/PNG/Default size/platformIndustrial_016.png
  artifactKey: Guid(c61773c245886974e8041e15ecb07c44) Importer(815301076,1909f56bfc062723c751e8b465ee728b)
Start importing Assets/kenney_platformer-pack-industrial/PNG/Default size/platformIndustrial_016.png using Guid(c61773c245886974e8041e15ecb07c44) Importer(815301076,1909f56bfc062723c751e8b465ee728b) (PreviewImporter) -> (artifact id: '6236bea67c2566e5e5e9dc984f919daa') in 0.0214008 seconds
Number of updated asset objects reloaded before import = 0Number of asset objects unloaded after import = 3

========================================================================
Received Import Request.
  Time since last request: 0.000019 seconds.
  path: Assets/kenney_platformer-pack-industrial/PNG/Default size/platformIndustrial_049.png
  artifactKey: Guid(9df664125dcc4a14c98ff44dc1aa8612) Importer(815301076,1909f56bfc062723c751e8b465ee728b)
Start importing Assets/kenney_platformer-pack-industrial/PNG/Default size/platformIndustrial_049.png using Guid(9df664125dcc4a14c98ff44dc1aa8612) Importer(815301076,1909f56bfc062723c751e8b465ee728b) (PreviewImporter) -> (artifact id: '53bb4b2e8b3b6f6c513fe35e12ec8fc5') in 0.0088104 seconds
Number of updated asset objects reloaded before import = 0Number of asset objects unloaded after import = 3

========================================================================
Received Import Request.
  Time since last request: 0.000030 seconds.
  path: Assets/kenney_platformer-pack-industrial/PNG/Default size/platformIndustrial_014.png
  artifactKey: Guid(def76c78f89392a479dd21bd1367cacc) Importer(815301076,1909f56bfc062723c751e8b465ee728b)
Start importing Assets/kenney_platformer-pack-industrial/PNG/Default size/platformIndustrial_014.png using Guid(def76c78f89392a479dd21bd1367cacc) Importer(815301076,1909f56bfc062723c751e8b465ee728b) (PreviewImporter) -> (artifact id: '093e687dc6219f4417a4d22a1d60b38f') in 0.0090688 seconds
Number of updated asset objects reloaded before import = 0Number of asset objects unloaded after import = 3

========================================================================
Received Import Request.
  Time since last request: 0.000016 seconds.
  path: Assets/kenney_platformer-pack-industrial/PNG/Default size/platformIndustrial_018.png
  artifactKey: Guid(fb1c7e1b4ade4a347ac4676b9989313c) Importer(815301076,1909f56bfc062723c751e8b465ee728b)
Start importing Assets/kenney_platformer-pack-industrial/PNG/Default size/platformIndustrial_018.png using Guid(fb1c7e1b4ade4a347ac4676b9989313c) Importer(815301076,1909f56bfc062723c751e8b465ee728b) (PreviewImporter) -> (artifact id: '90de71ee78eb8bf6e182074de1ae86bb') in 0.0198136 seconds
Number of updated asset objects reloaded before import = 0Number of asset objects unloaded after import = 3

========================================================================
Received Import Request.
  Time since last request: 0.000026 seconds.
  path: Assets/kenney_platformer-pack-industrial/PNG/Default size/platformIndustrial_051.png
  artifactKey: Guid(e6ada7c68501fc74e97e197a9baf746e) Importer(815301076,1909f56bfc062723c751e8b465ee728b)
Start importing Assets/kenney_platformer-pack-industrial/PNG/Default size/platformIndustrial_051.png using Guid(e6ada7c68501fc74e97e197a9baf746e) Importer(815301076,1909f56bfc062723c751e8b465ee728b) (PreviewImporter) -> (artifact id: '484af0f269128ebb3ea4b80753fc6a45') in 0.0159521 seconds
Number of updated asset objects reloaded before import = 0Number of asset objects unloaded after import = 3

========================================================================
Received Import Request.
  Time since last request: 0.000017 seconds.
  path: Assets/kenney_platformer-pack-industrial/PNG/Default size/platformIndustrial_028.png
  artifactKey: Guid(f77a583995dfca8428c92b5141b65de2) Importer(815301076,1909f56bfc062723c751e8b465ee728b)
Start importing Assets/kenney_platformer-pack-industrial/PNG/Default size/platformIndustrial_028.png using Guid(f77a583995dfca8428c92b5141b65de2) Importer(815301076,1909f56bfc062723c751e8b465ee728b) (PreviewImporter) -> (artifact id: '8f49ed00172b01b8bd044b220da1710e') in 0.0073929 seconds
Number of updated asset objects reloaded before import = 0Number of asset objects unloaded after import = 3

========================================================================
Received Import Request.
  Time since last request: 0.000024 seconds.
  path: Assets/kenney_platformer-pack-industrial/PNG/Default size/platformIndustrial_009.png
  artifactKey: Guid(f32a740f2f095f04ea4d38810e7f7039) Importer(815301076,1909f56bfc062723c751e8b465ee728b)
Start importing Assets/kenney_platformer-pack-industrial/PNG/Default size/platformIndustrial_009.png using Guid(f32a740f2f095f04ea4d38810e7f7039) Importer(815301076,1909f56bfc062723c751e8b465ee728b) (PreviewImporter) -> (artifact id: 'db904fc6a44007fa7963ab86c2744071') in 0.0183001 seconds
Number of updated asset objects reloaded before import = 0Number of asset objects unloaded after import = 3

========================================================================
Received Import Request.
  Time since last request: 0.000018 seconds.
  path: Assets/kenney_platformer-pack-industrial/PNG/Default size/platformIndustrial_044.png
  artifactKey: Guid(7b59e8a16e151a9489b6902b1ff6360e) Importer(815301076,1909f56bfc062723c751e8b465ee728b)
Start importing Assets/kenney_platformer-pack-industrial/PNG/Default size/platformIndustrial_044.png using Guid(7b59e8a16e151a9489b6902b1ff6360e) Importer(815301076,1909f56bfc062723c751e8b465ee728b) (PreviewImporter) -> (artifact id: '835c9f1f88eba4711aeb1c34fb19db2c') in 0.0225765 seconds
Number of updated asset objects reloaded before import = 0Number of asset objects unloaded after import = 3

========================================================================
Received Import Request.
  Time since last request: 0.000021 seconds.
  path: Assets/kenney_platformer-pack-industrial/PNG/Default size/platformIndustrial_037.png
  artifactKey: Guid(ecc717f128c6fbc4599ef9354309c593) Importer(815301076,1909f56bfc062723c751e8b465ee728b)
Start importing Assets/kenney_platformer-pack-industrial/PNG/Default size/platformIndustrial_037.png using Guid(ecc717f128c6fbc4599ef9354309c593) Importer(815301076,1909f56bfc062723c751e8b465ee728b) (PreviewImporter) -> (artifact id: '4b8c0410a3ad3209af9532c658a0d682') in 0.0248735 seconds
Number of updated asset objects reloaded before import = 0Number of asset objects unloaded after import = 3

Editor requested this worker to shutdown with reason: Scaling down because of idle timeout
AssetImportWorker is now disconnected from the server
Process exiting
Exiting without the bug reporter. Application will terminate with return code 0